#! /c/Source/iverilog-install/bin/vvp
:ivl_version "12.0 (devel)" "(s20150603-1539-g2693dd32b)";
:ivl_delay_selection "TYPICAL";
:vpi_time_precision - 12;
:vpi_module "C:\iverilog\lib\ivl\system.vpi";
:vpi_module "C:\iverilog\lib\ivl\vhdl_sys.vpi";
:vpi_module "C:\iverilog\lib\ivl\vhdl_textio.vpi";
:vpi_module "C:\iverilog\lib\ivl\v2005_math.vpi";
:vpi_module "C:\iverilog\lib\ivl\va_math.vpi";
S_0000016c37a04d60 .scope module, "cpu" "cpu" 2 7;
 .timescale -9 -12;
    .port_info 0 /INPUT 32 "INSTRUCTION";
    .port_info 1 /INPUT 1 "CLK";
    .port_info 2 /INPUT 1 "RESET";
    .port_info 3 /OUTPUT 32 "PC";
v0000016c37aa9ab0_0 .net "ALUOP", 2 0, v0000016c37aa62e0_0;  1 drivers
v0000016c37aa9790_0 .net "ALURESULT", 7 0, v0000016c37a2ca50_0;  1 drivers
v0000016c37aa93d0_0 .net "BRANCHMUXSELECT", 0 0, v0000016c37aa7be0_0;  1 drivers
v0000016c37aa9510_0 .net "BUSYWAIT", 0 0, v0000016c37aa7820_0;  1 drivers
o0000016c37a60148 .functor BUFZ 1, C4<z>; HiZ drive
v0000016c37aa96f0_0 .net "CLK", 0 0, o0000016c37a60148;  0 drivers
v0000016c37aa9b50_0 .net "CLKPAUSE", 0 0, v0000016c37aa6420_0;  1 drivers
v0000016c37aa9e70_0 .net "DATAFROMDM", 7 0, v0000016c37aa6d80_0;  1 drivers
o0000016c37a62038 .functor BUFZ 32, C4<zzzzzzzzzzzzzzzzzzzzzzzzzzzzzzzz>; HiZ drive
v0000016c37aaab20_0 .net "INSTRUCTION", 31 0, o0000016c37a62038;  0 drivers
v0000016c37aab2a0_0 .net "ISFORMDM", 0 0, v0000016c37aa7320_0;  1 drivers
v0000016c37aaaa80_0 .net "MUX1OUT", 7 0, L_0000016c37aaa800;  1 drivers
v0000016c37aaaee0_0 .net "MUX1SELECT", 0 0, v0000016c37aa7280_0;  1 drivers
v0000016c37aabca0_0 .net "MUX2OUT", 7 0, L_0000016c37af8510;  1 drivers
v0000016c37aab0c0_0 .net "MUX2SELECT", 0 0, v0000016c37aa71e0_0;  1 drivers
v0000016c37aaa120_0 .net "MUX3OUT", 7 0, L_0000016c37af8c90;  1 drivers
v0000016c37aaa8a0_0 .net "NEXTPCMUXSELECT", 0 0, v0000016c37aa76e0_0;  1 drivers
v0000016c37aaa1c0_0 .net "OPCODE", 7 0, L_0000016c37aabf20;  1 drivers
v0000016c37aaba20_0 .net "PC", 31 0, v0000016c37a3af80_0;  1 drivers
v0000016c37aabd40_0 .net "RD", 7 0, L_0000016c37aab520;  1 drivers
v0000016c37aaad00_0 .net "READFROMDM", 0 0, v0000016c37aa7500_0;  1 drivers
v0000016c37aaada0_0 .net "READREG1", 2 0, L_0000016c37aaa580;  1 drivers
v0000016c37aab200_0 .net "READREG2", 2 0, L_0000016c37aaa620;  1 drivers
v0000016c37aaabc0_0 .net "REGOUT1", 7 0, v0000016c37aa9830_0;  1 drivers
v0000016c37aaa940_0 .net "REGOUT2", 7 0, v0000016c37aa8f70_0;  1 drivers
v0000016c37aaa3a0_0 .net "REGOUT2_2SCOMP", 7 0, v0000016c37aa6380_0;  1 drivers
o0000016c37a60298 .functor BUFZ 1, C4<z>; HiZ drive
v0000016c37aaa300_0 .net "RESET", 0 0, o0000016c37a60298;  0 drivers
v0000016c37aaae40_0 .net "RS_IMM", 7 0, L_0000016c37aab660;  1 drivers
v0000016c37aabde0_0 .net "RT", 7 0, L_0000016c37aab5c0;  1 drivers
v0000016c37aabc00_0 .net "WRITEENABLE", 0 0, v0000016c37aa64c0_0;  1 drivers
v0000016c37aabe80_0 .net "WRITEREG", 2 0, L_0000016c37aaa6c0;  1 drivers
v0000016c37aab840_0 .net "WRITETODM", 0 0, v0000016c37aa7640_0;  1 drivers
v0000016c37aab7a0_0 .net "ZERO", 0 0, v0000016c37aa66a0_0;  1 drivers
v0000016c37aaa760_0 .net "mem_address", 5 0, v0000016c37aa6ec0_0;  1 drivers
v0000016c37aaac60_0 .net "mem_busywait", 0 0, v0000016c37aa8930_0;  1 drivers
v0000016c37aaaf80_0 .net "mem_read", 0 0, v0000016c37aa7000_0;  1 drivers
v0000016c37aab020_0 .net "mem_readdata", 31 0, v0000016c37aa9d30_0;  1 drivers
v0000016c37aabac0_0 .net "mem_write", 0 0, v0000016c37aa7140_0;  1 drivers
v0000016c37aab340_0 .net "mem_writedata", 31 0, v0000016c37aa75a0_0;  1 drivers
L_0000016c37aabf20 .part o0000016c37a62038, 24, 8;
L_0000016c37aab520 .part o0000016c37a62038, 16, 8;
L_0000016c37aab5c0 .part o0000016c37a62038, 8, 8;
L_0000016c37aab660 .part o0000016c37a62038, 0, 8;
L_0000016c37aaa580 .part L_0000016c37aab5c0, 0, 3;
L_0000016c37aaa620 .part L_0000016c37aab660, 0, 3;
L_0000016c37aaa6c0 .part L_0000016c37aab520, 0, 3;
L_0000016c37aaa800 .functor MUXZ 8, v0000016c37aa8f70_0, v0000016c37aa6380_0, v0000016c37aa7280_0, C4<>;
L_0000016c37af8510 .functor MUXZ 8, L_0000016c37aab660, L_0000016c37aaa800, v0000016c37aa71e0_0, C4<>;
L_0000016c37af8c90 .functor MUXZ 8, v0000016c37a2ca50_0, v0000016c37aa6d80_0, v0000016c37aa7320_0, C4<>;
S_0000016c379b12d0 .scope module, "addpc" "pcadder" 2 32, 3 2 0, S_0000016c37a04d60;
 .timescale -9 -12;
    .port_info 0 /OUTPUT 32 "PC";
    .port_info 1 /INPUT 1 "CLK";
    .port_info 2 /INPUT 1 "RESET";
    .port_info 3 /INPUT 8 "RD_OFFSET";
    .port_info 4 /INPUT 1 "BRANCH";
    .port_info 5 /INPUT 1 "JUMP";
    .port_info 6 /INPUT 1 "ZERO";
    .port_info 7 /INPUT 1 "CLKPAUSE";
    .port_info 8 /INPUT 1 "BUSYWAIT";
L_0000016c37a3e850 .functor AND 1, v0000016c37aa7be0_0, v0000016c37aa66a0_0, C4<1>, C4<1>;
v0000016c37a3a300_0 .net "BEQADDRESS", 31 0, L_0000016c37aaa260;  1 drivers
v0000016c37a39cc0_0 .net "BEQSELECT", 0 0, L_0000016c37a3e850;  1 drivers
v0000016c37a3ac60_0 .net "BRANCH", 0 0, v0000016c37aa7be0_0;  alias, 1 drivers
v0000016c37a3a4e0_0 .net "BUSYWAIT", 0 0, v0000016c37aa7820_0;  alias, 1 drivers
v0000016c37a3ada0_0 .net "CLK", 0 0, o0000016c37a60148;  alias, 0 drivers
v0000016c37a3aee0_0 .net "CLKPAUSE", 0 0, v0000016c37aa6420_0;  alias, 1 drivers
v0000016c37a394a0_0 .net "JUMP", 0 0, v0000016c37aa76e0_0;  alias, 1 drivers
v0000016c37a39b80_0 .net "NEXTPC", 31 0, L_0000016c37aab980;  1 drivers
v0000016c37a3af80_0 .var "PC", 31 0;
v0000016c37a3b0c0_0 .var "PCPLUS4", 31 0;
v0000016c37a3b160_0 .net/s "RD_OFFSET", 7 0, L_0000016c37aab520;  alias, 1 drivers
v0000016c37a3a580_0 .net "RESET", 0 0, o0000016c37a60298;  alias, 0 drivers
v0000016c37a3b2a0_0 .net/s "SHIFTLEFTADDRESS", 31 0, L_0000016c37aaa080;  1 drivers
v0000016c37a3b340_0 .var/s "SIGNEXTNDVALUE", 31 0;
v0000016c37a395e0_0 .net "ZERO", 0 0, v0000016c37aa66a0_0;  alias, 1 drivers
v0000016c37a39d60_0 .net *"_ivl_0", 31 0, L_0000016c37aab700;  1 drivers
v0000016c37a3a620_0 .net *"_ivl_2", 29 0, L_0000016c37aaa4e0;  1 drivers
L_0000016c37aac048 .functor BUFT 1, C4<00>, C4<0>, C4<0>, C4<0>;
v0000016c37a39720_0 .net *"_ivl_4", 1 0, L_0000016c37aac048;  1 drivers
E_0000016c37a31510 .event posedge, v0000016c37a3ada0_0;
E_0000016c37a317d0 .event anyedge, v0000016c37a3af80_0;
E_0000016c37a31890 .event anyedge, v0000016c37a3b160_0;
L_0000016c37aaa4e0 .part v0000016c37a3b340_0, 0, 30;
L_0000016c37aab700 .concat [ 2 30 0 0], L_0000016c37aac048, L_0000016c37aaa4e0;
L_0000016c37aaa080 .delay 32 (2000,2000,2000) L_0000016c37aaa080/d;
L_0000016c37aaa080/d .arith/sum 32, v0000016c37a3b0c0_0, L_0000016c37aab700;
L_0000016c37aaa260 .functor MUXZ 32, v0000016c37a3b0c0_0, L_0000016c37aaa080, L_0000016c37a3e850, C4<>;
L_0000016c37aab980 .functor MUXZ 32, L_0000016c37aaa260, L_0000016c37aaa080, v0000016c37aa76e0_0, C4<>;
S_0000016c379b1460 .scope module, "alu_cpu" "alu" 2 70, 4 74 0, S_0000016c37a04d60;
 .timescale -9 -12;
    .port_info 0 /INPUT 8 "DATA1";
    .port_info 1 /INPUT 8 "DATA2";
    .port_info 2 /INPUT 3 "SELECT";
    .port_info 3 /OUTPUT 8 "RESULT";
    .port_info 4 /OUTPUT 1 "ZERO";
v0000016c37aa73c0_0 .net/s "DATA1", 7 0, v0000016c37aa9830_0;  alias, 1 drivers
v0000016c37aa61a0_0 .net/s "DATA2", 7 0, L_0000016c37af8510;  alias, 1 drivers
v0000016c37aa6060_0 .net/s "RESULT", 7 0, v0000016c37a2ca50_0;  alias, 1 drivers
v0000016c37aa6ce0_0 .net "SELECT", 2 0, v0000016c37aa62e0_0;  alias, 1 drivers
v0000016c37aa66a0_0 .var "ZERO", 0 0;
v0000016c37aa6a60_0 .net "tempResult1", 7 0, v0000016c37a39fe0_0;  1 drivers
v0000016c37aa6560_0 .net "tempResult2", 7 0, v0000016c37a39ea0_0;  1 drivers
v0000016c37aa6100_0 .net "tempResult3", 7 0, v0000016c37a39c20_0;  1 drivers
v0000016c37aa7b40_0 .net "tempResult4", 7 0, v0000016c37aa7a00_0;  1 drivers
E_0000016c37a321d0 .event anyedge, v0000016c37a2ca50_0;
S_0000016c379a6fd0 .scope module, "addVal" "addFunct" 4 81, 4 16 0, S_0000016c379b1460;
 .timescale -9 -12;
    .port_info 0 /INPUT 8 "DATA1";
    .port_info 1 /INPUT 8 "DATA2";
    .port_info 2 /OUTPUT 8 "tempResult";
v0000016c37a39900_0 .net/s "DATA1", 7 0, v0000016c37aa9830_0;  alias, 1 drivers
v0000016c37a399a0_0 .net/s "DATA2", 7 0, L_0000016c37af8510;  alias, 1 drivers
v0000016c37a39ea0_0 .var/s "tempResult", 7 0;
E_0000016c37a33d90 .event anyedge, v0000016c37a399a0_0, v0000016c37a39900_0;
S_0000016c379a7160 .scope module, "andVal" "andFunct" 4 82, 4 25 0, S_0000016c379b1460;
 .timescale -9 -12;
    .port_info 0 /INPUT 8 "DATA1";
    .port_info 1 /INPUT 8 "DATA2";
    .port_info 2 /OUTPUT 8 "tempResult";
v0000016c37a3a8a0_0 .net/s "DATA1", 7 0, v0000016c37aa9830_0;  alias, 1 drivers
v0000016c37a39a40_0 .net/s "DATA2", 7 0, L_0000016c37af8510;  alias, 1 drivers
v0000016c37a39c20_0 .var/s "tempResult", 7 0;
S_0000016c379a85a0 .scope module, "forwardVal" "forwardFunct" 4 80, 4 4 0, S_0000016c379b1460;
 .timescale -9 -12;
    .port_info 0 /INPUT 8 "DATA2";
    .port_info 1 /OUTPUT 8 "tempResult";
v0000016c37a39f40_0 .net/s "DATA2", 7 0, L_0000016c37af8510;  alias, 1 drivers
v0000016c37a39fe0_0 .var/s "tempResult", 7 0;
E_0000016c37a334d0 .event anyedge, v0000016c37a399a0_0;
S_0000016c379a8730 .scope module, "mux" "multiplexer" 4 84, 4 47 0, S_0000016c379b1460;
 .timescale -9 -12;
    .port_info 0 /INPUT 8 "tempResult1";
    .port_info 1 /INPUT 8 "tempResult2";
    .port_info 2 /INPUT 8 "tempResult3";
    .port_info 3 /INPUT 8 "tempResult4";
    .port_info 4 /INPUT 3 "SELECT";
    .port_info 5 /OUTPUT 8 "RESULT";
v0000016c37a2ca50_0 .var/s "RESULT", 7 0;
v0000016c37a2ceb0_0 .net "SELECT", 2 0, v0000016c37aa62e0_0;  alias, 1 drivers
v0000016c37a2ccd0_0 .net/s "tempResult1", 7 0, v0000016c37a39fe0_0;  alias, 1 drivers
v0000016c37a2c730_0 .net/s "tempResult2", 7 0, v0000016c37a39ea0_0;  alias, 1 drivers
v0000016c37aa7dc0_0 .net/s "tempResult3", 7 0, v0000016c37a39c20_0;  alias, 1 drivers
v0000016c37aa6b00_0 .net/s "tempResult4", 7 0, v0000016c37aa7a00_0;  alias, 1 drivers
E_0000016c37a33b90/0 .event anyedge, v0000016c37a2ceb0_0, v0000016c37aa6b00_0, v0000016c37a39c20_0, v0000016c37a39ea0_0;
E_0000016c37a33b90/1 .event anyedge, v0000016c37a39fe0_0;
E_0000016c37a33b90 .event/or E_0000016c37a33b90/0, E_0000016c37a33b90/1;
S_0000016c379729c0 .scope module, "orVal" "orFunct" 4 83, 4 35 0, S_0000016c379b1460;
 .timescale -9 -12;
    .port_info 0 /INPUT 8 "DATA1";
    .port_info 1 /INPUT 8 "DATA2";
    .port_info 2 /OUTPUT 8 "tempResult";
v0000016c37aa7960_0 .net/s "DATA1", 7 0, v0000016c37aa9830_0;  alias, 1 drivers
v0000016c37aa7aa0_0 .net/s "DATA2", 7 0, L_0000016c37af8510;  alias, 1 drivers
v0000016c37aa7a00_0 .var/s "tempResult", 7 0;
S_0000016c37972b50 .scope module, "complement" "twoScomp" 2 58, 2 248 0, S_0000016c37a04d60;
 .timescale -9 -12;
    .port_info 0 /OUTPUT 8 "REGOUT2_2SCOMP";
    .port_info 1 /INPUT 8 "REGOUT2";
v0000016c37aa6240_0 .net "REGOUT2", 7 0, v0000016c37aa8f70_0;  alias, 1 drivers
v0000016c37aa6380_0 .var/s "REGOUT2_2SCOMP", 7 0;
E_0000016c37a33e10 .event anyedge, v0000016c37aa6240_0;
S_0000016c379c0230 .scope module, "cpu_control" "control_unit" 2 39, 2 85 0, S_0000016c37a04d60;
 .timescale -9 -12;
    .port_info 0 /INPUT 8 "OPCODE";
    .port_info 1 /INPUT 1 "BUSYWAIT";
    .port_info 2 /OUTPUT 3 "ALUOP";
    .port_info 3 /OUTPUT 1 "MUX1SELECT";
    .port_info 4 /OUTPUT 1 "MUX2SELECT";
    .port_info 5 /OUTPUT 1 "WRITEENABLE";
    .port_info 6 /OUTPUT 1 "BRANCHMUXSELECT";
    .port_info 7 /OUTPUT 1 "NEXTPCMUXSELECT";
    .port_info 8 /OUTPUT 1 "READFROMDM";
    .port_info 9 /OUTPUT 1 "WRITETODM";
    .port_info 10 /OUTPUT 1 "CLKPAUSE";
    .port_info 11 /OUTPUT 1 "ISFORMDM";
v0000016c37aa62e0_0 .var "ALUOP", 2 0;
v0000016c37aa7be0_0 .var "BRANCHMUXSELECT", 0 0;
v0000016c37aa78c0_0 .net "BUSYWAIT", 0 0, v0000016c37aa7820_0;  alias, 1 drivers
v0000016c37aa6420_0 .var "CLKPAUSE", 0 0;
v0000016c37aa7320_0 .var "ISFORMDM", 0 0;
v0000016c37aa7280_0 .var "MUX1SELECT", 0 0;
v0000016c37aa71e0_0 .var "MUX2SELECT", 0 0;
v0000016c37aa76e0_0 .var "NEXTPCMUXSELECT", 0 0;
v0000016c37aa7460_0 .net "OPCODE", 7 0, L_0000016c37aabf20;  alias, 1 drivers
v0000016c37aa7500_0 .var "READFROMDM", 0 0;
v0000016c37aa64c0_0 .var "WRITEENABLE", 0 0;
v0000016c37aa7640_0 .var "WRITETODM", 0 0;
E_0000016c37a33b10 .event anyedge, v0000016c37aa7460_0;
E_0000016c37a33510 .event anyedge, v0000016c37a3a4e0_0;
S_0000016c379c03c0 .scope module, "dcache_cpu" "dcache" 2 76, 5 11 0, S_0000016c37a04d60;
 .timescale -9 -12;
    .port_info 0 /OUTPUT 1 "busywait";
    .port_info 1 /INPUT 1 "read";
    .port_info 2 /INPUT 1 "write";
    .port_info 3 /INPUT 8 "WRITEDATACPU";
    .port_info 4 /OUTPUT 8 "READDATACPU";
    .port_info 5 /INPUT 8 "ADDRESSCPU";
    .port_info 6 /INPUT 32 "pc";
    .port_info 7 /INPUT 1 "reset";
    .port_info 8 /INPUT 1 "clk";
    .port_info 9 /INPUT 1 "mem_busywait";
    .port_info 10 /OUTPUT 1 "mem_read";
    .port_info 11 /OUTPUT 1 "mem_write";
    .port_info 12 /OUTPUT 32 "mem_writedata";
    .port_info 13 /INPUT 32 "mem_readdata";
    .port_info 14 /OUTPUT 6 "mem_address";
P_0000016c379f1ec0 .param/l "IDLE" 0 5 125, C4<000>;
P_0000016c379f1ef8 .param/l "MEM_READ" 0 5 125, C4<001>;
P_0000016c379f1f30 .param/l "WRITE_BACK" 0 5 125, C4<010>;
v0000016c37aa7780_0 .net "ADDRESSCPU", 7 0, v0000016c37a2ca50_0;  alias, 1 drivers
v0000016c37aa6d80_0 .var "READDATACPU", 7 0;
v0000016c37aa6e20_0 .net "WRITEDATACPU", 7 0, v0000016c37aa9830_0;  alias, 1 drivers
v0000016c37aa6600_0 .net *"_ivl_10", 4 0, L_0000016c37af83d0;  1 drivers
L_0000016c37aac090 .functor BUFT 1, C4<00>, C4<0>, C4<0>, C4<0>;
v0000016c37aa6c40_0 .net *"_ivl_13", 1 0, L_0000016c37aac090;  1 drivers
v0000016c37aa7e60_0 .net *"_ivl_8", 37 0, L_0000016c37af8970;  1 drivers
v0000016c37aa6740_0 .net "block_offset", 1 0, L_0000016c37af9af0;  1 drivers
v0000016c37aa7820_0 .var "busywait", 0 0;
v0000016c37aa7c80 .array "cache_array", 0 7, 37 0;
v0000016c37aa67e0_0 .net "clk", 0 0, o0000016c37a60148;  alias, 0 drivers
v0000016c37aa6ba0_0 .var "datarow", 37 0;
v0000016c37aa6880_0 .var "dirty", 0 0;
v0000016c37aa7f00_0 .var "hit", 0 0;
v0000016c37aa7d20_0 .net "index", 2 0, L_0000016c37af85b0;  1 drivers
v0000016c37aa6920_0 .var "istag", 2 0;
v0000016c37aa69c0_0 .var/i "j", 31 0;
v0000016c37aa6ec0_0 .var "mem_address", 5 0;
v0000016c37aa6f60_0 .net "mem_busywait", 0 0, v0000016c37aa8930_0;  alias, 1 drivers
v0000016c37aa7000_0 .var "mem_read", 0 0;
v0000016c37aa70a0_0 .net "mem_readdata", 31 0, v0000016c37aa9d30_0;  alias, 1 drivers
v0000016c37aa7140_0 .var "mem_write", 0 0;
v0000016c37aa75a0_0 .var "mem_writedata", 31 0;
v0000016c37aa8570_0 .var "next_state", 2 0;
v0000016c37aa81b0_0 .net "pc", 31 0, v0000016c37a3af80_0;  alias, 1 drivers
v0000016c37aa84d0_0 .net "read", 0 0, v0000016c37aa7500_0;  alias, 1 drivers
v0000016c37aa8ed0_0 .net "reset", 0 0, o0000016c37a60298;  alias, 0 drivers
v0000016c37aa89d0_0 .var "state", 2 0;
v0000016c37aa9f10_0 .net "tag", 7 5, L_0000016c37af9eb0;  1 drivers
v0000016c37aa98d0_0 .var "tempData", 31 0;
v0000016c37aa8390_0 .var "valid", 0 0;
v0000016c37aa8250_0 .net "write", 0 0, v0000016c37aa7640_0;  alias, 1 drivers
E_0000016c37a335d0/0 .event anyedge, v0000016c37a3a580_0;
E_0000016c37a335d0/1 .event posedge, v0000016c37a3ada0_0;
E_0000016c37a335d0 .event/or E_0000016c37a335d0/0, E_0000016c37a335d0/1;
E_0000016c37a33e50/0 .event anyedge, v0000016c37aa89d0_0, v0000016c37aa9f10_0, v0000016c37aa7d20_0, v0000016c37aa6f60_0;
v0000016c37aa7c80_0 .array/port v0000016c37aa7c80, 0;
v0000016c37aa7c80_1 .array/port v0000016c37aa7c80, 1;
v0000016c37aa7c80_2 .array/port v0000016c37aa7c80, 2;
E_0000016c37a33e50/1 .event anyedge, v0000016c37aa70a0_0, v0000016c37aa7c80_0, v0000016c37aa7c80_1, v0000016c37aa7c80_2;
v0000016c37aa7c80_3 .array/port v0000016c37aa7c80, 3;
v0000016c37aa7c80_4 .array/port v0000016c37aa7c80, 4;
v0000016c37aa7c80_5 .array/port v0000016c37aa7c80, 5;
v0000016c37aa7c80_6 .array/port v0000016c37aa7c80, 6;
E_0000016c37a33e50/2 .event anyedge, v0000016c37aa7c80_3, v0000016c37aa7c80_4, v0000016c37aa7c80_5, v0000016c37aa7c80_6;
v0000016c37aa7c80_7 .array/port v0000016c37aa7c80, 7;
E_0000016c37a33e50/3 .event anyedge, v0000016c37aa7c80_7;
E_0000016c37a33e50 .event/or E_0000016c37a33e50/0, E_0000016c37a33e50/1, E_0000016c37a33e50/2, E_0000016c37a33e50/3;
E_0000016c37a33e90/0 .event anyedge, v0000016c37aa89d0_0, v0000016c37aa7500_0, v0000016c37aa7640_0, v0000016c37aa6880_0;
E_0000016c37a33e90/1 .event anyedge, v0000016c37aa7f00_0, v0000016c37aa6f60_0;
E_0000016c37a33e90 .event/or E_0000016c37a33e90/0, E_0000016c37a33e90/1;
E_0000016c37a33650 .event anyedge, v0000016c37aa7f00_0, v0000016c37aa7500_0, v0000016c37aa7640_0;
E_0000016c37a34e50 .event anyedge, v0000016c37aa7640_0, v0000016c37aa7500_0;
E_0000016c37a34410/0 .event anyedge, v0000016c37aa7f00_0, v0000016c37aa7500_0, v0000016c37aa7640_0, v0000016c37aa6740_0;
E_0000016c37a34410/1 .event anyedge, v0000016c37aa98d0_0;
E_0000016c37a34410 .event/or E_0000016c37a34410/0, E_0000016c37a34410/1;
E_0000016c37a34710 .event anyedge, v0000016c37aa7500_0, v0000016c37aa6ba0_0;
E_0000016c37a34810 .event anyedge, v0000016c37aa6ba0_0, v0000016c37aa9f10_0, v0000016c37aa8390_0;
E_0000016c37a34dd0/0 .event anyedge, L_0000016c37af8970;
E_0000016c37a34dd0/1 .event posedge, v0000016c37a2ca50_0;
E_0000016c37a34dd0 .event/or E_0000016c37a34dd0/0, E_0000016c37a34dd0/1;
L_0000016c37af85b0 .part v0000016c37a2ca50_0, 2, 3;
L_0000016c37af9af0 .part v0000016c37a2ca50_0, 0, 2;
L_0000016c37af9eb0 .part v0000016c37a2ca50_0, 5, 3;
L_0000016c37af8970 .array/port v0000016c37aa7c80, L_0000016c37af83d0;
L_0000016c37af83d0 .concat [ 3 2 0 0], L_0000016c37af85b0, L_0000016c37aac090;
S_0000016c379da150 .scope module, "dm2" "data_memory" 2 79, 6 2 0, S_0000016c37a04d60;
 .timescale -9 -12;
    .port_info 0 /INPUT 1 "clock";
    .port_info 1 /INPUT 1 "reset";
    .port_info 2 /INPUT 1 "read";
    .port_info 3 /INPUT 1 "write";
    .port_info 4 /INPUT 6 "address";
    .port_info 5 /INPUT 32 "writedata";
    .port_info 6 /OUTPUT 32 "readdata";
    .port_info 7 /OUTPUT 1 "busywait";
v0000016c37aa8610_0 .var *"_ivl_10", 7 0; Local signal
v0000016c37aa9dd0_0 .var *"_ivl_11", 7 0; Local signal
v0000016c37aa8a70_0 .var *"_ivl_4", 7 0; Local signal
v0000016c37aa9970_0 .var *"_ivl_5", 7 0; Local signal
v0000016c37aa9470_0 .var *"_ivl_6", 7 0; Local signal
v0000016c37aa9c90_0 .var *"_ivl_7", 7 0; Local signal
v0000016c37aa8cf0_0 .var *"_ivl_8", 7 0; Local signal
v0000016c37aa8b10_0 .var *"_ivl_9", 7 0; Local signal
v0000016c37aa82f0_0 .net "address", 5 0, v0000016c37aa6ec0_0;  alias, 1 drivers
v0000016c37aa8930_0 .var "busywait", 0 0;
v0000016c37aa8430_0 .net "clock", 0 0, o0000016c37a60148;  alias, 0 drivers
v0000016c37aa8070_0 .var/i "i", 31 0;
v0000016c37aa8d90 .array "memory_array", 0 255, 7 0;
v0000016c37aa86b0_0 .net "read", 0 0, v0000016c37aa7000_0;  alias, 1 drivers
v0000016c37aa8750_0 .var "readaccess", 0 0;
v0000016c37aa9d30_0 .var "readdata", 31 0;
v0000016c37aa8bb0_0 .net "reset", 0 0, o0000016c37a60298;  alias, 0 drivers
v0000016c37aa9bf0_0 .net "write", 0 0, v0000016c37aa7140_0;  alias, 1 drivers
v0000016c37aa90b0_0 .var "writeaccess", 0 0;
v0000016c37aa8110_0 .net "writedata", 31 0, v0000016c37aa75a0_0;  alias, 1 drivers
E_0000016c37a35050 .event posedge, v0000016c37a3a580_0;
E_0000016c37a34e10 .event anyedge, v0000016c37aa6ec0_0, v0000016c37aa7140_0, v0000016c37aa7000_0;
S_0000016c379da2e0 .scope module, "reg_8x8" "reg_file" 2 53, 7 2 0, S_0000016c37a04d60;
 .timescale -9 -12;
    .port_info 0 /INPUT 8 "IN";
    .port_info 1 /OUTPUT 8 "OUT1";
    .port_info 2 /OUTPUT 8 "OUT2";
    .port_info 3 /INPUT 3 "INADDR";
    .port_info 4 /INPUT 3 "OUT1ADD";
    .port_info 5 /INPUT 3 "OUT2ADD";
    .port_info 6 /INPUT 1 "WRITEEN";
    .port_info 7 /INPUT 1 "CLK";
    .port_info 8 /INPUT 1 "RESET";
    .port_info 9 /INPUT 1 "BUSYWAIT";
L_0000016c37a3ee00 .functor NOT 1, v0000016c37aa7820_0, C4<0>, C4<0>, C4<0>;
L_0000016c37a3efc0 .functor AND 1, o0000016c37a60148, L_0000016c37a3ee00, C4<1>, C4<1>;
v0000016c37aa9a10_0 .net "BUSYWAIT", 0 0, v0000016c37aa7820_0;  alias, 1 drivers
v0000016c37aa8c50_0 .net "CLK", 0 0, o0000016c37a60148;  alias, 0 drivers
v0000016c37aa8e30_0 .net "IN", 7 0, L_0000016c37af8c90;  alias, 1 drivers
v0000016c37aa87f0_0 .net "INADDR", 2 0, L_0000016c37aaa6c0;  alias, 1 drivers
v0000016c37aa9830_0 .var "OUT1", 7 0;
v0000016c37aa95b0_0 .net "OUT1ADD", 2 0, L_0000016c37aaa580;  alias, 1 drivers
v0000016c37aa8f70_0 .var "OUT2", 7 0;
v0000016c37aa8890_0 .net "OUT2ADD", 2 0, L_0000016c37aaa620;  alias, 1 drivers
v0000016c37aa9010_0 .net "RESET", 0 0, o0000016c37a60298;  alias, 0 drivers
v0000016c37aa9150_0 .net "WRITEEN", 0 0, v0000016c37aa64c0_0;  alias, 1 drivers
v0000016c37aa91f0_0 .net *"_ivl_3", 0 0, L_0000016c37a3ee00;  1 drivers
v0000016c37aa9650_0 .net *"_ivl_6", 0 0, L_0000016c37a3efc0;  1 drivers
v0000016c37aa9290_0 .var/i "k", 31 0;
v0000016c37aa9330 .array "regArr", 0 7, 7 0;
E_0000016c37a35090 .event posedge, L_0000016c37a3efc0;
v0000016c37aa9330_0 .array/port v0000016c37aa9330, 0;
v0000016c37aa9330_1 .array/port v0000016c37aa9330, 1;
v0000016c37aa9330_2 .array/port v0000016c37aa9330, 2;
E_0000016c37a34910/0 .event anyedge, v0000016c37aa95b0_0, v0000016c37aa9330_0, v0000016c37aa9330_1, v0000016c37aa9330_2;
v0000016c37aa9330_3 .array/port v0000016c37aa9330, 3;
v0000016c37aa9330_4 .array/port v0000016c37aa9330, 4;
v0000016c37aa9330_5 .array/port v0000016c37aa9330, 5;
v0000016c37aa9330_6 .array/port v0000016c37aa9330, 6;
E_0000016c37a34910/1 .event anyedge, v0000016c37aa9330_3, v0000016c37aa9330_4, v0000016c37aa9330_5, v0000016c37aa9330_6;
v0000016c37aa9330_7 .array/port v0000016c37aa9330, 7;
E_0000016c37a34910/2 .event anyedge, v0000016c37aa9330_7, v0000016c37aa8890_0;
E_0000016c37a34910 .event/or E_0000016c37a34910/0, E_0000016c37a34910/1, E_0000016c37a34910/2;
S_0000016c37a04ef0 .scope module, "jumpAlu" "jumpAlu" 2 286;
 .timescale -9 -12;
    .port_info 0 /INPUT 32 "PCPLUS4";
    .port_info 1 /INPUT 32 "SIGN_EXTEND_VALUE";
    .port_info 2 /OUTPUT 32 "JUMPADDRESS";
v0000016c37aab160_0 .var "JUMPADDRESS", 31 0;
o0000016c37a621e8 .functor BUFZ 32, C4<zzzzzzzzzzzzzzzzzzzzzzzzzzzzzzzz>; HiZ drive
v0000016c37aabb60_0 .net "PCPLUS4", 31 0, o0000016c37a621e8;  0 drivers
o0000016c37a62218 .functor BUFZ 32, C4<zzzzzzzzzzzzzzzzzzzzzzzzzzzzzzzz>; HiZ drive
v0000016c37aaa440_0 .net "SIGN_EXTEND_VALUE", 31 0, o0000016c37a62218;  0 drivers
E_0000016c37a34610 .event anyedge, v0000016c37aaa440_0;
S_0000016c37a071f0 .scope module, "shiftLeft" "shiftLeft" 2 277;
 .timescale -9 -12;
    .port_info 0 /INPUT 32 "input32bit";
    .port_info 1 /OUTPUT 32 "leftshiftoutput";
o0000016c37a622d8 .functor BUFZ 32, C4<zzzzzzzzzzzzzzzzzzzzzzzzzzzzzzzz>; HiZ drive
v0000016c37aab8e0_0 .net "input32bit", 31 0, o0000016c37a622d8;  0 drivers
v0000016c37aaa9e0_0 .var "leftshiftoutput", 31 0;
E_0000016c37a34190 .event anyedge, v0000016c37aab8e0_0;
S_0000016c37a07380 .scope module, "signExtend" "signExtend" 2 260;
 .timescale -9 -12;
    .port_info 0 /INPUT 8 "input8bit";
    .port_info 1 /OUTPUT 32 "output32bit";
o0000016c37a62398 .functor BUFZ 8, C4<zzzzzzzz>; HiZ drive
v0000016c37aab3e0_0 .net "input8bit", 7 0, o0000016c37a62398;  0 drivers
v0000016c37aab480_0 .var "output32bit", 31 0;
E_0000016c37a34f50 .event anyedge, v0000016c37aab3e0_0;
    .scope S_0000016c379b12d0;
T_0 ;
    %wait E_0000016c37a31890;
    %load/vec4 v0000016c37a3b160_0;
    %parti/s 1, 7, 4;
    %cmpi/e 0, 0, 1;
    %jmp/0xz  T_0.0, 4;
    %pushi/vec4 0, 0, 24;
    %load/vec4 v0000016c37a3b160_0;
    %concat/vec4; draw_concat_vec4
    %assign/vec4 v0000016c37a3b340_0, 0;
    %jmp T_0.1;
T_0.0 ;
    %load/vec4 v0000016c37a3b160_0;
    %parti/s 1, 7, 4;
    %cmpi/e 1, 0, 1;
    %jmp/0xz  T_0.2, 4;
    %pushi/vec4 16777215, 0, 24;
    %load/vec4 v0000016c37a3b160_0;
    %concat/vec4; draw_concat_vec4
    %assign/vec4 v0000016c37a3b340_0, 0;
T_0.2 ;
T_0.1 ;
    %jmp T_0;
    .thread T_0, $push;
    .scope S_0000016c379b12d0;
T_1 ;
    %wait E_0000016c37a317d0;
    %delay 1000, 0;
    %load/vec4 v0000016c37a3af80_0;
    %addi 4, 0, 32;
    %assign/vec4 v0000016c37a3b0c0_0, 0;
    %jmp T_1;
    .thread T_1, $push;
    .scope S_0000016c379b12d0;
T_2 ;
    %wait E_0000016c37a31510;
    %load/vec4 v0000016c37a3a580_0;
    %flag_set/vec4 8;
    %jmp/0xz  T_2.0, 8;
    %pushi/vec4 0, 0, 32;
    %assign/vec4 v0000016c37a3af80_0, 1000;
    %jmp T_2.1;
T_2.0 ;
    %load/vec4 v0000016c37a3a4e0_0;
    %inv;
    %flag_set/vec4 8;
    %jmp/0xz  T_2.2, 8;
    %load/vec4 v0000016c37a39b80_0;
    %assign/vec4 v0000016c37a3af80_0, 1000;
T_2.2 ;
T_2.1 ;
    %jmp T_2;
    .thread T_2;
    .scope S_0000016c379c0230;
T_3 ;
    %wait E_0000016c37a33510;
    %load/vec4 v0000016c37aa78c0_0;
    %assign/vec4 v0000016c37aa6420_0, 0;
    %jmp T_3;
    .thread T_3, $push;
    .scope S_0000016c379c0230;
T_4 ;
    %wait E_0000016c37a33b10;
    %load/vec4 v0000016c37aa7460_0;
    %dup/vec4;
    %pushi/vec4 2, 0, 8;
    %cmp/u;
    %jmp/1 T_4.0, 6;
    %dup/vec4;
    %pushi/vec4 3, 0, 8;
    %cmp/u;
    %jmp/1 T_4.1, 6;
    %dup/vec4;
    %pushi/vec4 4, 0, 8;
    %cmp/u;
    %jmp/1 T_4.2, 6;
    %dup/vec4;
    %pushi/vec4 5, 0, 8;
    %cmp/u;
    %jmp/1 T_4.3, 6;
    %dup/vec4;
    %pushi/vec4 1, 0, 8;
    %cmp/u;
    %jmp/1 T_4.4, 6;
    %dup/vec4;
    %pushi/vec4 0, 0, 8;
    %cmp/u;
    %jmp/1 T_4.5, 6;
    %dup/vec4;
    %pushi/vec4 7, 0, 8;
    %cmp/u;
    %jmp/1 T_4.6, 6;
    %dup/vec4;
    %pushi/vec4 6, 0, 8;
    %cmp/u;
    %jmp/1 T_4.7, 6;
    %dup/vec4;
    %pushi/vec4 8, 0, 8;
    %cmp/u;
    %jmp/1 T_4.8, 6;
    %dup/vec4;
    %pushi/vec4 9, 0, 8;
    %cmp/u;
    %jmp/1 T_4.9, 6;
    %dup/vec4;
    %pushi/vec4 10, 0, 8;
    %cmp/u;
    %jmp/1 T_4.10, 6;
    %dup/vec4;
    %pushi/vec4 11, 0, 8;
    %cmp/u;
    %jmp/1 T_4.11, 6;
    %jmp T_4.12;
T_4.0 ;
    %pushi/vec4 1, 0, 3;
    %assign/vec4 v0000016c37aa62e0_0, 1000;
    %pushi/vec4 0, 0, 1;
    %assign/vec4 v0000016c37aa7280_0, 1000;
    %pushi/vec4 1, 0, 1;
    %assign/vec4 v0000016c37aa71e0_0, 1000;
    %pushi/vec4 1, 0, 1;
    %assign/vec4 v0000016c37aa64c0_0, 1000;
    %pushi/vec4 0, 0, 1;
    %assign/vec4 v0000016c37aa7be0_0, 1000;
    %pushi/vec4 0, 0, 1;
    %assign/vec4 v0000016c37aa76e0_0, 1000;
    %pushi/vec4 0, 0, 1;
    %assign/vec4 v0000016c37aa7500_0, 1000;
    %pushi/vec4 0, 0, 1;
    %assign/vec4 v0000016c37aa7640_0, 1000;
    %pushi/vec4 0, 0, 1;
    %assign/vec4 v0000016c37aa7320_0, 1000;
    %jmp T_4.12;
T_4.1 ;
    %pushi/vec4 1, 0, 3;
    %assign/vec4 v0000016c37aa62e0_0, 1000;
    %pushi/vec4 1, 0, 1;
    %assign/vec4 v0000016c37aa7280_0, 0;
    %pushi/vec4 1, 0, 1;
    %assign/vec4 v0000016c37aa71e0_0, 1000;
    %pushi/vec4 1, 0, 1;
    %assign/vec4 v0000016c37aa64c0_0, 1000;
    %pushi/vec4 0, 0, 1;
    %assign/vec4 v0000016c37aa7be0_0, 1000;
    %pushi/vec4 0, 0, 1;
    %assign/vec4 v0000016c37aa76e0_0, 1000;
    %pushi/vec4 0, 0, 1;
    %assign/vec4 v0000016c37aa7500_0, 1000;
    %pushi/vec4 0, 0, 1;
    %assign/vec4 v0000016c37aa7640_0, 1000;
    %pushi/vec4 0, 0, 1;
    %assign/vec4 v0000016c37aa7320_0, 1000;
    %jmp T_4.12;
T_4.2 ;
    %pushi/vec4 2, 0, 3;
    %assign/vec4 v0000016c37aa62e0_0, 1000;
    %pushi/vec4 0, 0, 1;
    %assign/vec4 v0000016c37aa7280_0, 0;
    %pushi/vec4 1, 0, 1;
    %assign/vec4 v0000016c37aa71e0_0, 1000;
    %pushi/vec4 1, 0, 1;
    %assign/vec4 v0000016c37aa64c0_0, 1000;
    %pushi/vec4 0, 0, 1;
    %assign/vec4 v0000016c37aa7be0_0, 1000;
    %pushi/vec4 0, 0, 1;
    %assign/vec4 v0000016c37aa76e0_0, 1000;
    %pushi/vec4 0, 0, 1;
    %assign/vec4 v0000016c37aa7320_0, 1000;
    %jmp T_4.12;
T_4.3 ;
    %pushi/vec4 3, 0, 3;
    %assign/vec4 v0000016c37aa62e0_0, 1000;
    %pushi/vec4 0, 0, 1;
    %assign/vec4 v0000016c37aa7280_0, 0;
    %pushi/vec4 1, 0, 1;
    %assign/vec4 v0000016c37aa71e0_0, 1000;
    %pushi/vec4 1, 0, 1;
    %assign/vec4 v0000016c37aa64c0_0, 1000;
    %pushi/vec4 0, 0, 1;
    %assign/vec4 v0000016c37aa7be0_0, 1000;
    %pushi/vec4 0, 0, 1;
    %assign/vec4 v0000016c37aa76e0_0, 1000;
    %pushi/vec4 0, 0, 1;
    %assign/vec4 v0000016c37aa7500_0, 1000;
    %pushi/vec4 0, 0, 1;
    %assign/vec4 v0000016c37aa7640_0, 1000;
    %pushi/vec4 0, 0, 1;
    %assign/vec4 v0000016c37aa7320_0, 1000;
    %jmp T_4.12;
T_4.4 ;
    %pushi/vec4 0, 0, 3;
    %assign/vec4 v0000016c37aa62e0_0, 1000;
    %pushi/vec4 0, 0, 1;
    %assign/vec4 v0000016c37aa7280_0, 0;
    %pushi/vec4 1, 0, 1;
    %assign/vec4 v0000016c37aa71e0_0, 1000;
    %pushi/vec4 1, 0, 1;
    %assign/vec4 v0000016c37aa64c0_0, 1000;
    %pushi/vec4 0, 0, 1;
    %assign/vec4 v0000016c37aa7be0_0, 1000;
    %pushi/vec4 0, 0, 1;
    %assign/vec4 v0000016c37aa76e0_0, 1000;
    %pushi/vec4 0, 0, 1;
    %assign/vec4 v0000016c37aa7500_0, 1000;
    %pushi/vec4 0, 0, 1;
    %assign/vec4 v0000016c37aa7640_0, 1000;
    %pushi/vec4 0, 0, 1;
    %assign/vec4 v0000016c37aa7320_0, 1000;
    %jmp T_4.12;
T_4.5 ;
    %pushi/vec4 0, 0, 3;
    %assign/vec4 v0000016c37aa62e0_0, 1000;
    %pushi/vec4 0, 0, 1;
    %assign/vec4 v0000016c37aa7280_0, 0;
    %pushi/vec4 0, 0, 1;
    %assign/vec4 v0000016c37aa71e0_0, 1000;
    %pushi/vec4 1, 0, 1;
    %assign/vec4 v0000016c37aa64c0_0, 1000;
    %pushi/vec4 0, 0, 1;
    %assign/vec4 v0000016c37aa7be0_0, 1000;
    %pushi/vec4 0, 0, 1;
    %assign/vec4 v0000016c37aa76e0_0, 1000;
    %pushi/vec4 0, 0, 1;
    %assign/vec4 v0000016c37aa7500_0, 1000;
    %pushi/vec4 0, 0, 1;
    %assign/vec4 v0000016c37aa7640_0, 1000;
    %pushi/vec4 0, 0, 1;
    %assign/vec4 v0000016c37aa7320_0, 1000;
    %jmp T_4.12;
T_4.6 ;
    %pushi/vec4 1, 0, 3;
    %assign/vec4 v0000016c37aa62e0_0, 1000;
    %pushi/vec4 1, 0, 1;
    %assign/vec4 v0000016c37aa7280_0, 1000;
    %pushi/vec4 1, 0, 1;
    %assign/vec4 v0000016c37aa71e0_0, 1000;
    %pushi/vec4 0, 0, 1;
    %assign/vec4 v0000016c37aa64c0_0, 1000;
    %pushi/vec4 1, 0, 1;
    %assign/vec4 v0000016c37aa7be0_0, 1000;
    %pushi/vec4 0, 0, 1;
    %assign/vec4 v0000016c37aa76e0_0, 1000;
    %pushi/vec4 0, 0, 1;
    %assign/vec4 v0000016c37aa7500_0, 1000;
    %pushi/vec4 0, 0, 1;
    %assign/vec4 v0000016c37aa7640_0, 1000;
    %pushi/vec4 0, 0, 1;
    %assign/vec4 v0000016c37aa7320_0, 1000;
    %jmp T_4.12;
T_4.7 ;
    %pushi/vec4 0, 0, 1;
    %assign/vec4 v0000016c37aa64c0_0, 1000;
    %pushi/vec4 1, 0, 1;
    %assign/vec4 v0000016c37aa76e0_0, 1000;
    %pushi/vec4 0, 0, 1;
    %assign/vec4 v0000016c37aa7500_0, 1000;
    %pushi/vec4 0, 0, 1;
    %assign/vec4 v0000016c37aa7640_0, 1000;
    %pushi/vec4 0, 0, 1;
    %assign/vec4 v0000016c37aa7320_0, 1000;
    %jmp T_4.12;
T_4.8 ;
    %pushi/vec4 0, 0, 3;
    %assign/vec4 v0000016c37aa62e0_0, 1000;
    %pushi/vec4 0, 0, 1;
    %assign/vec4 v0000016c37aa7280_0, 1000;
    %pushi/vec4 1, 0, 1;
    %assign/vec4 v0000016c37aa71e0_0, 1000;
    %pushi/vec4 1, 0, 1;
    %assign/vec4 v0000016c37aa64c0_0, 1000;
    %pushi/vec4 0, 0, 1;
    %assign/vec4 v0000016c37aa7be0_0, 1000;
    %pushi/vec4 0, 0, 1;
    %assign/vec4 v0000016c37aa76e0_0, 1000;
    %pushi/vec4 1, 0, 1;
    %assign/vec4 v0000016c37aa7500_0, 1000;
    %pushi/vec4 0, 0, 1;
    %assign/vec4 v0000016c37aa7640_0, 1000;
    %pushi/vec4 1, 0, 1;
    %assign/vec4 v0000016c37aa7320_0, 1000;
    %jmp T_4.12;
T_4.9 ;
    %pushi/vec4 0, 0, 3;
    %assign/vec4 v0000016c37aa62e0_0, 1000;
    %pushi/vec4 0, 0, 1;
    %assign/vec4 v0000016c37aa7280_0, 1000;
    %pushi/vec4 0, 0, 1;
    %assign/vec4 v0000016c37aa71e0_0, 1000;
    %pushi/vec4 1, 0, 1;
    %assign/vec4 v0000016c37aa64c0_0, 1000;
    %pushi/vec4 0, 0, 1;
    %assign/vec4 v0000016c37aa7be0_0, 1000;
    %pushi/vec4 0, 0, 1;
    %assign/vec4 v0000016c37aa76e0_0, 1000;
    %pushi/vec4 1, 0, 1;
    %assign/vec4 v0000016c37aa7500_0, 1000;
    %pushi/vec4 0, 0, 1;
    %assign/vec4 v0000016c37aa7640_0, 1000;
    %pushi/vec4 1, 0, 1;
    %assign/vec4 v0000016c37aa7320_0, 1000;
    %jmp T_4.12;
T_4.10 ;
    %pushi/vec4 0, 0, 3;
    %assign/vec4 v0000016c37aa62e0_0, 1000;
    %pushi/vec4 0, 0, 1;
    %assign/vec4 v0000016c37aa7280_0, 1000;
    %pushi/vec4 1, 0, 1;
    %assign/vec4 v0000016c37aa71e0_0, 1000;
    %pushi/vec4 0, 0, 1;
    %assign/vec4 v0000016c37aa64c0_0, 1000;
    %pushi/vec4 0, 0, 1;
    %assign/vec4 v0000016c37aa7be0_0, 1000;
    %pushi/vec4 0, 0, 1;
    %assign/vec4 v0000016c37aa76e0_0, 1000;
    %pushi/vec4 0, 0, 1;
    %assign/vec4 v0000016c37aa7500_0, 1000;
    %pushi/vec4 1, 0, 1;
    %assign/vec4 v0000016c37aa7640_0, 1000;
    %pushi/vec4 0, 0, 1;
    %assign/vec4 v0000016c37aa7320_0, 1000;
    %jmp T_4.12;
T_4.11 ;
    %pushi/vec4 0, 0, 3;
    %assign/vec4 v0000016c37aa62e0_0, 1000;
    %pushi/vec4 0, 0, 1;
    %assign/vec4 v0000016c37aa7280_0, 1000;
    %pushi/vec4 0, 0, 1;
    %assign/vec4 v0000016c37aa71e0_0, 1000;
    %pushi/vec4 0, 0, 1;
    %assign/vec4 v0000016c37aa64c0_0, 1000;
    %pushi/vec4 0, 0, 1;
    %assign/vec4 v0000016c37aa7be0_0, 1000;
    %pushi/vec4 0, 0, 1;
    %assign/vec4 v0000016c37aa76e0_0, 1000;
    %pushi/vec4 0, 0, 1;
    %assign/vec4 v0000016c37aa7500_0, 1000;
    %pushi/vec4 1, 0, 1;
    %assign/vec4 v0000016c37aa7640_0, 1000;
    %pushi/vec4 0, 0, 1;
    %assign/vec4 v0000016c37aa7320_0, 1000;
    %jmp T_4.12;
T_4.12 ;
    %pop/vec4 1;
    %jmp T_4;
    .thread T_4, $push;
    .scope S_0000016c379da2e0;
T_5 ;
    %wait E_0000016c37a34910;
    %load/vec4 v0000016c37aa95b0_0;
    %pad/u 5;
    %ix/vec4 4;
    %load/vec4a v0000016c37aa9330, 4;
    %assign/vec4 v0000016c37aa9830_0, 2000;
    %load/vec4 v0000016c37aa8890_0;
    %pad/u 5;
    %ix/vec4 4;
    %load/vec4a v0000016c37aa9330, 4;
    %assign/vec4 v0000016c37aa8f70_0, 2000;
    %jmp T_5;
    .thread T_5, $push;
    .scope S_0000016c379da2e0;
T_6 ;
    %wait E_0000016c37a35090;
    %load/vec4 v0000016c37aa9150_0;
    %flag_set/vec4 8;
    %jmp/0xz  T_6.0, 8;
    %delay 1000, 0;
    %load/vec4 v0000016c37aa8e30_0;
    %load/vec4 v0000016c37aa87f0_0;
    %pad/u 5;
    %ix/vec4 4;
    %store/vec4a v0000016c37aa9330, 4, 0;
T_6.0 ;
    %load/vec4 v0000016c37aa9010_0;
    %flag_set/vec4 8;
    %jmp/0xz  T_6.2, 8;
    %pushi/vec4 0, 0, 32;
    %store/vec4 v0000016c37aa9290_0, 0, 32;
T_6.4 ;
    %load/vec4 v0000016c37aa9290_0;
    %cmpi/s 8, 0, 32;
    %jmp/0xz T_6.5, 5;
    %pushi/vec4 0, 0, 8;
    %ix/getv/s 3, v0000016c37aa9290_0;
    %ix/load 4, 1000, 0; Constant delay
    %assign/vec4/a/d v0000016c37aa9330, 0, 4;
    %load/vec4 v0000016c37aa9290_0;
    %addi 1, 0, 32;
    %store/vec4 v0000016c37aa9290_0, 0, 32;
    %jmp T_6.4;
T_6.5 ;
T_6.2 ;
    %jmp T_6;
    .thread T_6;
    .scope S_0000016c37972b50;
T_7 ;
    %wait E_0000016c37a33e10;
    %delay 1000, 0;
    %load/vec4 v0000016c37aa6240_0;
    %inv;
    %addi 1, 0, 8;
    %store/vec4 v0000016c37aa6380_0, 0, 8;
    %jmp T_7;
    .thread T_7, $push;
    .scope S_0000016c379a85a0;
T_8 ;
    %wait E_0000016c37a334d0;
    %delay 1000, 0;
    %load/vec4 v0000016c37a39f40_0;
    %store/vec4 v0000016c37a39fe0_0, 0, 8;
    %jmp T_8;
    .thread T_8, $push;
    .scope S_0000016c379a6fd0;
T_9 ;
    %wait E_0000016c37a33d90;
    %delay 2000, 0;
    %load/vec4 v0000016c37a39900_0;
    %load/vec4 v0000016c37a399a0_0;
    %add;
    %store/vec4 v0000016c37a39ea0_0, 0, 8;
    %jmp T_9;
    .thread T_9, $push;
    .scope S_0000016c379a7160;
T_10 ;
    %wait E_0000016c37a33d90;
    %delay 1000, 0;
    %load/vec4 v0000016c37a3a8a0_0;
    %load/vec4 v0000016c37a39a40_0;
    %and;
    %store/vec4 v0000016c37a39c20_0, 0, 8;
    %jmp T_10;
    .thread T_10, $push;
    .scope S_0000016c379729c0;
T_11 ;
    %wait E_0000016c37a33d90;
    %delay 1000, 0;
    %load/vec4 v0000016c37aa7960_0;
    %load/vec4 v0000016c37aa7aa0_0;
    %or;
    %store/vec4 v0000016c37aa7a00_0, 0, 8;
    %jmp T_11;
    .thread T_11, $push;
    .scope S_0000016c379a8730;
T_12 ;
    %wait E_0000016c37a33b90;
    %load/vec4 v0000016c37a2ceb0_0;
    %dup/vec4;
    %pushi/vec4 0, 0, 3;
    %cmp/u;
    %jmp/1 T_12.0, 6;
    %dup/vec4;
    %pushi/vec4 1, 0, 3;
    %cmp/u;
    %jmp/1 T_12.1, 6;
    %dup/vec4;
    %pushi/vec4 2, 0, 3;
    %cmp/u;
    %jmp/1 T_12.2, 6;
    %dup/vec4;
    %pushi/vec4 3, 0, 3;
    %cmp/u;
    %jmp/1 T_12.3, 6;
    %pushi/vec4 0, 0, 8;
    %store/vec4 v0000016c37a2ca50_0, 0, 8;
    %jmp T_12.5;
T_12.0 ;
    %load/vec4 v0000016c37a2ccd0_0;
    %store/vec4 v0000016c37a2ca50_0, 0, 8;
    %jmp T_12.5;
T_12.1 ;
    %load/vec4 v0000016c37a2c730_0;
    %store/vec4 v0000016c37a2ca50_0, 0, 8;
    %jmp T_12.5;
T_12.2 ;
    %load/vec4 v0000016c37aa7dc0_0;
    %store/vec4 v0000016c37a2ca50_0, 0, 8;
    %jmp T_12.5;
T_12.3 ;
    %load/vec4 v0000016c37aa6b00_0;
    %store/vec4 v0000016c37a2ca50_0, 0, 8;
    %jmp T_12.5;
T_12.5 ;
    %pop/vec4 1;
    %jmp T_12;
    .thread T_12, $push;
    .scope S_0000016c379b1460;
T_13 ;
    %wait E_0000016c37a321d0;
    %load/vec4 v0000016c37aa6060_0;
    %pad/s 32;
    %cmpi/ne 0, 0, 32;
    %flag_mov 8, 4;
    %jmp/0 T_13.0, 8;
    %pushi/vec4 0, 0, 1;
    %jmp/1 T_13.1, 8;
T_13.0 ; End of true expr.
    %pushi/vec4 1, 0, 1;
    %jmp/0 T_13.1, 8;
 ; End of false expr.
    %blend;
T_13.1;
    %store/vec4 v0000016c37aa66a0_0, 0, 1;
    %jmp T_13;
    .thread T_13, $push;
    .scope S_0000016c379c03c0;
T_14 ;
    %wait E_0000016c37a34dd0;
    %delay 1000, 0;
    %load/vec4 v0000016c37aa7d20_0;
    %pad/u 5;
    %ix/vec4 4;
    %load/vec4a v0000016c37aa7c80, 4;
    %store/vec4 v0000016c37aa6ba0_0, 0, 38;
    %load/vec4 v0000016c37aa6ba0_0;
    %parti/s 1, 37, 7;
    %store/vec4 v0000016c37aa8390_0, 0, 1;
    %load/vec4 v0000016c37aa6ba0_0;
    %parti/s 1, 36, 7;
    %store/vec4 v0000016c37aa6880_0, 0, 1;
    %jmp T_14;
    .thread T_14;
    .scope S_0000016c379c03c0;
T_15 ;
    %wait E_0000016c37a34810;
    %load/vec4 v0000016c37aa6ba0_0;
    %parti/s 4, 32, 7;
    %load/vec4 v0000016c37aa9f10_0;
    %pad/u 4;
    %cmp/e;
    %flag_get/vec4 4;
    %jmp/0 T_15.0, 4;
    %load/vec4 v0000016c37aa8390_0;
    %and;
T_15.0;
    %assign/vec4 v0000016c37aa7f00_0, 900;
    %load/vec4 v0000016c37aa6ba0_0;
    %parti/s 4, 32, 7;
    %pad/u 3;
    %assign/vec4 v0000016c37aa6920_0, 0;
    %jmp T_15;
    .thread T_15, $push;
    .scope S_0000016c379c03c0;
T_16 ;
    %wait E_0000016c37a34710;
    %load/vec4 v0000016c37aa84d0_0;
    %flag_set/vec4 8;
    %jmp/0xz  T_16.0, 8;
    %load/vec4 v0000016c37aa6ba0_0;
    %parti/s 32, 0, 2;
    %assign/vec4 v0000016c37aa98d0_0, 1000;
T_16.0 ;
    %jmp T_16;
    .thread T_16, $push;
    .scope S_0000016c379c03c0;
T_17 ;
    %wait E_0000016c37a34410;
    %load/vec4 v0000016c37aa7f00_0;
    %flag_set/vec4 10;
    %flag_get/vec4 10;
    %jmp/0 T_17.3, 10;
    %load/vec4 v0000016c37aa84d0_0;
    %and;
T_17.3;
    %flag_set/vec4 9;
    %flag_get/vec4 9;
    %jmp/0 T_17.2, 9;
    %load/vec4 v0000016c37aa8250_0;
    %nor/r;
    %and;
T_17.2;
    %flag_set/vec4 8;
    %jmp/0xz  T_17.0, 8;
    %load/vec4 v0000016c37aa6740_0;
    %dup/vec4;
    %pushi/vec4 0, 0, 2;
    %cmp/u;
    %jmp/1 T_17.4, 6;
    %dup/vec4;
    %pushi/vec4 1, 0, 2;
    %cmp/u;
    %jmp/1 T_17.5, 6;
    %dup/vec4;
    %pushi/vec4 2, 0, 2;
    %cmp/u;
    %jmp/1 T_17.6, 6;
    %dup/vec4;
    %pushi/vec4 3, 0, 2;
    %cmp/u;
    %jmp/1 T_17.7, 6;
    %jmp T_17.8;
T_17.4 ;
    %load/vec4 v0000016c37aa98d0_0;
    %parti/s 8, 0, 2;
    %assign/vec4 v0000016c37aa6d80_0, 0;
    %jmp T_17.8;
T_17.5 ;
    %load/vec4 v0000016c37aa98d0_0;
    %parti/s 8, 8, 5;
    %assign/vec4 v0000016c37aa6d80_0, 0;
    %jmp T_17.8;
T_17.6 ;
    %load/vec4 v0000016c37aa98d0_0;
    %parti/s 8, 16, 6;
    %assign/vec4 v0000016c37aa6d80_0, 0;
    %jmp T_17.8;
T_17.7 ;
    %load/vec4 v0000016c37aa98d0_0;
    %parti/s 8, 24, 6;
    %assign/vec4 v0000016c37aa6d80_0, 0;
    %jmp T_17.8;
T_17.8 ;
    %pop/vec4 1;
T_17.0 ;
    %jmp T_17;
    .thread T_17, $push;
    .scope S_0000016c379c03c0;
T_18 ;
    %wait E_0000016c37a31510;
    %load/vec4 v0000016c37aa7f00_0;
    %flag_set/vec4 10;
    %flag_get/vec4 10;
    %jmp/0 T_18.3, 10;
    %load/vec4 v0000016c37aa8250_0;
    %and;
T_18.3;
    %flag_set/vec4 9;
    %flag_get/vec4 9;
    %jmp/0 T_18.2, 9;
    %load/vec4 v0000016c37aa84d0_0;
    %nor/r;
    %and;
T_18.2;
    %flag_set/vec4 8;
    %jmp/0xz  T_18.0, 8;
    %load/vec4 v0000016c37aa6740_0;
    %dup/vec4;
    %pushi/vec4 0, 0, 2;
    %cmp/u;
    %jmp/1 T_18.4, 6;
    %dup/vec4;
    %pushi/vec4 1, 0, 2;
    %cmp/u;
    %jmp/1 T_18.5, 6;
    %dup/vec4;
    %pushi/vec4 2, 0, 2;
    %cmp/u;
    %jmp/1 T_18.6, 6;
    %dup/vec4;
    %pushi/vec4 3, 0, 2;
    %cmp/u;
    %jmp/1 T_18.7, 6;
    %jmp T_18.8;
T_18.4 ;
    %load/vec4 v0000016c37aa6e20_0;
    %load/vec4 v0000016c37aa7d20_0;
    %pad/u 5;
    %ix/vec4 3;
    %ix/load 4, 0, 0; Constant delay
    %assign/vec4/a/d v0000016c37aa7c80, 0, 4;
    %jmp T_18.8;
T_18.5 ;
    %load/vec4 v0000016c37aa6e20_0;
    %load/vec4 v0000016c37aa7d20_0;
    %pad/u 5;
    %ix/vec4 3;
    %ix/load 4, 8, 0; part off
    %ix/load 5, 0, 0; Constant delay
    %assign/vec4/a/d v0000016c37aa7c80, 4, 5;
    %jmp T_18.8;
T_18.6 ;
    %load/vec4 v0000016c37aa6e20_0;
    %load/vec4 v0000016c37aa7d20_0;
    %pad/u 5;
    %ix/vec4 3;
    %ix/load 4, 16, 0; part off
    %ix/load 5, 0, 0; Constant delay
    %assign/vec4/a/d v0000016c37aa7c80, 4, 5;
    %jmp T_18.8;
T_18.7 ;
    %load/vec4 v0000016c37aa6e20_0;
    %load/vec4 v0000016c37aa7d20_0;
    %pad/u 5;
    %ix/vec4 3;
    %ix/load 4, 24, 0; part off
    %ix/load 5, 0, 0; Constant delay
    %assign/vec4/a/d v0000016c37aa7c80, 4, 5;
    %jmp T_18.8;
T_18.8 ;
    %pop/vec4 1;
    %pushi/vec4 1, 0, 1;
    %load/vec4 v0000016c37aa7d20_0;
    %pad/u 5;
    %ix/vec4 4;
    %flag_mov 8, 4;
    %ix/load 5, 36, 0;
    %flag_set/imm 4, 0;
    %flag_or 4, 8;
    %store/vec4a v0000016c37aa7c80, 4, 5;
T_18.0 ;
    %jmp T_18;
    .thread T_18;
    .scope S_0000016c379c03c0;
T_19 ;
    %wait E_0000016c37a34e50;
    %load/vec4 v0000016c37aa84d0_0;
    %flag_set/vec4 8;
    %jmp/1 T_19.2, 8;
    %load/vec4 v0000016c37aa8250_0;
    %flag_set/vec4 9;
    %flag_or 8, 9;
T_19.2;
    %jmp/0xz  T_19.0, 8;
    %pushi/vec4 1, 0, 1;
    %assign/vec4 v0000016c37aa7820_0, 0;
    %jmp T_19.1;
T_19.0 ;
    %pushi/vec4 0, 0, 1;
    %assign/vec4 v0000016c37aa7820_0, 0;
T_19.1 ;
    %jmp T_19;
    .thread T_19, $push;
    .scope S_0000016c379c03c0;
T_20 ;
    %wait E_0000016c37a33650;
    %load/vec4 v0000016c37aa7f00_0;
    %flag_set/vec4 8;
    %jmp/0xz  T_20.0, 8;
    %load/vec4 v0000016c37aa84d0_0;
    %flag_set/vec4 9;
    %flag_get/vec4 9;
    %jmp/0 T_20.4, 9;
    %load/vec4 v0000016c37aa8250_0;
    %nor/r;
    %and;
T_20.4;
    %flag_set/vec4 8;
    %jmp/0xz  T_20.2, 8;
    %delay 1000, 0;
    %pushi/vec4 0, 0, 1;
    %store/vec4 v0000016c37aa7820_0, 0, 1;
    %jmp T_20.3;
T_20.2 ;
    %load/vec4 v0000016c37aa8250_0;
    %flag_set/vec4 9;
    %flag_get/vec4 9;
    %jmp/0 T_20.7, 9;
    %load/vec4 v0000016c37aa84d0_0;
    %nor/r;
    %and;
T_20.7;
    %flag_set/vec4 8;
    %jmp/0xz  T_20.5, 8;
    %delay 1000, 0;
    %pushi/vec4 0, 0, 1;
    %store/vec4 v0000016c37aa7820_0, 0, 1;
T_20.5 ;
T_20.3 ;
T_20.0 ;
    %jmp T_20;
    .thread T_20, $push;
    .scope S_0000016c379c03c0;
T_21 ;
    %wait E_0000016c37a33e90;
    %load/vec4 v0000016c37aa89d0_0;
    %dup/vec4;
    %pushi/vec4 0, 0, 3;
    %cmp/u;
    %jmp/1 T_21.0, 6;
    %dup/vec4;
    %pushi/vec4 1, 0, 3;
    %cmp/u;
    %jmp/1 T_21.1, 6;
    %dup/vec4;
    %pushi/vec4 2, 0, 3;
    %cmp/u;
    %jmp/1 T_21.2, 6;
    %jmp T_21.3;
T_21.0 ;
    %load/vec4 v0000016c37aa84d0_0;
    %flag_set/vec4 10;
    %jmp/1 T_21.8, 10;
    %load/vec4 v0000016c37aa8250_0;
    %flag_set/vec4 11;
    %flag_or 10, 11;
T_21.8;
    %flag_get/vec4 10;
    %jmp/0 T_21.7, 10;
    %load/vec4 v0000016c37aa6880_0;
    %nor/r;
    %and;
T_21.7;
    %flag_set/vec4 9;
    %flag_get/vec4 9;
    %jmp/0 T_21.6, 9;
    %load/vec4 v0000016c37aa7f00_0;
    %nor/r;
    %and;
T_21.6;
    %flag_set/vec4 8;
    %jmp/0xz  T_21.4, 8;
    %pushi/vec4 1, 0, 3;
    %store/vec4 v0000016c37aa8570_0, 0, 3;
    %jmp T_21.5;
T_21.4 ;
    %load/vec4 v0000016c37aa84d0_0;
    %flag_set/vec4 10;
    %jmp/1 T_21.13, 10;
    %load/vec4 v0000016c37aa8250_0;
    %flag_set/vec4 11;
    %flag_or 10, 11;
T_21.13;
    %flag_get/vec4 10;
    %jmp/0 T_21.12, 10;
    %load/vec4 v0000016c37aa6880_0;
    %and;
T_21.12;
    %flag_set/vec4 9;
    %flag_get/vec4 9;
    %jmp/0 T_21.11, 9;
    %load/vec4 v0000016c37aa7f00_0;
    %nor/r;
    %and;
T_21.11;
    %flag_set/vec4 8;
    %jmp/0xz  T_21.9, 8;
    %pushi/vec4 2, 0, 3;
    %store/vec4 v0000016c37aa8570_0, 0, 3;
    %jmp T_21.10;
T_21.9 ;
    %pushi/vec4 0, 0, 3;
    %store/vec4 v0000016c37aa8570_0, 0, 3;
T_21.10 ;
T_21.5 ;
    %jmp T_21.3;
T_21.1 ;
    %load/vec4 v0000016c37aa6f60_0;
    %nor/r;
    %flag_set/vec4 8;
    %jmp/0xz  T_21.14, 8;
    %pushi/vec4 0, 0, 3;
    %store/vec4 v0000016c37aa8570_0, 0, 3;
    %jmp T_21.15;
T_21.14 ;
    %pushi/vec4 1, 0, 3;
    %store/vec4 v0000016c37aa8570_0, 0, 3;
T_21.15 ;
    %jmp T_21.3;
T_21.2 ;
    %load/vec4 v0000016c37aa6f60_0;
    %nor/r;
    %flag_set/vec4 8;
    %jmp/0xz  T_21.16, 8;
    %pushi/vec4 1, 0, 3;
    %store/vec4 v0000016c37aa8570_0, 0, 3;
    %jmp T_21.17;
T_21.16 ;
    %pushi/vec4 2, 0, 3;
    %store/vec4 v0000016c37aa8570_0, 0, 3;
T_21.17 ;
    %jmp T_21.3;
T_21.3 ;
    %pop/vec4 1;
    %jmp T_21;
    .thread T_21, $push;
    .scope S_0000016c379c03c0;
T_22 ;
    %wait E_0000016c37a33e50;
    %load/vec4 v0000016c37aa89d0_0;
    %dup/vec4;
    %pushi/vec4 0, 0, 3;
    %cmp/u;
    %jmp/1 T_22.0, 6;
    %dup/vec4;
    %pushi/vec4 1, 0, 3;
    %cmp/u;
    %jmp/1 T_22.1, 6;
    %dup/vec4;
    %pushi/vec4 2, 0, 3;
    %cmp/u;
    %jmp/1 T_22.2, 6;
    %jmp T_22.3;
T_22.0 ;
    %pushi/vec4 0, 0, 1;
    %store/vec4 v0000016c37aa7000_0, 0, 1;
    %pushi/vec4 0, 0, 1;
    %store/vec4 v0000016c37aa7140_0, 0, 1;
    %pushi/vec4 63, 63, 6;
    %store/vec4 v0000016c37aa6ec0_0, 0, 6;
    %pushi/vec4 255, 255, 32;
    %store/vec4 v0000016c37aa75a0_0, 0, 32;
    %pushi/vec4 0, 0, 1;
    %store/vec4 v0000016c37aa7820_0, 0, 1;
    %jmp T_22.3;
T_22.1 ;
    %pushi/vec4 1, 0, 1;
    %store/vec4 v0000016c37aa7000_0, 0, 1;
    %pushi/vec4 0, 0, 1;
    %store/vec4 v0000016c37aa7140_0, 0, 1;
    %load/vec4 v0000016c37aa9f10_0;
    %load/vec4 v0000016c37aa7d20_0;
    %concat/vec4; draw_concat_vec4
    %store/vec4 v0000016c37aa6ec0_0, 0, 6;
    %pushi/vec4 4294967295, 4294967295, 32;
    %store/vec4 v0000016c37aa75a0_0, 0, 32;
    %pushi/vec4 1, 0, 1;
    %store/vec4 v0000016c37aa7820_0, 0, 1;
    %delay 1000, 0;
    %load/vec4 v0000016c37aa6f60_0;
    %pad/u 32;
    %cmpi/e 0, 0, 32;
    %jmp/0xz  T_22.4, 4;
    %load/vec4 v0000016c37aa70a0_0;
    %load/vec4 v0000016c37aa7d20_0;
    %pad/u 5;
    %ix/vec4 4;
    %flag_mov 8, 4;
    %ix/load 5, 0, 0;
    %flag_set/imm 4, 0;
    %flag_or 4, 8;
    %store/vec4a v0000016c37aa7c80, 4, 5;
    %load/vec4 v0000016c37aa9f10_0;
    %pad/u 4;
    %load/vec4 v0000016c37aa7d20_0;
    %pad/u 5;
    %ix/vec4 4;
    %flag_mov 8, 4;
    %ix/load 5, 32, 0;
    %flag_set/imm 4, 0;
    %flag_or 4, 8;
    %store/vec4a v0000016c37aa7c80, 4, 5;
    %pushi/vec4 0, 0, 1;
    %load/vec4 v0000016c37aa7d20_0;
    %pad/u 5;
    %ix/vec4 4;
    %flag_mov 8, 4;
    %ix/load 5, 36, 0;
    %flag_set/imm 4, 0;
    %flag_or 4, 8;
    %store/vec4a v0000016c37aa7c80, 4, 5;
    %pushi/vec4 1, 0, 1;
    %load/vec4 v0000016c37aa7d20_0;
    %pad/u 5;
    %ix/vec4 4;
    %flag_mov 8, 4;
    %ix/load 5, 37, 0;
    %flag_set/imm 4, 0;
    %flag_or 4, 8;
    %store/vec4a v0000016c37aa7c80, 4, 5;
T_22.4 ;
    %jmp T_22.3;
T_22.2 ;
    %pushi/vec4 0, 0, 1;
    %store/vec4 v0000016c37aa7000_0, 0, 1;
    %pushi/vec4 1, 0, 1;
    %store/vec4 v0000016c37aa7140_0, 0, 1;
    %load/vec4 v0000016c37aa9f10_0;
    %load/vec4 v0000016c37aa7d20_0;
    %concat/vec4; draw_concat_vec4
    %store/vec4 v0000016c37aa6ec0_0, 0, 6;
    %load/vec4 v0000016c37aa7d20_0;
    %pad/u 5;
    %ix/vec4 4;
    %load/vec4a v0000016c37aa7c80, 4;
    %parti/s 32, 0, 2;
    %store/vec4 v0000016c37aa75a0_0, 0, 32;
    %pushi/vec4 1, 0, 1;
    %store/vec4 v0000016c37aa7820_0, 0, 1;
    %load/vec4 v0000016c37aa6f60_0;
    %pad/u 32;
    %cmpi/e 0, 0, 32;
    %jmp/0xz  T_22.6, 4;
    %pushi/vec4 1, 0, 1;
    %load/vec4 v0000016c37aa7d20_0;
    %pad/u 5;
    %ix/vec4 4;
    %flag_mov 8, 4;
    %ix/load 5, 36, 0;
    %flag_set/imm 4, 0;
    %flag_or 4, 8;
    %store/vec4a v0000016c37aa7c80, 4, 5;
    %pushi/vec4 1, 0, 1;
    %load/vec4 v0000016c37aa7d20_0;
    %pad/u 5;
    %ix/vec4 4;
    %flag_mov 8, 4;
    %ix/load 5, 37, 0;
    %flag_set/imm 4, 0;
    %flag_or 4, 8;
    %store/vec4a v0000016c37aa7c80, 4, 5;
T_22.6 ;
    %jmp T_22.3;
T_22.3 ;
    %pop/vec4 1;
    %jmp T_22;
    .thread T_22, $push;
    .scope S_0000016c379c03c0;
T_23 ;
    %wait E_0000016c37a335d0;
    %load/vec4 v0000016c37aa8ed0_0;
    %flag_set/vec4 8;
    %jmp/0xz  T_23.0, 8;
    %pushi/vec4 0, 0, 3;
    %store/vec4 v0000016c37aa89d0_0, 0, 3;
    %pushi/vec4 0, 0, 32;
    %store/vec4 v0000016c37aa69c0_0, 0, 32;
T_23.2 ;
    %load/vec4 v0000016c37aa69c0_0;
    %cmpi/s 8, 0, 32;
    %jmp/0xz T_23.3, 5;
    %pushi/vec4 4294967295, 4294967295, 34;
    %concati/vec4 15, 15, 4;
    %ix/getv/s 4, v0000016c37aa69c0_0;
    %store/vec4a v0000016c37aa7c80, 4, 0;
    %load/vec4 v0000016c37aa69c0_0;
    %addi 1, 0, 32;
    %store/vec4 v0000016c37aa69c0_0, 0, 32;
    %jmp T_23.2;
T_23.3 ;
    %jmp T_23.1;
T_23.0 ;
    %load/vec4 v0000016c37aa8570_0;
    %store/vec4 v0000016c37aa89d0_0, 0, 3;
T_23.1 ;
    %jmp T_23;
    .thread T_23;
    .scope S_0000016c379da150;
T_24 ;
    %wait E_0000016c37a34e10;
    %load/vec4 v0000016c37aa86b0_0;
    %flag_set/vec4 8;
    %jmp/1 T_24.2, 8;
    %load/vec4 v0000016c37aa9bf0_0;
    %flag_set/vec4 9;
    %flag_or 8, 9;
T_24.2;
    %jmp/0 T_24.0, 8;
    %pushi/vec4 1, 0, 2;
    %jmp/1 T_24.1, 8;
T_24.0 ; End of true expr.
    %pushi/vec4 0, 0, 2;
    %jmp/0 T_24.1, 8;
 ; End of false expr.
    %blend;
T_24.1;
    %pad/s 1;
    %store/vec4 v0000016c37aa8930_0, 0, 1;
    %load/vec4 v0000016c37aa86b0_0;
    %flag_set/vec4 9;
    %flag_get/vec4 9;
    %jmp/0 T_24.5, 9;
    %load/vec4 v0000016c37aa9bf0_0;
    %nor/r;
    %and;
T_24.5;
    %flag_set/vec4 8;
    %jmp/0 T_24.3, 8;
    %pushi/vec4 1, 0, 2;
    %jmp/1 T_24.4, 8;
T_24.3 ; End of true expr.
    %pushi/vec4 0, 0, 2;
    %jmp/0 T_24.4, 8;
 ; End of false expr.
    %blend;
T_24.4;
    %pad/s 1;
    %store/vec4 v0000016c37aa8750_0, 0, 1;
    %load/vec4 v0000016c37aa86b0_0;
    %nor/r;
    %flag_set/vec4 9;
    %flag_get/vec4 9;
    %jmp/0 T_24.8, 9;
    %load/vec4 v0000016c37aa9bf0_0;
    %and;
T_24.8;
    %flag_set/vec4 8;
    %jmp/0 T_24.6, 8;
    %pushi/vec4 1, 0, 2;
    %jmp/1 T_24.7, 8;
T_24.6 ; End of true expr.
    %pushi/vec4 0, 0, 2;
    %jmp/0 T_24.7, 8;
 ; End of false expr.
    %blend;
T_24.7;
    %pad/s 1;
    %store/vec4 v0000016c37aa90b0_0, 0, 1;
    %jmp T_24;
    .thread T_24, $push;
    .scope S_0000016c379da150;
T_25 ;
    %wait E_0000016c37a31510;
    %load/vec4 v0000016c37aa8750_0;
    %flag_set/vec4 8;
    %jmp/0xz  T_25.0, 8;
    %load/vec4 v0000016c37aa82f0_0;
    %concati/vec4 0, 0, 2;
    %pad/u 10;
    %ix/vec4 4;
    %load/vec4a v0000016c37aa8d90, 4;
    %store/vec4 v0000016c37aa8a70_0, 0, 8;
    %pushi/vec4 40000, 0, 64;
    %ix/vec4 4;
    %delayx 4;
    %load/vec4 v0000016c37aa8a70_0;
    %ix/load 4, 0, 0;
    %flag_set/imm 4, 0;
    %store/vec4 v0000016c37aa9d30_0, 4, 8;
    %load/vec4 v0000016c37aa82f0_0;
    %concati/vec4 1, 0, 2;
    %pad/u 10;
    %ix/vec4 4;
    %load/vec4a v0000016c37aa8d90, 4;
    %store/vec4 v0000016c37aa9970_0, 0, 8;
    %pushi/vec4 40000, 0, 64;
    %ix/vec4 4;
    %delayx 4;
    %load/vec4 v0000016c37aa9970_0;
    %ix/load 4, 8, 0;
    %flag_set/imm 4, 0;
    %store/vec4 v0000016c37aa9d30_0, 4, 8;
    %load/vec4 v0000016c37aa82f0_0;
    %concati/vec4 2, 0, 2;
    %pad/u 10;
    %ix/vec4 4;
    %load/vec4a v0000016c37aa8d90, 4;
    %store/vec4 v0000016c37aa9470_0, 0, 8;
    %pushi/vec4 40000, 0, 64;
    %ix/vec4 4;
    %delayx 4;
    %load/vec4 v0000016c37aa9470_0;
    %ix/load 4, 16, 0;
    %flag_set/imm 4, 0;
    %store/vec4 v0000016c37aa9d30_0, 4, 8;
    %load/vec4 v0000016c37aa82f0_0;
    %concati/vec4 3, 0, 2;
    %pad/u 10;
    %ix/vec4 4;
    %load/vec4a v0000016c37aa8d90, 4;
    %store/vec4 v0000016c37aa9c90_0, 0, 8;
    %pushi/vec4 40000, 0, 64;
    %ix/vec4 4;
    %delayx 4;
    %load/vec4 v0000016c37aa9c90_0;
    %ix/load 4, 24, 0;
    %flag_set/imm 4, 0;
    %store/vec4 v0000016c37aa9d30_0, 4, 8;
    %pushi/vec4 0, 0, 1;
    %store/vec4 v0000016c37aa8930_0, 0, 1;
    %pushi/vec4 0, 0, 1;
    %store/vec4 v0000016c37aa8750_0, 0, 1;
T_25.0 ;
    %load/vec4 v0000016c37aa90b0_0;
    %flag_set/vec4 8;
    %jmp/0xz  T_25.2, 8;
    %load/vec4 v0000016c37aa8110_0;
    %parti/s 8, 0, 2;
    %store/vec4 v0000016c37aa8cf0_0, 0, 8;
    %pushi/vec4 40000, 0, 64;
    %ix/vec4 4;
    %delayx 4;
    %load/vec4 v0000016c37aa8cf0_0;
    %load/vec4 v0000016c37aa82f0_0;
    %concati/vec4 0, 0, 2;
    %pad/u 10;
    %ix/vec4 4;
    %store/vec4a v0000016c37aa8d90, 4, 0;
    %load/vec4 v0000016c37aa8110_0;
    %parti/s 8, 8, 5;
    %store/vec4 v0000016c37aa8b10_0, 0, 8;
    %pushi/vec4 40000, 0, 64;
    %ix/vec4 4;
    %delayx 4;
    %load/vec4 v0000016c37aa8b10_0;
    %load/vec4 v0000016c37aa82f0_0;
    %concati/vec4 1, 0, 2;
    %pad/u 10;
    %ix/vec4 4;
    %store/vec4a v0000016c37aa8d90, 4, 0;
    %load/vec4 v0000016c37aa8110_0;
    %parti/s 8, 16, 6;
    %store/vec4 v0000016c37aa8610_0, 0, 8;
    %pushi/vec4 40000, 0, 64;
    %ix/vec4 4;
    %delayx 4;
    %load/vec4 v0000016c37aa8610_0;
    %load/vec4 v0000016c37aa82f0_0;
    %concati/vec4 2, 0, 2;
    %pad/u 10;
    %ix/vec4 4;
    %store/vec4a v0000016c37aa8d90, 4, 0;
    %load/vec4 v0000016c37aa8110_0;
    %parti/s 8, 24, 6;
    %store/vec4 v0000016c37aa9dd0_0, 0, 8;
    %pushi/vec4 40000, 0, 64;
    %ix/vec4 4;
    %delayx 4;
    %load/vec4 v0000016c37aa9dd0_0;
    %load/vec4 v0000016c37aa82f0_0;
    %concati/vec4 3, 0, 2;
    %pad/u 10;
    %ix/vec4 4;
    %store/vec4a v0000016c37aa8d90, 4, 0;
    %pushi/vec4 0, 0, 1;
    %store/vec4 v0000016c37aa8930_0, 0, 1;
    %pushi/vec4 0, 0, 1;
    %store/vec4 v0000016c37aa90b0_0, 0, 1;
T_25.2 ;
    %jmp T_25;
    .thread T_25;
    .scope S_0000016c379da150;
T_26 ;
    %wait E_0000016c37a35050;
    %load/vec4 v0000016c37aa8bb0_0;
    %flag_set/vec4 8;
    %jmp/0xz  T_26.0, 8;
    %pushi/vec4 0, 0, 32;
    %store/vec4 v0000016c37aa8070_0, 0, 32;
T_26.2 ;
    %load/vec4 v0000016c37aa8070_0;
    %cmpi/s 256, 0, 32;
    %jmp/0xz T_26.3, 5;
    %pushi/vec4 0, 0, 8;
    %ix/getv/s 4, v0000016c37aa8070_0;
    %store/vec4a v0000016c37aa8d90, 4, 0;
    %load/vec4 v0000016c37aa8070_0;
    %addi 1, 0, 32;
    %store/vec4 v0000016c37aa8070_0, 0, 32;
    %jmp T_26.2;
T_26.3 ;
    %pushi/vec4 0, 0, 1;
    %store/vec4 v0000016c37aa8930_0, 0, 1;
    %pushi/vec4 0, 0, 1;
    %store/vec4 v0000016c37aa8750_0, 0, 1;
    %pushi/vec4 0, 0, 1;
    %store/vec4 v0000016c37aa90b0_0, 0, 1;
T_26.0 ;
    %jmp T_26;
    .thread T_26;
    .scope S_0000016c37a04ef0;
T_27 ;
    %wait E_0000016c37a34610;
    %load/vec4 v0000016c37aabb60_0;
    %load/vec4 v0000016c37aaa440_0;
    %add;
    %assign/vec4 v0000016c37aab160_0, 2000;
    %jmp T_27;
    .thread T_27, $push;
    .scope S_0000016c37a071f0;
T_28 ;
    %wait E_0000016c37a34190;
    %load/vec4 v0000016c37aab8e0_0;
    %ix/load 4, 2, 0;
    %flag_set/imm 4, 0;
    %shiftl 4;
    %assign/vec4 v0000016c37aaa9e0_0, 0;
    %jmp T_28;
    .thread T_28, $push;
    .scope S_0000016c37a07380;
T_29 ;
    %wait E_0000016c37a34f50;
    %load/vec4 v0000016c37aab3e0_0;
    %parti/s 1, 7, 4;
    %cmpi/e 0, 0, 1;
    %jmp/0xz  T_29.0, 4;
    %pushi/vec4 0, 0, 24;
    %load/vec4 v0000016c37aab3e0_0;
    %concat/vec4; draw_concat_vec4
    %assign/vec4 v0000016c37aab480_0, 0;
    %jmp T_29.1;
T_29.0 ;
    %load/vec4 v0000016c37aab3e0_0;
    %cmpi/e 1, 0, 8;
    %jmp/0xz  T_29.2, 4;
    %pushi/vec4 1, 0, 24;
    %load/vec4 v0000016c37aab3e0_0;
    %concat/vec4; draw_concat_vec4
    %store/vec4 v0000016c37aab480_0, 0, 32;
T_29.2 ;
T_29.1 ;
    %jmp T_29;
    .thread T_29, $push;
# The file index is used to find the file name in the following table.
:file_names 8;
    "N/A";
    "<interactive>";
    "cpu.v";
    "./pcadder.v";
    "./alu.v";
    "./dcacheFSM_skeleton.v";
    "./dataMemory2.v";
    "./registerFile.v";
