#! /c/Source/iverilog-install/bin/vvp
:ivl_version "12.0 (devel)" "(s20150603-1539-g2693dd32b)";
:ivl_delay_selection "TYPICAL";
:vpi_time_precision - 12;
:vpi_module "C:\iverilog\lib\ivl\system.vpi";
:vpi_module "C:\iverilog\lib\ivl\vhdl_sys.vpi";
:vpi_module "C:\iverilog\lib\ivl\vhdl_textio.vpi";
:vpi_module "C:\iverilog\lib\ivl\v2005_math.vpi";
:vpi_module "C:\iverilog\lib\ivl\va_math.vpi";
S_0000016e9ccae960 .scope module, "cpu_tb" "cpu_tb" 2 8;
 .timescale -9 -12;
RS_0000016e9ccde828 .resolv tri, v0000016e9cd34350_0, v0000016e9cd38fc0_0;
v0000016e9cd3a8f0_0 .net8 "BUSYWAIT", 0 0, RS_0000016e9ccde828;  2 drivers
v0000016e9cd3b430_0 .var "CLK", 0 0;
v0000016e9cd3ae90_0 .net "INSTRUCTION", 31 0, L_0000016e9cd3a490;  1 drivers
v0000016e9cd39c70_0 .net "MEM_ADDRESS", 5 0, v0000016e9cd382a0_0;  1 drivers
v0000016e9cd39ef0_0 .net "MEM_BUSYWAIT", 0 0, v0000016e9cd3a710_0;  1 drivers
v0000016e9cd3a030_0 .net "MEM_INSTRUCTION", 127 0, v0000016e9cd3adf0_0;  1 drivers
v0000016e9cd3a2b0_0 .net "MEM_READ", 0 0, v0000016e9cd37b20_0;  1 drivers
v0000016e9cd3a990_0 .net "PC", 31 0, v0000016e9cc98b90_0;  1 drivers
v0000016e9cd399f0_0 .var "RESET", 0 0;
v0000016e9cd3aa30_0 .var/i "i", 31 0;
v0000016e9cd39f90 .array "instr_mem", 0 1023, 7 0;
L_0000016e9cd3a5d0 .part v0000016e9cc98b90_0, 2, 8;
S_0000016e9cc5ed20 .scope module, "mycpu" "cpu" 2 52, 3 7 0, S_0000016e9ccae960;
 .timescale -9 -12;
    .port_info 0 /INPUT 32 "INSTRUCTION";
    .port_info 1 /INPUT 1 "CLK";
    .port_info 2 /INPUT 1 "RESET";
    .port_info 3 /OUTPUT 32 "PC";
    .port_info 4 /OUTPUT 1 "BUSYWAIT";
v0000016e9cd36290_0 .net "ALUOP", 2 0, v0000016e9cd30b80_0;  1 drivers
v0000016e9cd35b10_0 .net "ALURESULT", 7 0, v0000016e9cd31f80_0;  1 drivers
v0000016e9cd363d0_0 .net "BRANCHMUXSELECT", 0 0, v0000016e9cd31a80_0;  1 drivers
v0000016e9cd36510_0 .net8 "BUSYWAIT", 0 0, RS_0000016e9ccde828;  alias, 2 drivers
v0000016e9cd35930_0 .net "CLK", 0 0, v0000016e9cd3b430_0;  1 drivers
v0000016e9cd375f0_0 .net "CLKPAUSE", 0 0, v0000016e9cd30cc0_0;  1 drivers
v0000016e9cd35a70_0 .net "DATAFROMDM", 7 0, v0000016e9cd32f50_0;  1 drivers
v0000016e9cd36010_0 .net "INSTRUCTION", 31 0, L_0000016e9cd3a490;  alias, 1 drivers
v0000016e9cd35ed0_0 .net "ISFORMDM", 0 0, v0000016e9cd30d60_0;  1 drivers
v0000016e9cd37690_0 .net "MUX1OUT", 7 0, L_0000016e9cd971c0;  1 drivers
v0000016e9cd36650_0 .net "MUX1SELECT", 0 0, v0000016e9cd30ea0_0;  1 drivers
v0000016e9cd360b0_0 .net "MUX2OUT", 7 0, L_0000016e9cd97080;  1 drivers
v0000016e9cd36150_0 .net "MUX2SELECT", 0 0, v0000016e9cd30fe0_0;  1 drivers
v0000016e9cd35bb0_0 .net "MUX3OUT", 7 0, L_0000016e9cd97120;  1 drivers
v0000016e9cd35c50_0 .net "NEXTPCMUXSELECT", 0 0, v0000016e9cd31080_0;  1 drivers
v0000016e9cd36f10_0 .net "OPCODE", 7 0, L_0000016e9cd3a670;  1 drivers
v0000016e9cd35cf0_0 .net "PC", 31 0, v0000016e9cc98b90_0;  alias, 1 drivers
v0000016e9cd366f0_0 .net "RD", 7 0, L_0000016e9cd3b1b0;  1 drivers
v0000016e9cd35d90_0 .net "READFROMDM", 0 0, v0000016e9cd311c0_0;  1 drivers
v0000016e9cd35e30_0 .net "READREG1", 2 0, L_0000016e9cd97e40;  1 drivers
v0000016e9cd36830_0 .net "READREG2", 2 0, L_0000016e9cd973a0;  1 drivers
v0000016e9cd368d0_0 .net "REGOUT1", 7 0, v0000016e9cd36790_0;  1 drivers
v0000016e9cd36970_0 .net "REGOUT2", 7 0, v0000016e9cd370f0_0;  1 drivers
v0000016e9cd37230_0 .net "REGOUT2_2SCOMP", 7 0, v0000016e9cd31bc0_0;  1 drivers
v0000016e9cd36a10_0 .net "RESET", 0 0, v0000016e9cd399f0_0;  1 drivers
v0000016e9cd37370_0 .net "RS_IMM", 7 0, L_0000016e9cd96fe0;  1 drivers
v0000016e9cd36bf0_0 .net "RT", 7 0, L_0000016e9cd3ab70;  1 drivers
v0000016e9cd36c90_0 .net "WRITEENABLE", 0 0, v0000016e9cd31440_0;  1 drivers
v0000016e9cd36fb0_0 .net "WRITEREG", 2 0, L_0000016e9cd97ee0;  1 drivers
v0000016e9cd36d30_0 .net "WRITETODM", 0 0, v0000016e9cd31580_0;  1 drivers
v0000016e9cd37050_0 .net "ZERO", 0 0, v0000016e9cd32480_0;  1 drivers
v0000016e9cd372d0_0 .net "mem_address", 5 0, v0000016e9cd32b90_0;  1 drivers
v0000016e9cd37410_0 .net "mem_busywait", 0 0, v0000016e9cd33d10_0;  1 drivers
v0000016e9cd374b0_0 .net "mem_read", 0 0, v0000016e9cd33ef0_0;  1 drivers
v0000016e9cd37550_0 .net "mem_readdata", 31 0, v0000016e9cd340d0_0;  1 drivers
v0000016e9cd37d00_0 .net "mem_write", 0 0, v0000016e9cd33b30_0;  1 drivers
v0000016e9cd38020_0 .net "mem_writedata", 31 0, v0000016e9cd336d0_0;  1 drivers
L_0000016e9cd3a670 .part L_0000016e9cd3a490, 24, 8;
L_0000016e9cd3b1b0 .part L_0000016e9cd3a490, 16, 8;
L_0000016e9cd3ab70 .part L_0000016e9cd3a490, 8, 8;
L_0000016e9cd96fe0 .part L_0000016e9cd3a490, 0, 8;
L_0000016e9cd97e40 .part L_0000016e9cd3ab70, 0, 3;
L_0000016e9cd973a0 .part L_0000016e9cd96fe0, 0, 3;
L_0000016e9cd97ee0 .part L_0000016e9cd3b1b0, 0, 3;
L_0000016e9cd971c0 .functor MUXZ 8, v0000016e9cd370f0_0, v0000016e9cd31bc0_0, v0000016e9cd30ea0_0, C4<>;
L_0000016e9cd97080 .functor MUXZ 8, L_0000016e9cd96fe0, L_0000016e9cd971c0, v0000016e9cd30fe0_0, C4<>;
L_0000016e9cd97120 .functor MUXZ 8, v0000016e9cd31f80_0, v0000016e9cd32f50_0, v0000016e9cd30d60_0, C4<>;
S_0000016e9cc5eeb0 .scope module, "addpc" "pcadder" 3 32, 4 2 0, S_0000016e9cc5ed20;
 .timescale -9 -12;
    .port_info 0 /OUTPUT 32 "PC";
    .port_info 1 /INPUT 1 "CLK";
    .port_info 2 /INPUT 1 "RESET";
    .port_info 3 /INPUT 8 "RD_OFFSET";
    .port_info 4 /INPUT 1 "BRANCH";
    .port_info 5 /INPUT 1 "JUMP";
    .port_info 6 /INPUT 1 "ZERO";
    .port_info 7 /INPUT 1 "CLKPAUSE";
    .port_info 8 /INPUT 1 "BUSYWAIT";
L_0000016e9ccc2fb0 .functor AND 1, v0000016e9cd31a80_0, v0000016e9cd32480_0, C4<1>, C4<1>;
v0000016e9ccbcfa0_0 .net "BEQADDRESS", 31 0, L_0000016e9cd976c0;  1 drivers
v0000016e9ccbe3a0_0 .net "BEQSELECT", 0 0, L_0000016e9ccc2fb0;  1 drivers
v0000016e9ccbdf40_0 .net "BRANCH", 0 0, v0000016e9cd31a80_0;  alias, 1 drivers
v0000016e9ccbd720_0 .net8 "BUSYWAIT", 0 0, RS_0000016e9ccde828;  alias, 2 drivers
v0000016e9ccbda40_0 .net "CLK", 0 0, v0000016e9cd3b430_0;  alias, 1 drivers
v0000016e9ccbde00_0 .net "CLKPAUSE", 0 0, v0000016e9cd30cc0_0;  alias, 1 drivers
v0000016e9cc98690_0 .net "JUMP", 0 0, v0000016e9cd31080_0;  alias, 1 drivers
v0000016e9cc989b0_0 .net "NEXTPC", 31 0, L_0000016e9cd97300;  1 drivers
v0000016e9cc98b90_0 .var "PC", 31 0;
v0000016e9cd313a0_0 .var "PCPLUS4", 31 0;
v0000016e9cd31b20_0 .net/s "RD_OFFSET", 7 0, L_0000016e9cd3b1b0;  alias, 1 drivers
v0000016e9cd31c60_0 .net "RESET", 0 0, v0000016e9cd399f0_0;  alias, 1 drivers
v0000016e9cd32200_0 .net/s "SHIFTLEFTADDRESS", 31 0, L_0000016e9cd97620;  1 drivers
v0000016e9cd319e0_0 .var/s "SIGNEXTNDVALUE", 31 0;
v0000016e9cd31d00_0 .net "ZERO", 0 0, v0000016e9cd32480_0;  alias, 1 drivers
v0000016e9cd30e00_0 .net *"_ivl_0", 31 0, L_0000016e9cd98480;  1 drivers
v0000016e9cd30a40_0 .net *"_ivl_2", 29 0, L_0000016e9cd96d60;  1 drivers
L_0000016e9cd3ea48 .functor BUFT 1, C4<00>, C4<0>, C4<0>, C4<0>;
v0000016e9cd32660_0 .net *"_ivl_4", 1 0, L_0000016e9cd3ea48;  1 drivers
E_0000016e9ccb4990 .event posedge, v0000016e9ccbda40_0;
E_0000016e9ccb4190 .event anyedge, v0000016e9cc98b90_0;
E_0000016e9ccb4490 .event anyedge, v0000016e9cd31b20_0;
L_0000016e9cd96d60 .part v0000016e9cd319e0_0, 0, 30;
L_0000016e9cd98480 .concat [ 2 30 0 0], L_0000016e9cd3ea48, L_0000016e9cd96d60;
L_0000016e9cd97620 .delay 32 (2000,2000,2000) L_0000016e9cd97620/d;
L_0000016e9cd97620/d .arith/sum 32, v0000016e9cd313a0_0, L_0000016e9cd98480;
L_0000016e9cd976c0 .functor MUXZ 32, v0000016e9cd313a0_0, L_0000016e9cd97620, L_0000016e9ccc2fb0, C4<>;
L_0000016e9cd97300 .functor MUXZ 32, L_0000016e9cd976c0, L_0000016e9cd97620, v0000016e9cd31080_0, C4<>;
S_0000016e9cc01320 .scope module, "alu_cpu" "alu" 3 70, 5 74 0, S_0000016e9cc5ed20;
 .timescale -9 -12;
    .port_info 0 /INPUT 8 "DATA1";
    .port_info 1 /INPUT 8 "DATA2";
    .port_info 2 /INPUT 3 "SELECT";
    .port_info 3 /OUTPUT 8 "RESULT";
    .port_info 4 /OUTPUT 1 "ZERO";
v0000016e9cd31940_0 .net/s "DATA1", 7 0, v0000016e9cd36790_0;  alias, 1 drivers
v0000016e9cd32700_0 .net/s "DATA2", 7 0, L_0000016e9cd97080;  alias, 1 drivers
v0000016e9cd316c0_0 .net/s "RESULT", 7 0, v0000016e9cd31f80_0;  alias, 1 drivers
v0000016e9cd30860_0 .net "SELECT", 2 0, v0000016e9cd30b80_0;  alias, 1 drivers
v0000016e9cd32480_0 .var "ZERO", 0 0;
v0000016e9cd32520_0 .net "tempResult1", 7 0, v0000016e9cd31300_0;  1 drivers
v0000016e9cd325c0_0 .net "tempResult2", 7 0, v0000016e9cd31800_0;  1 drivers
v0000016e9cd31760_0 .net "tempResult3", 7 0, v0000016e9cd32340_0;  1 drivers
v0000016e9cd30900_0 .net "tempResult4", 7 0, v0000016e9cd322a0_0;  1 drivers
E_0000016e9ccb4810 .event anyedge, v0000016e9cd31f80_0;
S_0000016e9cc014b0 .scope module, "addVal" "addFunct" 5 81, 5 16 0, S_0000016e9cc01320;
 .timescale -9 -12;
    .port_info 0 /INPUT 8 "DATA1";
    .port_info 1 /INPUT 8 "DATA2";
    .port_info 2 /OUTPUT 8 "tempResult";
v0000016e9cd31da0_0 .net/s "DATA1", 7 0, v0000016e9cd36790_0;  alias, 1 drivers
v0000016e9cd318a0_0 .net/s "DATA2", 7 0, L_0000016e9cd97080;  alias, 1 drivers
v0000016e9cd31800_0 .var/s "tempResult", 7 0;
E_0000016e9ccb4dd0 .event anyedge, v0000016e9cd318a0_0, v0000016e9cd31da0_0;
S_0000016e9cc0b8a0 .scope module, "andVal" "andFunct" 5 82, 5 25 0, S_0000016e9cc01320;
 .timescale -9 -12;
    .port_info 0 /INPUT 8 "DATA1";
    .port_info 1 /INPUT 8 "DATA2";
    .port_info 2 /OUTPUT 8 "tempResult";
v0000016e9cd31260_0 .net/s "DATA1", 7 0, v0000016e9cd36790_0;  alias, 1 drivers
v0000016e9cd309a0_0 .net/s "DATA2", 7 0, L_0000016e9cd97080;  alias, 1 drivers
v0000016e9cd32340_0 .var/s "tempResult", 7 0;
S_0000016e9cc0ba30 .scope module, "forwardVal" "forwardFunct" 5 80, 5 4 0, S_0000016e9cc01320;
 .timescale -9 -12;
    .port_info 0 /INPUT 8 "DATA2";
    .port_info 1 /OUTPUT 8 "tempResult";
v0000016e9cd31e40_0 .net/s "DATA2", 7 0, L_0000016e9cd97080;  alias, 1 drivers
v0000016e9cd31300_0 .var/s "tempResult", 7 0;
E_0000016e9ccb57d0 .event anyedge, v0000016e9cd318a0_0;
S_0000016e9cbf6fb0 .scope module, "mux" "multiplexer" 5 84, 5 47 0, S_0000016e9cc01320;
 .timescale -9 -12;
    .port_info 0 /INPUT 8 "tempResult1";
    .port_info 1 /INPUT 8 "tempResult2";
    .port_info 2 /INPUT 8 "tempResult3";
    .port_info 3 /INPUT 8 "tempResult4";
    .port_info 4 /INPUT 3 "SELECT";
    .port_info 5 /OUTPUT 8 "RESULT";
v0000016e9cd31f80_0 .var/s "RESULT", 7 0;
v0000016e9cd31ee0_0 .net "SELECT", 2 0, v0000016e9cd30b80_0;  alias, 1 drivers
v0000016e9cd32020_0 .net/s "tempResult1", 7 0, v0000016e9cd31300_0;  alias, 1 drivers
v0000016e9cd323e0_0 .net/s "tempResult2", 7 0, v0000016e9cd31800_0;  alias, 1 drivers
v0000016e9cd32160_0 .net/s "tempResult3", 7 0, v0000016e9cd32340_0;  alias, 1 drivers
v0000016e9cd320c0_0 .net/s "tempResult4", 7 0, v0000016e9cd322a0_0;  alias, 1 drivers
E_0000016e9ccb5a10/0 .event anyedge, v0000016e9cd31ee0_0, v0000016e9cd320c0_0, v0000016e9cd32340_0, v0000016e9cd31800_0;
E_0000016e9ccb5a10/1 .event anyedge, v0000016e9cd31300_0;
E_0000016e9ccb5a10 .event/or E_0000016e9ccb5a10/0, E_0000016e9ccb5a10/1;
S_0000016e9cbf7140 .scope module, "orVal" "orFunct" 5 83, 5 35 0, S_0000016e9cc01320;
 .timescale -9 -12;
    .port_info 0 /INPUT 8 "DATA1";
    .port_info 1 /INPUT 8 "DATA2";
    .port_info 2 /OUTPUT 8 "tempResult";
v0000016e9cd30f40_0 .net/s "DATA1", 7 0, v0000016e9cd36790_0;  alias, 1 drivers
v0000016e9cd314e0_0 .net/s "DATA2", 7 0, L_0000016e9cd97080;  alias, 1 drivers
v0000016e9cd322a0_0 .var/s "tempResult", 7 0;
S_0000016e9cbf85f0 .scope module, "complement" "twoScomp" 3 58, 3 248 0, S_0000016e9cc5ed20;
 .timescale -9 -12;
    .port_info 0 /OUTPUT 8 "REGOUT2_2SCOMP";
    .port_info 1 /INPUT 8 "REGOUT2";
v0000016e9cd30ae0_0 .net "REGOUT2", 7 0, v0000016e9cd370f0_0;  alias, 1 drivers
v0000016e9cd31bc0_0 .var/s "REGOUT2_2SCOMP", 7 0;
E_0000016e9ccb7c50 .event anyedge, v0000016e9cd30ae0_0;
S_0000016e9cbf8780 .scope module, "cpu_control" "control_unit" 3 39, 3 85 0, S_0000016e9cc5ed20;
 .timescale -9 -12;
    .port_info 0 /INPUT 8 "OPCODE";
    .port_info 1 /INPUT 1 "BUSYWAIT";
    .port_info 2 /OUTPUT 3 "ALUOP";
    .port_info 3 /OUTPUT 1 "MUX1SELECT";
    .port_info 4 /OUTPUT 1 "MUX2SELECT";
    .port_info 5 /OUTPUT 1 "WRITEENABLE";
    .port_info 6 /OUTPUT 1 "BRANCHMUXSELECT";
    .port_info 7 /OUTPUT 1 "NEXTPCMUXSELECT";
    .port_info 8 /OUTPUT 1 "READFROMDM";
    .port_info 9 /OUTPUT 1 "WRITETODM";
    .port_info 10 /OUTPUT 1 "CLKPAUSE";
    .port_info 11 /OUTPUT 1 "ISFORMDM";
v0000016e9cd30b80_0 .var "ALUOP", 2 0;
v0000016e9cd31a80_0 .var "BRANCHMUXSELECT", 0 0;
v0000016e9cd30c20_0 .net8 "BUSYWAIT", 0 0, RS_0000016e9ccde828;  alias, 2 drivers
v0000016e9cd30cc0_0 .var "CLKPAUSE", 0 0;
v0000016e9cd30d60_0 .var "ISFORMDM", 0 0;
v0000016e9cd30ea0_0 .var "MUX1SELECT", 0 0;
v0000016e9cd30fe0_0 .var "MUX2SELECT", 0 0;
v0000016e9cd31080_0 .var "NEXTPCMUXSELECT", 0 0;
v0000016e9cd31120_0 .net "OPCODE", 7 0, L_0000016e9cd3a670;  alias, 1 drivers
v0000016e9cd311c0_0 .var "READFROMDM", 0 0;
v0000016e9cd31440_0 .var "WRITEENABLE", 0 0;
v0000016e9cd31580_0 .var "WRITETODM", 0 0;
E_0000016e9ccb7190 .event anyedge, v0000016e9cd31120_0;
E_0000016e9ccb7c90 .event anyedge, v0000016e9ccbd720_0;
S_0000016e9cbc29c0 .scope module, "dcache_cpu" "dcache" 3 76, 6 11 0, S_0000016e9cc5ed20;
 .timescale -9 -12;
    .port_info 0 /OUTPUT 1 "busywait";
    .port_info 1 /INPUT 1 "read";
    .port_info 2 /INPUT 1 "write";
    .port_info 3 /INPUT 8 "WRITEDATACPU";
    .port_info 4 /OUTPUT 8 "READDATACPU";
    .port_info 5 /INPUT 8 "ADDRESSCPU";
    .port_info 6 /INPUT 32 "pc";
    .port_info 7 /INPUT 1 "reset";
    .port_info 8 /INPUT 1 "clk";
    .port_info 9 /INPUT 1 "mem_busywait";
    .port_info 10 /OUTPUT 1 "mem_read";
    .port_info 11 /OUTPUT 1 "mem_write";
    .port_info 12 /OUTPUT 32 "mem_writedata";
    .port_info 13 /INPUT 32 "mem_readdata";
    .port_info 14 /OUTPUT 6 "mem_address";
P_0000016e9cc42c40 .param/l "IDLE" 0 6 128, C4<000>;
P_0000016e9cc42c78 .param/l "MEM_READ" 0 6 128, C4<001>;
P_0000016e9cc42cb0 .param/l "WRITE_BACK" 0 6 128, C4<010>;
v0000016e9cd31620_0 .net "ADDRESSCPU", 7 0, v0000016e9cd31f80_0;  alias, 1 drivers
v0000016e9cd32f50_0 .var "READDATACPU", 7 0;
v0000016e9cd32cd0_0 .net "WRITEDATACPU", 7 0, v0000016e9cd36790_0;  alias, 1 drivers
v0000016e9cd338b0_0 .net *"_ivl_10", 4 0, L_0000016e9cd980c0;  1 drivers
L_0000016e9cd3ea90 .functor BUFT 1, C4<00>, C4<0>, C4<0>, C4<0>;
v0000016e9cd33950_0 .net *"_ivl_13", 1 0, L_0000016e9cd3ea90;  1 drivers
v0000016e9cd33590_0 .net *"_ivl_8", 36 0, L_0000016e9cd98160;  1 drivers
v0000016e9cd33130_0 .net "block_offset", 1 0, L_0000016e9cd97580;  1 drivers
v0000016e9cd34350_0 .var "busywait", 0 0;
v0000016e9cd34170 .array "cache_array", 0 7, 36 0;
v0000016e9cd33270_0 .net "clk", 0 0, v0000016e9cd3b430_0;  alias, 1 drivers
v0000016e9cd343f0_0 .var "datarow", 36 0;
v0000016e9cd33db0_0 .var "dirty", 0 0;
v0000016e9cd33e50_0 .var "hit", 0 0;
v0000016e9cd33310_0 .net "index", 2 0, L_0000016e9cd98520;  1 drivers
v0000016e9cd329b0_0 .var "istag", 2 0;
v0000016e9cd34490_0 .var/i "j", 31 0;
v0000016e9cd32b90_0 .var "mem_address", 5 0;
v0000016e9cd32ff0_0 .net "mem_busywait", 0 0, v0000016e9cd33d10_0;  alias, 1 drivers
v0000016e9cd33ef0_0 .var "mem_read", 0 0;
v0000016e9cd32910_0 .net "mem_readdata", 31 0, v0000016e9cd340d0_0;  alias, 1 drivers
v0000016e9cd33b30_0 .var "mem_write", 0 0;
v0000016e9cd336d0_0 .var "mem_writedata", 31 0;
v0000016e9cd34530_0 .var "next_state", 2 0;
v0000016e9cd334f0_0 .net "pc", 31 0, v0000016e9cc98b90_0;  alias, 1 drivers
v0000016e9cd333b0_0 .net "read", 0 0, v0000016e9cd311c0_0;  alias, 1 drivers
v0000016e9cd33630_0 .net "reset", 0 0, v0000016e9cd399f0_0;  alias, 1 drivers
v0000016e9cd33770_0 .var "state", 2 0;
v0000016e9cd33810_0 .net "tag", 7 5, L_0000016e9cd97260;  1 drivers
v0000016e9cd342b0_0 .var "tempData", 31 0;
v0000016e9cd32d70_0 .var "valid", 0 0;
v0000016e9cd345d0_0 .net "write", 0 0, v0000016e9cd31580_0;  alias, 1 drivers
E_0000016e9ccb7d10/0 .event anyedge, v0000016e9cd31c60_0;
E_0000016e9ccb7d10/1 .event posedge, v0000016e9ccbda40_0;
E_0000016e9ccb7d10 .event/or E_0000016e9ccb7d10/0, E_0000016e9ccb7d10/1;
E_0000016e9ccb7ed0/0 .event anyedge, v0000016e9cd33770_0, v0000016e9cd33810_0, v0000016e9cd33310_0, v0000016e9cd32ff0_0;
v0000016e9cd34170_0 .array/port v0000016e9cd34170, 0;
v0000016e9cd34170_1 .array/port v0000016e9cd34170, 1;
v0000016e9cd34170_2 .array/port v0000016e9cd34170, 2;
E_0000016e9ccb7ed0/1 .event anyedge, v0000016e9cd32910_0, v0000016e9cd34170_0, v0000016e9cd34170_1, v0000016e9cd34170_2;
v0000016e9cd34170_3 .array/port v0000016e9cd34170, 3;
v0000016e9cd34170_4 .array/port v0000016e9cd34170, 4;
v0000016e9cd34170_5 .array/port v0000016e9cd34170, 5;
v0000016e9cd34170_6 .array/port v0000016e9cd34170, 6;
E_0000016e9ccb7ed0/2 .event anyedge, v0000016e9cd34170_3, v0000016e9cd34170_4, v0000016e9cd34170_5, v0000016e9cd34170_6;
v0000016e9cd34170_7 .array/port v0000016e9cd34170, 7;
E_0000016e9ccb7ed0/3 .event anyedge, v0000016e9cd34170_7;
E_0000016e9ccb7ed0 .event/or E_0000016e9ccb7ed0/0, E_0000016e9ccb7ed0/1, E_0000016e9ccb7ed0/2, E_0000016e9ccb7ed0/3;
E_0000016e9ccb0590/0 .event anyedge, v0000016e9cd33770_0, v0000016e9cd311c0_0, v0000016e9cd31580_0, v0000016e9cd33db0_0;
E_0000016e9ccb0590/1 .event anyedge, v0000016e9cd33e50_0, v0000016e9cd32ff0_0;
E_0000016e9ccb0590 .event/or E_0000016e9ccb0590/0, E_0000016e9ccb0590/1;
E_0000016e9ccb05d0/0 .event anyedge, v0000016e9cd31580_0, v0000016e9cd311c0_0;
E_0000016e9ccb05d0/1 .event posedge, v0000016e9cd33e50_0;
E_0000016e9ccb05d0 .event/or E_0000016e9ccb05d0/0, E_0000016e9ccb05d0/1;
E_0000016e9ccb0250 .event anyedge, v0000016e9cd311c0_0, v0000016e9cd31580_0;
E_0000016e9ccb0650/0 .event anyedge, v0000016e9cd33e50_0, v0000016e9cd311c0_0, v0000016e9cd31580_0, v0000016e9cd33130_0;
E_0000016e9ccb0650/1 .event anyedge, v0000016e9cd342b0_0;
E_0000016e9ccb0650 .event/or E_0000016e9ccb0650/0, E_0000016e9ccb0650/1;
E_0000016e9cc3bf50 .event anyedge, v0000016e9cd311c0_0, v0000016e9cd343f0_0;
E_0000016e9cc3b910 .event anyedge, v0000016e9cd343f0_0, v0000016e9cd33810_0, v0000016e9cd32d70_0;
E_0000016e9cc3b4d0/0 .event anyedge, L_0000016e9cd98160;
E_0000016e9cc3b4d0/1 .event posedge, v0000016e9cd31f80_0;
E_0000016e9cc3b4d0 .event/or E_0000016e9cc3b4d0/0, E_0000016e9cc3b4d0/1;
L_0000016e9cd98520 .part v0000016e9cd31f80_0, 2, 3;
L_0000016e9cd97580 .part v0000016e9cd31f80_0, 0, 2;
L_0000016e9cd97260 .part v0000016e9cd31f80_0, 5, 3;
L_0000016e9cd98160 .array/port v0000016e9cd34170, L_0000016e9cd980c0;
L_0000016e9cd980c0 .concat [ 3 2 0 0], L_0000016e9cd98520, L_0000016e9cd3ea90;
S_0000016e9cbc2b50 .scope module, "dm2" "data_memory" 3 79, 7 2 0, S_0000016e9cc5ed20;
 .timescale -9 -12;
    .port_info 0 /INPUT 1 "clock";
    .port_info 1 /INPUT 1 "reset";
    .port_info 2 /INPUT 1 "read";
    .port_info 3 /INPUT 1 "write";
    .port_info 4 /INPUT 6 "address";
    .port_info 5 /INPUT 32 "writedata";
    .port_info 6 /OUTPUT 32 "readdata";
    .port_info 7 /OUTPUT 1 "busywait";
v0000016e9cd34670_0 .var *"_ivl_10", 7 0; Local signal
v0000016e9cd32e10_0 .var *"_ivl_11", 7 0; Local signal
v0000016e9cd34210_0 .var *"_ivl_4", 7 0; Local signal
v0000016e9cd339f0_0 .var *"_ivl_5", 7 0; Local signal
v0000016e9cd33c70_0 .var *"_ivl_6", 7 0; Local signal
v0000016e9cd33bd0_0 .var *"_ivl_7", 7 0; Local signal
v0000016e9cd32c30_0 .var *"_ivl_8", 7 0; Local signal
v0000016e9cd33a90_0 .var *"_ivl_9", 7 0; Local signal
v0000016e9cd34710_0 .net "address", 5 0, v0000016e9cd32b90_0;  alias, 1 drivers
v0000016e9cd33d10_0 .var "busywait", 0 0;
v0000016e9cd33f90_0 .net "clock", 0 0, v0000016e9cd3b430_0;  alias, 1 drivers
v0000016e9cd32eb0_0 .var/i "i", 31 0;
v0000016e9cd32af0 .array "memory_array", 0 255, 7 0;
v0000016e9cd34030_0 .net "read", 0 0, v0000016e9cd33ef0_0;  alias, 1 drivers
v0000016e9cd32870_0 .var "readaccess", 0 0;
v0000016e9cd340d0_0 .var "readdata", 31 0;
v0000016e9cd32a50_0 .net "reset", 0 0, v0000016e9cd399f0_0;  alias, 1 drivers
v0000016e9cd33090_0 .net "write", 0 0, v0000016e9cd33b30_0;  alias, 1 drivers
v0000016e9cd331d0_0 .var "writeaccess", 0 0;
v0000016e9cd33450_0 .net "writedata", 31 0, v0000016e9cd336d0_0;  alias, 1 drivers
E_0000016e9cc3bb90 .event posedge, v0000016e9cd31c60_0;
E_0000016e9cc3b950 .event anyedge, v0000016e9cd32b90_0, v0000016e9cd33b30_0, v0000016e9cd33ef0_0;
S_0000016e9cc12dd0 .scope module, "reg_8x8" "reg_file" 3 53, 8 2 0, S_0000016e9cc5ed20;
 .timescale -9 -12;
    .port_info 0 /INPUT 8 "IN";
    .port_info 1 /OUTPUT 8 "OUT1";
    .port_info 2 /OUTPUT 8 "OUT2";
    .port_info 3 /INPUT 3 "INADDR";
    .port_info 4 /INPUT 3 "OUT1ADD";
    .port_info 5 /INPUT 3 "OUT2ADD";
    .port_info 6 /INPUT 1 "WRITEEN";
    .port_info 7 /INPUT 1 "CLK";
    .port_info 8 /INPUT 1 "RESET";
    .port_info 9 /INPUT 1 "BUSYWAIT";
v0000016e9cd36dd0_0 .net8 "BUSYWAIT", 0 0, RS_0000016e9ccde828;  alias, 2 drivers
v0000016e9cd365b0_0 .net "CLK", 0 0, v0000016e9cd3b430_0;  alias, 1 drivers
v0000016e9cd35890_0 .net "IN", 7 0, L_0000016e9cd97120;  alias, 1 drivers
v0000016e9cd36b50_0 .net "INADDR", 2 0, L_0000016e9cd97ee0;  alias, 1 drivers
v0000016e9cd36790_0 .var "OUT1", 7 0;
v0000016e9cd361f0_0 .net "OUT1ADD", 2 0, L_0000016e9cd97e40;  alias, 1 drivers
v0000016e9cd370f0_0 .var "OUT2", 7 0;
v0000016e9cd36e70_0 .net "OUT2ADD", 2 0, L_0000016e9cd973a0;  alias, 1 drivers
v0000016e9cd359d0_0 .net "RESET", 0 0, v0000016e9cd399f0_0;  alias, 1 drivers
v0000016e9cd36ab0_0 .net "WRITEEN", 0 0, v0000016e9cd31440_0;  alias, 1 drivers
v0000016e9cd37190_0 .var/i "k", 31 0;
v0000016e9cd37730 .array "regArr", 0 7, 7 0;
v0000016e9cd37730_0 .array/port v0000016e9cd37730, 0;
v0000016e9cd37730_1 .array/port v0000016e9cd37730, 1;
v0000016e9cd37730_2 .array/port v0000016e9cd37730, 2;
E_0000016e9cc3b150/0 .event anyedge, v0000016e9cd361f0_0, v0000016e9cd37730_0, v0000016e9cd37730_1, v0000016e9cd37730_2;
v0000016e9cd37730_3 .array/port v0000016e9cd37730, 3;
v0000016e9cd37730_4 .array/port v0000016e9cd37730, 4;
v0000016e9cd37730_5 .array/port v0000016e9cd37730, 5;
v0000016e9cd37730_6 .array/port v0000016e9cd37730, 6;
E_0000016e9cc3b150/1 .event anyedge, v0000016e9cd37730_3, v0000016e9cd37730_4, v0000016e9cd37730_5, v0000016e9cd37730_6;
v0000016e9cd37730_7 .array/port v0000016e9cd37730, 7;
E_0000016e9cc3b150/2 .event anyedge, v0000016e9cd37730_7, v0000016e9cd36e70_0;
E_0000016e9cc3b150 .event/or E_0000016e9cc3b150/0, E_0000016e9cc3b150/1, E_0000016e9cc3b150/2;
S_0000016e9cd34a10 .scope function.vec4.s1, "is_valid" "is_valid" 8 15, 8 15 0, S_0000016e9cc12dd0;
 .timescale -9 -12;
v0000016e9cd35f70_0 .var/i "i", 31 0;
; Variable is_valid is vec4 return value of scope S_0000016e9cd34a10
v0000016e9cd36330_0 .var "value", 7 0;
TD_cpu_tb.mycpu.reg_8x8.is_valid ;
    %pushi/vec4 1, 0, 1;
    %ret/vec4 0, 0, 1;  Assign to is_valid (store_vec4_to_lval)
    %pushi/vec4 0, 0, 32;
    %store/vec4 v0000016e9cd35f70_0, 0, 32;
T_0.0 ;
    %load/vec4 v0000016e9cd35f70_0;
    %cmpi/s 8, 0, 32;
    %jmp/0xz T_0.1, 5;
    %load/vec4 v0000016e9cd36330_0;
    %load/vec4 v0000016e9cd35f70_0;
    %part/s 1;
    %cmpi/e 1, 1, 1;
    %jmp/0xz  T_0.2, 6;
    %pushi/vec4 0, 0, 1;
    %ret/vec4 0, 0, 1;  Assign to is_valid (store_vec4_to_lval)
T_0.2 ;
    %load/vec4 v0000016e9cd35f70_0;
    %addi 1, 0, 32;
    %store/vec4 v0000016e9cd35f70_0, 0, 32;
    %jmp T_0.0;
T_0.1 ;
    %end;
S_0000016e9cd351e0 .scope module, "myicache" "icache" 2 50, 9 3 0, S_0000016e9ccae960;
 .timescale -12 -12;
    .port_info 0 /OUTPUT 1 "BUSYWAIT";
    .port_info 1 /INPUT 1 "CLK";
    .port_info 2 /INPUT 1 "RESET";
    .port_info 3 /OUTPUT 32 "INSTRUCTION";
    .port_info 4 /INPUT 8 "ADDRESS";
    .port_info 5 /INPUT 1 "MEM_BUSYWAIT";
    .port_info 6 /INPUT 128 "MEM_INSTRUCTION";
    .port_info 7 /OUTPUT 1 "mem_read";
    .port_info 8 /OUTPUT 6 "MEM_ADDRESS";
P_0000016e9cc85510 .param/l "IDLE" 0 9 64, C4<000>;
P_0000016e9cc85548 .param/l "MEM_READ" 0 9 64, C4<001>;
L_0000016e9ccc3020 .functor BUFZ 8, L_0000016e9cd3a5d0, C4<00000000>, C4<00000000>, C4<00000000>;
L_0000016e9ccc2680/d .functor BUFZ 128, L_0000016e9cd3b610, C4<00000000000000000000000000000000000000000000000000000000000000000000000000000000000000000000000000000000000000000000000000000000>, C4<00000000000000000000000000000000000000000000000000000000000000000000000000000000000000000000000000000000000000000000000000000000>, C4<00000000000000000000000000000000000000000000000000000000000000000000000000000000000000000000000000000000000000000000000000000000>;
L_0000016e9ccc2680 .delay 128 (1,1,1) L_0000016e9ccc2680/d;
L_0000016e9ccc2840/d .functor BUFZ 1, L_0000016e9cd3afd0, C4<0>, C4<0>, C4<0>;
L_0000016e9ccc2840 .delay 1 (1,1,1) L_0000016e9ccc2840/d;
L_0000016e9ccc2a70/d .functor BUFZ 3, L_0000016e9cd3b070, C4<000>, C4<000>, C4<000>;
L_0000016e9ccc2a70 .delay 3 (1,1,1) L_0000016e9ccc2a70/d;
L_0000016e9ccc2bc0/d .functor AND 1, L_0000016e9ccc2840, L_0000016e9cd3a3f0, C4<1>, C4<1>;
L_0000016e9ccc2bc0 .delay 1 (1,1,1) L_0000016e9ccc2bc0/d;
v0000016e9cd39060_0 .net "ADDRESS", 7 0, L_0000016e9cd3a5d0;  1 drivers
v0000016e9cd38fc0_0 .var "BUSYWAIT", 0 0;
v0000016e9cd38700_0 .net "CLK", 0 0, v0000016e9cd3b430_0;  alias, 1 drivers
v0000016e9cd38de0_0 .net "INSTRUCTION", 31 0, L_0000016e9cd3a490;  alias, 1 drivers
v0000016e9cd382a0_0 .var "MEM_ADDRESS", 5 0;
v0000016e9cd38e80_0 .net "MEM_BUSYWAIT", 0 0, v0000016e9cd3a710_0;  alias, 1 drivers
v0000016e9cd39560_0 .net "MEM_INSTRUCTION", 127 0, v0000016e9cd3adf0_0;  alias, 1 drivers
v0000016e9cd38a20_0 .net "RESET", 0 0, v0000016e9cd399f0_0;  alias, 1 drivers
L_0000016e9cd3e898 .functor BUFT 1, C4<00>, C4<0>, C4<0>, C4<0>;
v0000016e9cd39740_0 .net *"_ivl_11", 1 0, L_0000016e9cd3e898;  1 drivers
v0000016e9cd39600_0 .net *"_ivl_14", 0 0, L_0000016e9cd3afd0;  1 drivers
v0000016e9cd38f20_0 .net *"_ivl_16", 4 0, L_0000016e9cd3a170;  1 drivers
L_0000016e9cd3e8e0 .functor BUFT 1, C4<00>, C4<0>, C4<0>, C4<0>;
v0000016e9cd37da0_0 .net *"_ivl_19", 1 0, L_0000016e9cd3e8e0;  1 drivers
v0000016e9cd39420_0 .net *"_ivl_22", 2 0, L_0000016e9cd3b070;  1 drivers
v0000016e9cd394c0_0 .net *"_ivl_24", 4 0, L_0000016e9cd3b110;  1 drivers
L_0000016e9cd3e928 .functor BUFT 1, C4<00>, C4<0>, C4<0>, C4<0>;
v0000016e9cd38520_0 .net *"_ivl_27", 1 0, L_0000016e9cd3e928;  1 drivers
v0000016e9cd392e0_0 .net *"_ivl_30", 0 0, L_0000016e9cd3a3f0;  1 drivers
v0000016e9cd38ac0_0 .net *"_ivl_34", 31 0, L_0000016e9cd398b0;  1 drivers
L_0000016e9cd3e970 .functor BUFT 1, C4<0000000000000000000000000000000>, C4<0>, C4<0>, C4<0>;
v0000016e9cd37a80_0 .net *"_ivl_37", 30 0, L_0000016e9cd3e970;  1 drivers
L_0000016e9cd3e9b8 .functor BUFT 1, C4<00000000000000000000000000000001>, C4<0>, C4<0>, C4<0>;
v0000016e9cd38160_0 .net/2u *"_ivl_38", 31 0, L_0000016e9cd3e9b8;  1 drivers
v0000016e9cd38340_0 .net *"_ivl_40", 0 0, L_0000016e9cd3aad0;  1 drivers
L_0000016e9cd3ea00 .functor BUFT 1, C4<xxxxxxxxxxxxxxxxxxxxxxxxxxxxxxxx>, C4<0>, C4<0>, C4<0>;
v0000016e9cd378a0_0 .net *"_ivl_42", 31 0, L_0000016e9cd3ea00;  1 drivers
v0000016e9cd396a0_0 .net *"_ivl_5", 7 0, L_0000016e9ccc3020;  1 drivers
v0000016e9cd387a0_0 .net *"_ivl_6", 127 0, L_0000016e9cd3b610;  1 drivers
v0000016e9cd380c0_0 .net *"_ivl_8", 4 0, L_0000016e9cd3a350;  1 drivers
v0000016e9cd37940_0 .net "hit", 0 0, L_0000016e9ccc2bc0;  1 drivers
v0000016e9cd379e0_0 .var/i "i", 31 0;
v0000016e9cd38200 .array "icache_array", 0 7, 127 0;
v0000016e9cd383e0_0 .net "index", 2 0, L_0000016e9cd3b750;  1 drivers
v0000016e9cd38480_0 .net "instruction_block", 127 0, L_0000016e9ccc2680;  1 drivers
v0000016e9cd38b60_0 .net "istag", 2 0, L_0000016e9ccc2a70;  1 drivers
v0000016e9cd38c00_0 .var "loaded_instruction", 31 0;
v0000016e9cd37b20_0 .var "mem_read", 0 0;
v0000016e9cd37bc0_0 .var "next_state", 2 0;
v0000016e9cd385c0_0 .net "offset", 1 0, L_0000016e9cd3b250;  1 drivers
v0000016e9cd38660_0 .var "state", 2 0;
v0000016e9cd37c60_0 .net "tag", 2 0, L_0000016e9cd3b570;  1 drivers
v0000016e9cd38ca0 .array "tag_array", 0 7, 2 0;
v0000016e9cd38840_0 .net "valid", 0 0, L_0000016e9ccc2840;  1 drivers
v0000016e9cd388e0 .array "valid_array", 0 7, 0 0;
E_0000016e9cc3bbd0/0 .event anyedge, v0000016e9cd38660_0, v0000016e9cd37c60_0, v0000016e9cd383e0_0, v0000016e9cd38e80_0;
E_0000016e9cc3bbd0/1 .event anyedge, v0000016e9cd39560_0;
E_0000016e9cc3bbd0 .event/or E_0000016e9cc3bbd0/0, E_0000016e9cc3bbd0/1;
E_0000016e9cc3b990 .event anyedge, v0000016e9cd38660_0, v0000016e9cd37940_0, v0000016e9cd38e80_0;
E_0000016e9cc3b690 .event anyedge, v0000016e9cd385c0_0, v0000016e9cd38480_0;
E_0000016e9cc3bd90 .event anyedge, v0000016e9ccbda40_0;
E_0000016e9cc3bdd0 .event anyedge, v0000016e9cd39060_0;
L_0000016e9cd3b570 .part L_0000016e9ccc3020, 5, 3;
L_0000016e9cd3b750 .part L_0000016e9ccc3020, 2, 3;
L_0000016e9cd3b250 .part L_0000016e9ccc3020, 0, 2;
L_0000016e9cd3b610 .array/port v0000016e9cd38200, L_0000016e9cd3a350;
L_0000016e9cd3a350 .concat [ 3 2 0 0], L_0000016e9cd3b750, L_0000016e9cd3e898;
L_0000016e9cd3afd0 .array/port v0000016e9cd388e0, L_0000016e9cd3a170;
L_0000016e9cd3a170 .concat [ 3 2 0 0], L_0000016e9cd3b750, L_0000016e9cd3e8e0;
L_0000016e9cd3b070 .array/port v0000016e9cd38ca0, L_0000016e9cd3b110;
L_0000016e9cd3b110 .concat [ 3 2 0 0], L_0000016e9cd3b750, L_0000016e9cd3e928;
L_0000016e9cd3a3f0 .cmp/eq 3, L_0000016e9ccc2a70, L_0000016e9cd3b570;
L_0000016e9cd398b0 .concat [ 1 31 0 0], L_0000016e9ccc2bc0, L_0000016e9cd3e970;
L_0000016e9cd3aad0 .cmp/eq 32, L_0000016e9cd398b0, L_0000016e9cd3e9b8;
L_0000016e9cd3a490 .functor MUXZ 32, L_0000016e9cd3ea00, v0000016e9cd38c00_0, L_0000016e9cd3aad0, C4<>;
S_0000016e9cd34d30 .scope module, "myimem" "instruction_memory" 2 51, 10 12 0, S_0000016e9ccae960;
 .timescale -9 -12;
    .port_info 0 /INPUT 1 "clock";
    .port_info 1 /INPUT 1 "read";
    .port_info 2 /INPUT 6 "address";
    .port_info 3 /OUTPUT 128 "readinst";
    .port_info 4 /OUTPUT 1 "busywait";
v0000016e9cd38980_0 .var *"_ivl_10", 7 0; Local signal
v0000016e9cd38d40_0 .var *"_ivl_11", 7 0; Local signal
v0000016e9cd39100_0 .var *"_ivl_12", 7 0; Local signal
v0000016e9cd391a0_0 .var *"_ivl_13", 7 0; Local signal
v0000016e9cd37e40_0 .var *"_ivl_14", 7 0; Local signal
v0000016e9cd39240_0 .var *"_ivl_15", 7 0; Local signal
v0000016e9cd37ee0_0 .var *"_ivl_16", 7 0; Local signal
v0000016e9cd39380_0 .var *"_ivl_17", 7 0; Local signal
v0000016e9cd39a90_0 .var *"_ivl_2", 7 0; Local signal
v0000016e9cd3b2f0_0 .var *"_ivl_3", 7 0; Local signal
v0000016e9cd39d10_0 .var *"_ivl_4", 7 0; Local signal
v0000016e9cd39e50_0 .var *"_ivl_5", 7 0; Local signal
v0000016e9cd39b30_0 .var *"_ivl_6", 7 0; Local signal
v0000016e9cd3ac10_0 .var *"_ivl_7", 7 0; Local signal
v0000016e9cd3acb0_0 .var *"_ivl_8", 7 0; Local signal
v0000016e9cd3a530_0 .var *"_ivl_9", 7 0; Local signal
v0000016e9cd3ad50_0 .net "address", 5 0, v0000016e9cd382a0_0;  alias, 1 drivers
v0000016e9cd3a710_0 .var "busywait", 0 0;
v0000016e9cd3a7b0_0 .net "clock", 0 0, v0000016e9cd3b430_0;  alias, 1 drivers
v0000016e9cd3a850 .array "memory_array", 0 1023, 7 0;
v0000016e9cd3b390_0 .net "read", 0 0, v0000016e9cd37b20_0;  alias, 1 drivers
v0000016e9cd39db0_0 .var "readaccess", 0 0;
v0000016e9cd3adf0_0 .var "readinst", 127 0;
E_0000016e9cc3bfd0 .event anyedge, v0000016e9cd37b20_0;
S_0000016e9ccaecc0 .scope module, "jumpAlu" "jumpAlu" 3 286;
 .timescale -9 -12;
    .port_info 0 /INPUT 32 "PCPLUS4";
    .port_info 1 /INPUT 32 "SIGN_EXTEND_VALUE";
    .port_info 2 /OUTPUT 32 "JUMPADDRESS";
v0000016e9cd3b4d0_0 .var "JUMPADDRESS", 31 0;
o0000016e9cce1558 .functor BUFZ 32, C4<zzzzzzzzzzzzzzzzzzzzzzzzzzzzzzzz>; HiZ drive
v0000016e9cd3af30_0 .net "PCPLUS4", 31 0, o0000016e9cce1558;  0 drivers
o0000016e9cce1588 .functor BUFZ 32, C4<zzzzzzzzzzzzzzzzzzzzzzzzzzzzzzzz>; HiZ drive
v0000016e9cd3a0d0_0 .net "SIGN_EXTEND_VALUE", 31 0, o0000016e9cce1588;  0 drivers
E_0000016e9cc3c0d0 .event anyedge, v0000016e9cd3a0d0_0;
S_0000016e9cc5d890 .scope module, "shiftLeft" "shiftLeft" 3 277;
 .timescale -9 -12;
    .port_info 0 /INPUT 32 "input32bit";
    .port_info 1 /OUTPUT 32 "leftshiftoutput";
o0000016e9cce1648 .functor BUFZ 32, C4<zzzzzzzzzzzzzzzzzzzzzzzzzzzzzzzz>; HiZ drive
v0000016e9cd39950_0 .net "input32bit", 31 0, o0000016e9cce1648;  0 drivers
v0000016e9cd3b6b0_0 .var "leftshiftoutput", 31 0;
E_0000016e9cc3b510 .event anyedge, v0000016e9cd39950_0;
S_0000016e9cc5da20 .scope module, "signExtend" "signExtend" 3 260;
 .timescale -9 -12;
    .port_info 0 /INPUT 8 "input8bit";
    .port_info 1 /OUTPUT 32 "output32bit";
o0000016e9cce1708 .functor BUFZ 8, C4<zzzzzzzz>; HiZ drive
v0000016e9cd3a210_0 .net "input8bit", 7 0, o0000016e9cce1708;  0 drivers
v0000016e9cd39bd0_0 .var "output32bit", 31 0;
E_0000016e9cc3b110 .event anyedge, v0000016e9cd3a210_0;
    .scope S_0000016e9cd351e0;
T_1 ;
    %wait E_0000016e9cc3bdd0;
    %pushi/vec4 1, 0, 1;
    %store/vec4 v0000016e9cd38fc0_0, 0, 1;
    %jmp T_1;
    .thread T_1, $push;
    .scope S_0000016e9cd351e0;
T_2 ;
    %wait E_0000016e9cc3bd90;
    %load/vec4 v0000016e9cd37940_0;
    %flag_set/vec4 8;
    %jmp/0xz  T_2.0, 8;
    %pushi/vec4 0, 0, 1;
    %store/vec4 v0000016e9cd38fc0_0, 0, 1;
T_2.0 ;
    %jmp T_2;
    .thread T_2, $push;
    .scope S_0000016e9cd351e0;
T_3 ;
    %wait E_0000016e9cc3b690;
    %delay 1, 0;
    %load/vec4 v0000016e9cd385c0_0;
    %dup/vec4;
    %pushi/vec4 0, 0, 2;
    %cmp/u;
    %jmp/1 T_3.0, 6;
    %dup/vec4;
    %pushi/vec4 1, 0, 2;
    %cmp/u;
    %jmp/1 T_3.1, 6;
    %dup/vec4;
    %pushi/vec4 2, 0, 2;
    %cmp/u;
    %jmp/1 T_3.2, 6;
    %dup/vec4;
    %pushi/vec4 3, 0, 2;
    %cmp/u;
    %jmp/1 T_3.3, 6;
    %jmp T_3.4;
T_3.0 ;
    %load/vec4 v0000016e9cd38480_0;
    %parti/s 32, 0, 2;
    %store/vec4 v0000016e9cd38c00_0, 0, 32;
    %jmp T_3.4;
T_3.1 ;
    %load/vec4 v0000016e9cd38480_0;
    %parti/s 32, 32, 7;
    %store/vec4 v0000016e9cd38c00_0, 0, 32;
    %jmp T_3.4;
T_3.2 ;
    %load/vec4 v0000016e9cd38480_0;
    %parti/s 32, 64, 8;
    %store/vec4 v0000016e9cd38c00_0, 0, 32;
    %jmp T_3.4;
T_3.3 ;
    %load/vec4 v0000016e9cd38480_0;
    %parti/s 32, 96, 8;
    %store/vec4 v0000016e9cd38c00_0, 0, 32;
    %jmp T_3.4;
T_3.4 ;
    %pop/vec4 1;
    %jmp T_3;
    .thread T_3, $push;
    .scope S_0000016e9cd351e0;
T_4 ;
    %wait E_0000016e9cc3b990;
    %load/vec4 v0000016e9cd38660_0;
    %dup/vec4;
    %pushi/vec4 0, 0, 3;
    %cmp/u;
    %jmp/1 T_4.0, 6;
    %dup/vec4;
    %pushi/vec4 1, 0, 3;
    %cmp/u;
    %jmp/1 T_4.1, 6;
    %jmp T_4.2;
T_4.0 ;
    %load/vec4 v0000016e9cd37940_0;
    %nor/r;
    %flag_set/vec4 8;
    %jmp/0xz  T_4.3, 8;
    %pushi/vec4 1, 0, 3;
    %store/vec4 v0000016e9cd37bc0_0, 0, 3;
    %jmp T_4.4;
T_4.3 ;
    %pushi/vec4 0, 0, 3;
    %store/vec4 v0000016e9cd37bc0_0, 0, 3;
T_4.4 ;
    %jmp T_4.2;
T_4.1 ;
    %load/vec4 v0000016e9cd38e80_0;
    %nor/r;
    %flag_set/vec4 8;
    %jmp/0xz  T_4.5, 8;
    %pushi/vec4 0, 0, 3;
    %store/vec4 v0000016e9cd37bc0_0, 0, 3;
    %jmp T_4.6;
T_4.5 ;
    %pushi/vec4 1, 0, 3;
    %store/vec4 v0000016e9cd37bc0_0, 0, 3;
T_4.6 ;
    %jmp T_4.2;
T_4.2 ;
    %pop/vec4 1;
    %jmp T_4;
    .thread T_4, $push;
    .scope S_0000016e9cd351e0;
T_5 ;
    %wait E_0000016e9cc3bbd0;
    %load/vec4 v0000016e9cd38660_0;
    %dup/vec4;
    %pushi/vec4 0, 0, 3;
    %cmp/u;
    %jmp/1 T_5.0, 6;
    %dup/vec4;
    %pushi/vec4 1, 0, 3;
    %cmp/u;
    %jmp/1 T_5.1, 6;
    %jmp T_5.2;
T_5.0 ;
    %pushi/vec4 0, 0, 1;
    %store/vec4 v0000016e9cd37b20_0, 0, 1;
    %pushi/vec4 31, 31, 6;
    %store/vec4 v0000016e9cd382a0_0, 0, 6;
    %jmp T_5.2;
T_5.1 ;
    %pushi/vec4 1, 0, 1;
    %store/vec4 v0000016e9cd38fc0_0, 0, 1;
    %pushi/vec4 1, 0, 1;
    %store/vec4 v0000016e9cd37b20_0, 0, 1;
    %load/vec4 v0000016e9cd37c60_0;
    %load/vec4 v0000016e9cd383e0_0;
    %concat/vec4; draw_concat_vec4
    %store/vec4 v0000016e9cd382a0_0, 0, 6;
    %delay 1, 0;
    %load/vec4 v0000016e9cd38e80_0;
    %pad/u 32;
    %cmpi/e 0, 0, 32;
    %jmp/0xz  T_5.3, 4;
    %load/vec4 v0000016e9cd39560_0;
    %load/vec4 v0000016e9cd383e0_0;
    %pad/u 5;
    %ix/vec4 4;
    %store/vec4a v0000016e9cd38200, 4, 0;
    %pushi/vec4 31, 31, 6;
    %store/vec4 v0000016e9cd382a0_0, 0, 6;
    %load/vec4 v0000016e9cd37c60_0;
    %load/vec4 v0000016e9cd383e0_0;
    %pad/u 5;
    %ix/vec4 4;
    %store/vec4a v0000016e9cd38ca0, 4, 0;
    %pushi/vec4 1, 0, 1;
    %load/vec4 v0000016e9cd383e0_0;
    %pad/u 5;
    %ix/vec4 4;
    %store/vec4a v0000016e9cd388e0, 4, 0;
T_5.3 ;
    %jmp T_5.2;
T_5.2 ;
    %pop/vec4 1;
    %jmp T_5;
    .thread T_5, $push;
    .scope S_0000016e9cd351e0;
T_6 ;
    %wait E_0000016e9ccb7d10;
    %load/vec4 v0000016e9cd38a20_0;
    %flag_set/vec4 8;
    %jmp/0xz  T_6.0, 8;
    %pushi/vec4 0, 0, 3;
    %store/vec4 v0000016e9cd38660_0, 0, 3;
    %pushi/vec4 0, 0, 32;
    %store/vec4 v0000016e9cd379e0_0, 0, 32;
T_6.2 ;
    %load/vec4 v0000016e9cd379e0_0;
    %cmpi/s 8, 0, 32;
    %jmp/0xz T_6.3, 5;
    %pushi/vec4 0, 0, 1;
    %ix/getv/s 4, v0000016e9cd379e0_0;
    %store/vec4a v0000016e9cd388e0, 4, 0;
    %load/vec4 v0000016e9cd379e0_0;
    %addi 1, 0, 32;
    %store/vec4 v0000016e9cd379e0_0, 0, 32;
    %jmp T_6.2;
T_6.3 ;
    %jmp T_6.1;
T_6.0 ;
    %load/vec4 v0000016e9cd37bc0_0;
    %store/vec4 v0000016e9cd38660_0, 0, 3;
T_6.1 ;
    %jmp T_6;
    .thread T_6;
    .scope S_0000016e9cd34d30;
T_7 ;
    %pushi/vec4 0, 0, 1;
    %store/vec4 v0000016e9cd3a710_0, 0, 1;
    %pushi/vec4 0, 0, 1;
    %store/vec4 v0000016e9cd39db0_0, 0, 1;
    %vpi_call 10 42 "$readmemb", "instr_mem.mem", v0000016e9cd3a850 {0 0 0};
    %end;
    .thread T_7;
    .scope S_0000016e9cd34d30;
T_8 ;
    %wait E_0000016e9cc3bfd0;
    %load/vec4 v0000016e9cd3b390_0;
    %flag_set/vec4 8;
    %jmp/0 T_8.0, 8;
    %pushi/vec4 1, 0, 2;
    %jmp/1 T_8.1, 8;
T_8.0 ; End of true expr.
    %pushi/vec4 0, 0, 2;
    %jmp/0 T_8.1, 8;
 ; End of false expr.
    %blend;
T_8.1;
    %pad/s 1;
    %store/vec4 v0000016e9cd3a710_0, 0, 1;
    %load/vec4 v0000016e9cd3b390_0;
    %flag_set/vec4 8;
    %jmp/0 T_8.2, 8;
    %pushi/vec4 1, 0, 2;
    %jmp/1 T_8.3, 8;
T_8.2 ; End of true expr.
    %pushi/vec4 0, 0, 2;
    %jmp/0 T_8.3, 8;
 ; End of false expr.
    %blend;
T_8.3;
    %pad/s 1;
    %store/vec4 v0000016e9cd39db0_0, 0, 1;
    %jmp T_8;
    .thread T_8, $push;
    .scope S_0000016e9cd34d30;
T_9 ;
    %wait E_0000016e9ccb4990;
    %load/vec4 v0000016e9cd39db0_0;
    %flag_set/vec4 8;
    %jmp/0xz  T_9.0, 8;
    %load/vec4 v0000016e9cd3ad50_0;
    %concati/vec4 0, 0, 4;
    %pad/u 12;
    %ix/vec4 4;
    %load/vec4a v0000016e9cd3a850, 4;
    %store/vec4 v0000016e9cd39a90_0, 0, 8;
    %pushi/vec4 40000, 0, 64;
    %ix/vec4 4;
    %delayx 4;
    %load/vec4 v0000016e9cd39a90_0;
    %ix/load 4, 0, 0;
    %flag_set/imm 4, 0;
    %store/vec4 v0000016e9cd3adf0_0, 4, 8;
    %load/vec4 v0000016e9cd3ad50_0;
    %concati/vec4 1, 0, 4;
    %pad/u 12;
    %ix/vec4 4;
    %load/vec4a v0000016e9cd3a850, 4;
    %store/vec4 v0000016e9cd3b2f0_0, 0, 8;
    %pushi/vec4 40000, 0, 64;
    %ix/vec4 4;
    %delayx 4;
    %load/vec4 v0000016e9cd3b2f0_0;
    %ix/load 4, 8, 0;
    %flag_set/imm 4, 0;
    %store/vec4 v0000016e9cd3adf0_0, 4, 8;
    %load/vec4 v0000016e9cd3ad50_0;
    %concati/vec4 2, 0, 4;
    %pad/u 12;
    %ix/vec4 4;
    %load/vec4a v0000016e9cd3a850, 4;
    %store/vec4 v0000016e9cd39d10_0, 0, 8;
    %pushi/vec4 40000, 0, 64;
    %ix/vec4 4;
    %delayx 4;
    %load/vec4 v0000016e9cd39d10_0;
    %ix/load 4, 16, 0;
    %flag_set/imm 4, 0;
    %store/vec4 v0000016e9cd3adf0_0, 4, 8;
    %load/vec4 v0000016e9cd3ad50_0;
    %concati/vec4 3, 0, 4;
    %pad/u 12;
    %ix/vec4 4;
    %load/vec4a v0000016e9cd3a850, 4;
    %store/vec4 v0000016e9cd39e50_0, 0, 8;
    %pushi/vec4 40000, 0, 64;
    %ix/vec4 4;
    %delayx 4;
    %load/vec4 v0000016e9cd39e50_0;
    %ix/load 4, 24, 0;
    %flag_set/imm 4, 0;
    %store/vec4 v0000016e9cd3adf0_0, 4, 8;
    %load/vec4 v0000016e9cd3ad50_0;
    %concati/vec4 4, 0, 4;
    %pad/u 12;
    %ix/vec4 4;
    %load/vec4a v0000016e9cd3a850, 4;
    %store/vec4 v0000016e9cd39b30_0, 0, 8;
    %pushi/vec4 40000, 0, 64;
    %ix/vec4 4;
    %delayx 4;
    %load/vec4 v0000016e9cd39b30_0;
    %ix/load 4, 32, 0;
    %flag_set/imm 4, 0;
    %store/vec4 v0000016e9cd3adf0_0, 4, 8;
    %load/vec4 v0000016e9cd3ad50_0;
    %concati/vec4 5, 0, 4;
    %pad/u 12;
    %ix/vec4 4;
    %load/vec4a v0000016e9cd3a850, 4;
    %store/vec4 v0000016e9cd3ac10_0, 0, 8;
    %pushi/vec4 40000, 0, 64;
    %ix/vec4 4;
    %delayx 4;
    %load/vec4 v0000016e9cd3ac10_0;
    %ix/load 4, 40, 0;
    %flag_set/imm 4, 0;
    %store/vec4 v0000016e9cd3adf0_0, 4, 8;
    %load/vec4 v0000016e9cd3ad50_0;
    %concati/vec4 6, 0, 4;
    %pad/u 12;
    %ix/vec4 4;
    %load/vec4a v0000016e9cd3a850, 4;
    %store/vec4 v0000016e9cd3acb0_0, 0, 8;
    %pushi/vec4 40000, 0, 64;
    %ix/vec4 4;
    %delayx 4;
    %load/vec4 v0000016e9cd3acb0_0;
    %ix/load 4, 48, 0;
    %flag_set/imm 4, 0;
    %store/vec4 v0000016e9cd3adf0_0, 4, 8;
    %load/vec4 v0000016e9cd3ad50_0;
    %concati/vec4 7, 0, 4;
    %pad/u 12;
    %ix/vec4 4;
    %load/vec4a v0000016e9cd3a850, 4;
    %store/vec4 v0000016e9cd3a530_0, 0, 8;
    %pushi/vec4 40000, 0, 64;
    %ix/vec4 4;
    %delayx 4;
    %load/vec4 v0000016e9cd3a530_0;
    %ix/load 4, 56, 0;
    %flag_set/imm 4, 0;
    %store/vec4 v0000016e9cd3adf0_0, 4, 8;
    %load/vec4 v0000016e9cd3ad50_0;
    %concati/vec4 8, 0, 4;
    %pad/u 12;
    %ix/vec4 4;
    %load/vec4a v0000016e9cd3a850, 4;
    %store/vec4 v0000016e9cd38980_0, 0, 8;
    %pushi/vec4 40000, 0, 64;
    %ix/vec4 4;
    %delayx 4;
    %load/vec4 v0000016e9cd38980_0;
    %ix/load 4, 64, 0;
    %flag_set/imm 4, 0;
    %store/vec4 v0000016e9cd3adf0_0, 4, 8;
    %load/vec4 v0000016e9cd3ad50_0;
    %concati/vec4 9, 0, 4;
    %pad/u 12;
    %ix/vec4 4;
    %load/vec4a v0000016e9cd3a850, 4;
    %store/vec4 v0000016e9cd38d40_0, 0, 8;
    %pushi/vec4 40000, 0, 64;
    %ix/vec4 4;
    %delayx 4;
    %load/vec4 v0000016e9cd38d40_0;
    %ix/load 4, 72, 0;
    %flag_set/imm 4, 0;
    %store/vec4 v0000016e9cd3adf0_0, 4, 8;
    %load/vec4 v0000016e9cd3ad50_0;
    %concati/vec4 10, 0, 4;
    %pad/u 12;
    %ix/vec4 4;
    %load/vec4a v0000016e9cd3a850, 4;
    %store/vec4 v0000016e9cd39100_0, 0, 8;
    %pushi/vec4 40000, 0, 64;
    %ix/vec4 4;
    %delayx 4;
    %load/vec4 v0000016e9cd39100_0;
    %ix/load 4, 80, 0;
    %flag_set/imm 4, 0;
    %store/vec4 v0000016e9cd3adf0_0, 4, 8;
    %load/vec4 v0000016e9cd3ad50_0;
    %concati/vec4 11, 0, 4;
    %pad/u 12;
    %ix/vec4 4;
    %load/vec4a v0000016e9cd3a850, 4;
    %store/vec4 v0000016e9cd391a0_0, 0, 8;
    %pushi/vec4 40000, 0, 64;
    %ix/vec4 4;
    %delayx 4;
    %load/vec4 v0000016e9cd391a0_0;
    %ix/load 4, 88, 0;
    %flag_set/imm 4, 0;
    %store/vec4 v0000016e9cd3adf0_0, 4, 8;
    %load/vec4 v0000016e9cd3ad50_0;
    %concati/vec4 12, 0, 4;
    %pad/u 12;
    %ix/vec4 4;
    %load/vec4a v0000016e9cd3a850, 4;
    %store/vec4 v0000016e9cd37e40_0, 0, 8;
    %pushi/vec4 40000, 0, 64;
    %ix/vec4 4;
    %delayx 4;
    %load/vec4 v0000016e9cd37e40_0;
    %ix/load 4, 96, 0;
    %flag_set/imm 4, 0;
    %store/vec4 v0000016e9cd3adf0_0, 4, 8;
    %load/vec4 v0000016e9cd3ad50_0;
    %concati/vec4 13, 0, 4;
    %pad/u 12;
    %ix/vec4 4;
    %load/vec4a v0000016e9cd3a850, 4;
    %store/vec4 v0000016e9cd39240_0, 0, 8;
    %pushi/vec4 40000, 0, 64;
    %ix/vec4 4;
    %delayx 4;
    %load/vec4 v0000016e9cd39240_0;
    %ix/load 4, 104, 0;
    %flag_set/imm 4, 0;
    %store/vec4 v0000016e9cd3adf0_0, 4, 8;
    %load/vec4 v0000016e9cd3ad50_0;
    %concati/vec4 14, 0, 4;
    %pad/u 12;
    %ix/vec4 4;
    %load/vec4a v0000016e9cd3a850, 4;
    %store/vec4 v0000016e9cd37ee0_0, 0, 8;
    %pushi/vec4 40000, 0, 64;
    %ix/vec4 4;
    %delayx 4;
    %load/vec4 v0000016e9cd37ee0_0;
    %ix/load 4, 112, 0;
    %flag_set/imm 4, 0;
    %store/vec4 v0000016e9cd3adf0_0, 4, 8;
    %load/vec4 v0000016e9cd3ad50_0;
    %concati/vec4 15, 0, 4;
    %pad/u 12;
    %ix/vec4 4;
    %load/vec4a v0000016e9cd3a850, 4;
    %store/vec4 v0000016e9cd39380_0, 0, 8;
    %pushi/vec4 40000, 0, 64;
    %ix/vec4 4;
    %delayx 4;
    %load/vec4 v0000016e9cd39380_0;
    %ix/load 4, 120, 0;
    %flag_set/imm 4, 0;
    %store/vec4 v0000016e9cd3adf0_0, 4, 8;
    %pushi/vec4 0, 0, 1;
    %store/vec4 v0000016e9cd3a710_0, 0, 1;
    %pushi/vec4 0, 0, 1;
    %store/vec4 v0000016e9cd39db0_0, 0, 1;
T_9.0 ;
    %jmp T_9;
    .thread T_9;
    .scope S_0000016e9cc5eeb0;
T_10 ;
    %wait E_0000016e9ccb4490;
    %load/vec4 v0000016e9cd31b20_0;
    %parti/s 1, 7, 4;
    %cmpi/e 0, 0, 1;
    %jmp/0xz  T_10.0, 4;
    %pushi/vec4 0, 0, 24;
    %load/vec4 v0000016e9cd31b20_0;
    %concat/vec4; draw_concat_vec4
    %assign/vec4 v0000016e9cd319e0_0, 0;
    %jmp T_10.1;
T_10.0 ;
    %load/vec4 v0000016e9cd31b20_0;
    %parti/s 1, 7, 4;
    %cmpi/e 1, 0, 1;
    %jmp/0xz  T_10.2, 4;
    %pushi/vec4 16777215, 0, 24;
    %load/vec4 v0000016e9cd31b20_0;
    %concat/vec4; draw_concat_vec4
    %assign/vec4 v0000016e9cd319e0_0, 0;
T_10.2 ;
T_10.1 ;
    %jmp T_10;
    .thread T_10, $push;
    .scope S_0000016e9cc5eeb0;
T_11 ;
    %wait E_0000016e9ccb4190;
    %delay 1000, 0;
    %load/vec4 v0000016e9cc98b90_0;
    %addi 4, 0, 32;
    %assign/vec4 v0000016e9cd313a0_0, 0;
    %jmp T_11;
    .thread T_11, $push;
    .scope S_0000016e9cc5eeb0;
T_12 ;
    %wait E_0000016e9ccb4990;
    %delay 1000, 0;
    %load/vec4 v0000016e9cd31c60_0;
    %flag_set/vec4 8;
    %jmp/0xz  T_12.0, 8;
    %pushi/vec4 0, 0, 32;
    %assign/vec4 v0000016e9cc98b90_0, 0;
    %jmp T_12.1;
T_12.0 ;
    %load/vec4 v0000016e9ccbd720_0;
    %inv;
    %flag_set/vec4 8;
    %jmp/0xz  T_12.2, 8;
    %load/vec4 v0000016e9cc989b0_0;
    %assign/vec4 v0000016e9cc98b90_0, 0;
T_12.2 ;
T_12.1 ;
    %jmp T_12;
    .thread T_12;
    .scope S_0000016e9cbf8780;
T_13 ;
    %wait E_0000016e9ccb7c90;
    %load/vec4 v0000016e9cd30c20_0;
    %assign/vec4 v0000016e9cd30cc0_0, 0;
    %jmp T_13;
    .thread T_13, $push;
    .scope S_0000016e9cbf8780;
T_14 ;
    %wait E_0000016e9ccb7190;
    %load/vec4 v0000016e9cd31120_0;
    %dup/vec4;
    %pushi/vec4 2, 0, 8;
    %cmp/u;
    %jmp/1 T_14.0, 6;
    %dup/vec4;
    %pushi/vec4 3, 0, 8;
    %cmp/u;
    %jmp/1 T_14.1, 6;
    %dup/vec4;
    %pushi/vec4 4, 0, 8;
    %cmp/u;
    %jmp/1 T_14.2, 6;
    %dup/vec4;
    %pushi/vec4 5, 0, 8;
    %cmp/u;
    %jmp/1 T_14.3, 6;
    %dup/vec4;
    %pushi/vec4 1, 0, 8;
    %cmp/u;
    %jmp/1 T_14.4, 6;
    %dup/vec4;
    %pushi/vec4 0, 0, 8;
    %cmp/u;
    %jmp/1 T_14.5, 6;
    %dup/vec4;
    %pushi/vec4 7, 0, 8;
    %cmp/u;
    %jmp/1 T_14.6, 6;
    %dup/vec4;
    %pushi/vec4 6, 0, 8;
    %cmp/u;
    %jmp/1 T_14.7, 6;
    %dup/vec4;
    %pushi/vec4 8, 0, 8;
    %cmp/u;
    %jmp/1 T_14.8, 6;
    %dup/vec4;
    %pushi/vec4 9, 0, 8;
    %cmp/u;
    %jmp/1 T_14.9, 6;
    %dup/vec4;
    %pushi/vec4 10, 0, 8;
    %cmp/u;
    %jmp/1 T_14.10, 6;
    %dup/vec4;
    %pushi/vec4 11, 0, 8;
    %cmp/u;
    %jmp/1 T_14.11, 6;
    %jmp T_14.12;
T_14.0 ;
    %pushi/vec4 1, 0, 3;
    %assign/vec4 v0000016e9cd30b80_0, 1000;
    %pushi/vec4 0, 0, 1;
    %assign/vec4 v0000016e9cd30ea0_0, 1000;
    %pushi/vec4 1, 0, 1;
    %assign/vec4 v0000016e9cd30fe0_0, 1000;
    %pushi/vec4 1, 0, 1;
    %assign/vec4 v0000016e9cd31440_0, 1000;
    %pushi/vec4 0, 0, 1;
    %assign/vec4 v0000016e9cd31a80_0, 1000;
    %pushi/vec4 0, 0, 1;
    %assign/vec4 v0000016e9cd31080_0, 1000;
    %pushi/vec4 0, 0, 1;
    %assign/vec4 v0000016e9cd311c0_0, 1000;
    %pushi/vec4 0, 0, 1;
    %assign/vec4 v0000016e9cd31580_0, 1000;
    %pushi/vec4 0, 0, 1;
    %assign/vec4 v0000016e9cd30d60_0, 1000;
    %jmp T_14.12;
T_14.1 ;
    %pushi/vec4 1, 0, 3;
    %assign/vec4 v0000016e9cd30b80_0, 1000;
    %pushi/vec4 1, 0, 1;
    %assign/vec4 v0000016e9cd30ea0_0, 0;
    %pushi/vec4 1, 0, 1;
    %assign/vec4 v0000016e9cd30fe0_0, 1000;
    %pushi/vec4 1, 0, 1;
    %assign/vec4 v0000016e9cd31440_0, 1000;
    %pushi/vec4 0, 0, 1;
    %assign/vec4 v0000016e9cd31a80_0, 1000;
    %pushi/vec4 0, 0, 1;
    %assign/vec4 v0000016e9cd31080_0, 1000;
    %pushi/vec4 0, 0, 1;
    %assign/vec4 v0000016e9cd311c0_0, 1000;
    %pushi/vec4 0, 0, 1;
    %assign/vec4 v0000016e9cd31580_0, 1000;
    %pushi/vec4 0, 0, 1;
    %assign/vec4 v0000016e9cd30d60_0, 1000;
    %jmp T_14.12;
T_14.2 ;
    %pushi/vec4 2, 0, 3;
    %assign/vec4 v0000016e9cd30b80_0, 1000;
    %pushi/vec4 0, 0, 1;
    %assign/vec4 v0000016e9cd30ea0_0, 0;
    %pushi/vec4 1, 0, 1;
    %assign/vec4 v0000016e9cd30fe0_0, 1000;
    %pushi/vec4 1, 0, 1;
    %assign/vec4 v0000016e9cd31440_0, 1000;
    %pushi/vec4 0, 0, 1;
    %assign/vec4 v0000016e9cd31a80_0, 1000;
    %pushi/vec4 0, 0, 1;
    %assign/vec4 v0000016e9cd31080_0, 1000;
    %pushi/vec4 0, 0, 1;
    %assign/vec4 v0000016e9cd30d60_0, 1000;
    %jmp T_14.12;
T_14.3 ;
    %pushi/vec4 3, 0, 3;
    %assign/vec4 v0000016e9cd30b80_0, 1000;
    %pushi/vec4 0, 0, 1;
    %assign/vec4 v0000016e9cd30ea0_0, 0;
    %pushi/vec4 1, 0, 1;
    %assign/vec4 v0000016e9cd30fe0_0, 1000;
    %pushi/vec4 1, 0, 1;
    %assign/vec4 v0000016e9cd31440_0, 1000;
    %pushi/vec4 0, 0, 1;
    %assign/vec4 v0000016e9cd31a80_0, 1000;
    %pushi/vec4 0, 0, 1;
    %assign/vec4 v0000016e9cd31080_0, 1000;
    %pushi/vec4 0, 0, 1;
    %assign/vec4 v0000016e9cd311c0_0, 1000;
    %pushi/vec4 0, 0, 1;
    %assign/vec4 v0000016e9cd31580_0, 1000;
    %pushi/vec4 0, 0, 1;
    %assign/vec4 v0000016e9cd30d60_0, 1000;
    %jmp T_14.12;
T_14.4 ;
    %pushi/vec4 0, 0, 3;
    %assign/vec4 v0000016e9cd30b80_0, 1000;
    %pushi/vec4 0, 0, 1;
    %assign/vec4 v0000016e9cd30ea0_0, 0;
    %pushi/vec4 1, 0, 1;
    %assign/vec4 v0000016e9cd30fe0_0, 1000;
    %pushi/vec4 1, 0, 1;
    %assign/vec4 v0000016e9cd31440_0, 1000;
    %pushi/vec4 0, 0, 1;
    %assign/vec4 v0000016e9cd31a80_0, 1000;
    %pushi/vec4 0, 0, 1;
    %assign/vec4 v0000016e9cd31080_0, 1000;
    %pushi/vec4 0, 0, 1;
    %assign/vec4 v0000016e9cd311c0_0, 1000;
    %pushi/vec4 0, 0, 1;
    %assign/vec4 v0000016e9cd31580_0, 1000;
    %pushi/vec4 0, 0, 1;
    %assign/vec4 v0000016e9cd30d60_0, 1000;
    %jmp T_14.12;
T_14.5 ;
    %pushi/vec4 0, 0, 3;
    %assign/vec4 v0000016e9cd30b80_0, 1000;
    %pushi/vec4 0, 0, 1;
    %assign/vec4 v0000016e9cd30ea0_0, 0;
    %pushi/vec4 0, 0, 1;
    %assign/vec4 v0000016e9cd30fe0_0, 1000;
    %pushi/vec4 1, 0, 1;
    %assign/vec4 v0000016e9cd31440_0, 1000;
    %pushi/vec4 0, 0, 1;
    %assign/vec4 v0000016e9cd31a80_0, 1000;
    %pushi/vec4 0, 0, 1;
    %assign/vec4 v0000016e9cd31080_0, 1000;
    %pushi/vec4 0, 0, 1;
    %assign/vec4 v0000016e9cd311c0_0, 1000;
    %pushi/vec4 0, 0, 1;
    %assign/vec4 v0000016e9cd31580_0, 1000;
    %pushi/vec4 0, 0, 1;
    %assign/vec4 v0000016e9cd30d60_0, 1000;
    %jmp T_14.12;
T_14.6 ;
    %pushi/vec4 1, 0, 3;
    %assign/vec4 v0000016e9cd30b80_0, 1000;
    %pushi/vec4 1, 0, 1;
    %assign/vec4 v0000016e9cd30ea0_0, 1000;
    %pushi/vec4 1, 0, 1;
    %assign/vec4 v0000016e9cd30fe0_0, 1000;
    %pushi/vec4 0, 0, 1;
    %assign/vec4 v0000016e9cd31440_0, 1000;
    %pushi/vec4 1, 0, 1;
    %assign/vec4 v0000016e9cd31a80_0, 1000;
    %pushi/vec4 0, 0, 1;
    %assign/vec4 v0000016e9cd31080_0, 1000;
    %pushi/vec4 0, 0, 1;
    %assign/vec4 v0000016e9cd311c0_0, 1000;
    %pushi/vec4 0, 0, 1;
    %assign/vec4 v0000016e9cd31580_0, 1000;
    %pushi/vec4 0, 0, 1;
    %assign/vec4 v0000016e9cd30d60_0, 1000;
    %jmp T_14.12;
T_14.7 ;
    %pushi/vec4 0, 0, 1;
    %assign/vec4 v0000016e9cd31440_0, 1000;
    %pushi/vec4 1, 0, 1;
    %assign/vec4 v0000016e9cd31080_0, 1000;
    %pushi/vec4 0, 0, 1;
    %assign/vec4 v0000016e9cd311c0_0, 1000;
    %pushi/vec4 0, 0, 1;
    %assign/vec4 v0000016e9cd31580_0, 1000;
    %pushi/vec4 0, 0, 1;
    %assign/vec4 v0000016e9cd30d60_0, 1000;
    %jmp T_14.12;
T_14.8 ;
    %pushi/vec4 0, 0, 3;
    %assign/vec4 v0000016e9cd30b80_0, 1000;
    %pushi/vec4 0, 0, 1;
    %assign/vec4 v0000016e9cd30ea0_0, 1000;
    %pushi/vec4 1, 0, 1;
    %assign/vec4 v0000016e9cd30fe0_0, 1000;
    %pushi/vec4 1, 0, 1;
    %assign/vec4 v0000016e9cd31440_0, 1000;
    %pushi/vec4 0, 0, 1;
    %assign/vec4 v0000016e9cd31a80_0, 1000;
    %pushi/vec4 0, 0, 1;
    %assign/vec4 v0000016e9cd31080_0, 1000;
    %pushi/vec4 1, 0, 1;
    %assign/vec4 v0000016e9cd311c0_0, 1000;
    %pushi/vec4 0, 0, 1;
    %assign/vec4 v0000016e9cd31580_0, 1000;
    %pushi/vec4 1, 0, 1;
    %assign/vec4 v0000016e9cd30d60_0, 1000;
    %jmp T_14.12;
T_14.9 ;
    %pushi/vec4 0, 0, 3;
    %assign/vec4 v0000016e9cd30b80_0, 1000;
    %pushi/vec4 0, 0, 1;
    %assign/vec4 v0000016e9cd30ea0_0, 1000;
    %pushi/vec4 0, 0, 1;
    %assign/vec4 v0000016e9cd30fe0_0, 1000;
    %pushi/vec4 1, 0, 1;
    %assign/vec4 v0000016e9cd31440_0, 1000;
    %pushi/vec4 0, 0, 1;
    %assign/vec4 v0000016e9cd31a80_0, 1000;
    %pushi/vec4 0, 0, 1;
    %assign/vec4 v0000016e9cd31080_0, 1000;
    %pushi/vec4 1, 0, 1;
    %assign/vec4 v0000016e9cd311c0_0, 1000;
    %pushi/vec4 0, 0, 1;
    %assign/vec4 v0000016e9cd31580_0, 1000;
    %pushi/vec4 1, 0, 1;
    %assign/vec4 v0000016e9cd30d60_0, 1000;
    %jmp T_14.12;
T_14.10 ;
    %pushi/vec4 0, 0, 3;
    %assign/vec4 v0000016e9cd30b80_0, 1000;
    %pushi/vec4 0, 0, 1;
    %assign/vec4 v0000016e9cd30ea0_0, 1000;
    %pushi/vec4 1, 0, 1;
    %assign/vec4 v0000016e9cd30fe0_0, 1000;
    %pushi/vec4 0, 0, 1;
    %assign/vec4 v0000016e9cd31440_0, 1000;
    %pushi/vec4 0, 0, 1;
    %assign/vec4 v0000016e9cd31a80_0, 1000;
    %pushi/vec4 0, 0, 1;
    %assign/vec4 v0000016e9cd31080_0, 1000;
    %pushi/vec4 0, 0, 1;
    %assign/vec4 v0000016e9cd311c0_0, 1000;
    %pushi/vec4 1, 0, 1;
    %assign/vec4 v0000016e9cd31580_0, 1000;
    %pushi/vec4 0, 0, 1;
    %assign/vec4 v0000016e9cd30d60_0, 1000;
    %jmp T_14.12;
T_14.11 ;
    %pushi/vec4 0, 0, 3;
    %assign/vec4 v0000016e9cd30b80_0, 1000;
    %pushi/vec4 0, 0, 1;
    %assign/vec4 v0000016e9cd30ea0_0, 1000;
    %pushi/vec4 0, 0, 1;
    %assign/vec4 v0000016e9cd30fe0_0, 1000;
    %pushi/vec4 0, 0, 1;
    %assign/vec4 v0000016e9cd31440_0, 1000;
    %pushi/vec4 0, 0, 1;
    %assign/vec4 v0000016e9cd31a80_0, 1000;
    %pushi/vec4 0, 0, 1;
    %assign/vec4 v0000016e9cd31080_0, 1000;
    %pushi/vec4 0, 0, 1;
    %assign/vec4 v0000016e9cd311c0_0, 1000;
    %pushi/vec4 1, 0, 1;
    %assign/vec4 v0000016e9cd31580_0, 1000;
    %pushi/vec4 0, 0, 1;
    %assign/vec4 v0000016e9cd30d60_0, 1000;
    %jmp T_14.12;
T_14.12 ;
    %pop/vec4 1;
    %jmp T_14;
    .thread T_14, $push;
    .scope S_0000016e9cc12dd0;
T_15 ;
    %wait E_0000016e9cc3b150;
    %load/vec4 v0000016e9cd361f0_0;
    %pad/u 5;
    %ix/vec4 4;
    %load/vec4a v0000016e9cd37730, 4;
    %assign/vec4 v0000016e9cd36790_0, 2000;
    %load/vec4 v0000016e9cd36e70_0;
    %pad/u 5;
    %ix/vec4 4;
    %load/vec4a v0000016e9cd37730, 4;
    %assign/vec4 v0000016e9cd370f0_0, 2000;
    %jmp T_15;
    .thread T_15, $push;
    .scope S_0000016e9cc12dd0;
T_16 ;
    %wait E_0000016e9ccb4990;
    %load/vec4 v0000016e9cd36dd0_0;
    %inv;
    %flag_set/vec4 8;
    %jmp/0xz  T_16.0, 8;
    %load/vec4 v0000016e9cd36ab0_0;
    %flag_set/vec4 8;
    %jmp/0xz  T_16.2, 8;
    %load/vec4 v0000016e9cd35890_0;
    %store/vec4 v0000016e9cd36330_0, 0, 8;
    %callf/vec4 TD_cpu_tb.mycpu.reg_8x8.is_valid, S_0000016e9cd34a10;
    %flag_set/vec4 8;
    %jmp/0xz  T_16.4, 8;
    %delay 1000, 0;
    %load/vec4 v0000016e9cd35890_0;
    %load/vec4 v0000016e9cd36b50_0;
    %pad/u 5;
    %ix/vec4 4;
    %store/vec4a v0000016e9cd37730, 4, 0;
T_16.4 ;
T_16.2 ;
T_16.0 ;
    %load/vec4 v0000016e9cd359d0_0;
    %flag_set/vec4 8;
    %jmp/0xz  T_16.6, 8;
    %pushi/vec4 0, 0, 32;
    %store/vec4 v0000016e9cd37190_0, 0, 32;
T_16.8 ;
    %load/vec4 v0000016e9cd37190_0;
    %cmpi/s 8, 0, 32;
    %jmp/0xz T_16.9, 5;
    %pushi/vec4 0, 0, 8;
    %ix/getv/s 3, v0000016e9cd37190_0;
    %ix/load 4, 1000, 0; Constant delay
    %assign/vec4/a/d v0000016e9cd37730, 0, 4;
    %load/vec4 v0000016e9cd37190_0;
    %addi 1, 0, 32;
    %store/vec4 v0000016e9cd37190_0, 0, 32;
    %jmp T_16.8;
T_16.9 ;
T_16.6 ;
    %jmp T_16;
    .thread T_16;
    .scope S_0000016e9cbf85f0;
T_17 ;
    %wait E_0000016e9ccb7c50;
    %delay 1000, 0;
    %load/vec4 v0000016e9cd30ae0_0;
    %inv;
    %addi 1, 0, 8;
    %store/vec4 v0000016e9cd31bc0_0, 0, 8;
    %jmp T_17;
    .thread T_17, $push;
    .scope S_0000016e9cc0ba30;
T_18 ;
    %wait E_0000016e9ccb57d0;
    %delay 1000, 0;
    %load/vec4 v0000016e9cd31e40_0;
    %store/vec4 v0000016e9cd31300_0, 0, 8;
    %jmp T_18;
    .thread T_18, $push;
    .scope S_0000016e9cc014b0;
T_19 ;
    %wait E_0000016e9ccb4dd0;
    %delay 2000, 0;
    %load/vec4 v0000016e9cd31da0_0;
    %load/vec4 v0000016e9cd318a0_0;
    %add;
    %store/vec4 v0000016e9cd31800_0, 0, 8;
    %jmp T_19;
    .thread T_19, $push;
    .scope S_0000016e9cc0b8a0;
T_20 ;
    %wait E_0000016e9ccb4dd0;
    %delay 1000, 0;
    %load/vec4 v0000016e9cd31260_0;
    %load/vec4 v0000016e9cd309a0_0;
    %and;
    %store/vec4 v0000016e9cd32340_0, 0, 8;
    %jmp T_20;
    .thread T_20, $push;
    .scope S_0000016e9cbf7140;
T_21 ;
    %wait E_0000016e9ccb4dd0;
    %delay 1000, 0;
    %load/vec4 v0000016e9cd30f40_0;
    %load/vec4 v0000016e9cd314e0_0;
    %or;
    %store/vec4 v0000016e9cd322a0_0, 0, 8;
    %jmp T_21;
    .thread T_21, $push;
    .scope S_0000016e9cbf6fb0;
T_22 ;
    %wait E_0000016e9ccb5a10;
    %load/vec4 v0000016e9cd31ee0_0;
    %dup/vec4;
    %pushi/vec4 0, 0, 3;
    %cmp/u;
    %jmp/1 T_22.0, 6;
    %dup/vec4;
    %pushi/vec4 1, 0, 3;
    %cmp/u;
    %jmp/1 T_22.1, 6;
    %dup/vec4;
    %pushi/vec4 2, 0, 3;
    %cmp/u;
    %jmp/1 T_22.2, 6;
    %dup/vec4;
    %pushi/vec4 3, 0, 3;
    %cmp/u;
    %jmp/1 T_22.3, 6;
    %pushi/vec4 0, 0, 8;
    %store/vec4 v0000016e9cd31f80_0, 0, 8;
    %jmp T_22.5;
T_22.0 ;
    %load/vec4 v0000016e9cd32020_0;
    %store/vec4 v0000016e9cd31f80_0, 0, 8;
    %jmp T_22.5;
T_22.1 ;
    %load/vec4 v0000016e9cd323e0_0;
    %store/vec4 v0000016e9cd31f80_0, 0, 8;
    %jmp T_22.5;
T_22.2 ;
    %load/vec4 v0000016e9cd32160_0;
    %store/vec4 v0000016e9cd31f80_0, 0, 8;
    %jmp T_22.5;
T_22.3 ;
    %load/vec4 v0000016e9cd320c0_0;
    %store/vec4 v0000016e9cd31f80_0, 0, 8;
    %jmp T_22.5;
T_22.5 ;
    %pop/vec4 1;
    %jmp T_22;
    .thread T_22, $push;
    .scope S_0000016e9cc01320;
T_23 ;
    %wait E_0000016e9ccb4810;
    %load/vec4 v0000016e9cd316c0_0;
    %pad/s 32;
    %cmpi/ne 0, 0, 32;
    %flag_mov 8, 4;
    %jmp/0 T_23.0, 8;
    %pushi/vec4 0, 0, 1;
    %jmp/1 T_23.1, 8;
T_23.0 ; End of true expr.
    %pushi/vec4 1, 0, 1;
    %jmp/0 T_23.1, 8;
 ; End of false expr.
    %blend;
T_23.1;
    %store/vec4 v0000016e9cd32480_0, 0, 1;
    %jmp T_23;
    .thread T_23, $push;
    .scope S_0000016e9cbc29c0;
T_24 ;
    %wait E_0000016e9cc3b4d0;
    %delay 1000, 0;
    %load/vec4 v0000016e9cd33310_0;
    %pad/u 5;
    %ix/vec4 4;
    %load/vec4a v0000016e9cd34170, 4;
    %store/vec4 v0000016e9cd343f0_0, 0, 37;
    %load/vec4 v0000016e9cd343f0_0;
    %parti/s 1, 36, 7;
    %store/vec4 v0000016e9cd32d70_0, 0, 1;
    %load/vec4 v0000016e9cd343f0_0;
    %parti/s 1, 35, 7;
    %store/vec4 v0000016e9cd33db0_0, 0, 1;
    %jmp T_24;
    .thread T_24;
    .scope S_0000016e9cbc29c0;
T_25 ;
    %wait E_0000016e9cc3b910;
    %load/vec4 v0000016e9cd343f0_0;
    %parti/s 3, 32, 7;
    %load/vec4 v0000016e9cd33810_0;
    %cmp/e;
    %flag_get/vec4 4;
    %jmp/0 T_25.0, 4;
    %load/vec4 v0000016e9cd32d70_0;
    %and;
T_25.0;
    %assign/vec4 v0000016e9cd33e50_0, 900;
    %load/vec4 v0000016e9cd343f0_0;
    %parti/s 3, 32, 7;
    %assign/vec4 v0000016e9cd329b0_0, 0;
    %jmp T_25;
    .thread T_25, $push;
    .scope S_0000016e9cbc29c0;
T_26 ;
    %wait E_0000016e9cc3bf50;
    %load/vec4 v0000016e9cd333b0_0;
    %flag_set/vec4 8;
    %jmp/0xz  T_26.0, 8;
    %load/vec4 v0000016e9cd343f0_0;
    %parti/s 32, 0, 2;
    %assign/vec4 v0000016e9cd342b0_0, 1000;
T_26.0 ;
    %jmp T_26;
    .thread T_26, $push;
    .scope S_0000016e9cbc29c0;
T_27 ;
    %wait E_0000016e9ccb0650;
    %load/vec4 v0000016e9cd33e50_0;
    %flag_set/vec4 10;
    %flag_get/vec4 10;
    %jmp/0 T_27.3, 10;
    %load/vec4 v0000016e9cd333b0_0;
    %and;
T_27.3;
    %flag_set/vec4 9;
    %flag_get/vec4 9;
    %jmp/0 T_27.2, 9;
    %load/vec4 v0000016e9cd345d0_0;
    %nor/r;
    %and;
T_27.2;
    %flag_set/vec4 8;
    %jmp/0xz  T_27.0, 8;
    %load/vec4 v0000016e9cd33130_0;
    %dup/vec4;
    %pushi/vec4 0, 0, 2;
    %cmp/u;
    %jmp/1 T_27.4, 6;
    %dup/vec4;
    %pushi/vec4 1, 0, 2;
    %cmp/u;
    %jmp/1 T_27.5, 6;
    %dup/vec4;
    %pushi/vec4 2, 0, 2;
    %cmp/u;
    %jmp/1 T_27.6, 6;
    %dup/vec4;
    %pushi/vec4 3, 0, 2;
    %cmp/u;
    %jmp/1 T_27.7, 6;
    %jmp T_27.8;
T_27.4 ;
    %load/vec4 v0000016e9cd342b0_0;
    %parti/s 8, 0, 2;
    %assign/vec4 v0000016e9cd32f50_0, 0;
    %jmp T_27.8;
T_27.5 ;
    %load/vec4 v0000016e9cd342b0_0;
    %parti/s 8, 8, 5;
    %assign/vec4 v0000016e9cd32f50_0, 0;
    %jmp T_27.8;
T_27.6 ;
    %load/vec4 v0000016e9cd342b0_0;
    %parti/s 8, 16, 6;
    %assign/vec4 v0000016e9cd32f50_0, 0;
    %jmp T_27.8;
T_27.7 ;
    %load/vec4 v0000016e9cd342b0_0;
    %parti/s 8, 24, 6;
    %assign/vec4 v0000016e9cd32f50_0, 0;
    %jmp T_27.8;
T_27.8 ;
    %pop/vec4 1;
T_27.0 ;
    %jmp T_27;
    .thread T_27, $push;
    .scope S_0000016e9cbc29c0;
T_28 ;
    %wait E_0000016e9ccb4990;
    %load/vec4 v0000016e9cd33e50_0;
    %flag_set/vec4 10;
    %flag_get/vec4 10;
    %jmp/0 T_28.3, 10;
    %load/vec4 v0000016e9cd345d0_0;
    %and;
T_28.3;
    %flag_set/vec4 9;
    %flag_get/vec4 9;
    %jmp/0 T_28.2, 9;
    %load/vec4 v0000016e9cd333b0_0;
    %nor/r;
    %and;
T_28.2;
    %flag_set/vec4 8;
    %jmp/0xz  T_28.0, 8;
    %delay 1000, 0;
    %load/vec4 v0000016e9cd33130_0;
    %dup/vec4;
    %pushi/vec4 0, 0, 2;
    %cmp/u;
    %jmp/1 T_28.4, 6;
    %dup/vec4;
    %pushi/vec4 1, 0, 2;
    %cmp/u;
    %jmp/1 T_28.5, 6;
    %dup/vec4;
    %pushi/vec4 2, 0, 2;
    %cmp/u;
    %jmp/1 T_28.6, 6;
    %dup/vec4;
    %pushi/vec4 3, 0, 2;
    %cmp/u;
    %jmp/1 T_28.7, 6;
    %jmp T_28.8;
T_28.4 ;
    %load/vec4 v0000016e9cd32cd0_0;
    %load/vec4 v0000016e9cd33310_0;
    %pad/u 5;
    %ix/vec4 3;
    %ix/load 4, 0, 0; Constant delay
    %assign/vec4/a/d v0000016e9cd34170, 0, 4;
    %jmp T_28.8;
T_28.5 ;
    %load/vec4 v0000016e9cd32cd0_0;
    %load/vec4 v0000016e9cd33310_0;
    %pad/u 5;
    %ix/vec4 3;
    %ix/load 4, 8, 0; part off
    %ix/load 5, 0, 0; Constant delay
    %assign/vec4/a/d v0000016e9cd34170, 4, 5;
    %jmp T_28.8;
T_28.6 ;
    %load/vec4 v0000016e9cd32cd0_0;
    %load/vec4 v0000016e9cd33310_0;
    %pad/u 5;
    %ix/vec4 3;
    %ix/load 4, 16, 0; part off
    %ix/load 5, 0, 0; Constant delay
    %assign/vec4/a/d v0000016e9cd34170, 4, 5;
    %jmp T_28.8;
T_28.7 ;
    %load/vec4 v0000016e9cd32cd0_0;
    %load/vec4 v0000016e9cd33310_0;
    %pad/u 5;
    %ix/vec4 3;
    %ix/load 4, 24, 0; part off
    %ix/load 5, 0, 0; Constant delay
    %assign/vec4/a/d v0000016e9cd34170, 4, 5;
    %jmp T_28.8;
T_28.8 ;
    %pop/vec4 1;
    %pushi/vec4 1, 0, 1;
    %load/vec4 v0000016e9cd33310_0;
    %pad/u 5;
    %ix/vec4 4;
    %flag_mov 8, 4;
    %ix/load 5, 35, 0;
    %flag_set/imm 4, 0;
    %flag_or 4, 8;
    %store/vec4a v0000016e9cd34170, 4, 5;
T_28.0 ;
    %jmp T_28;
    .thread T_28;
    .scope S_0000016e9cbc29c0;
T_29 ;
    %wait E_0000016e9ccb0250;
    %load/vec4 v0000016e9cd333b0_0;
    %flag_set/vec4 8;
    %jmp/1 T_29.2, 8;
    %load/vec4 v0000016e9cd345d0_0;
    %flag_set/vec4 9;
    %flag_or 8, 9;
T_29.2;
    %jmp/0xz  T_29.0, 8;
    %pushi/vec4 1, 0, 1;
    %assign/vec4 v0000016e9cd34350_0, 0;
    %jmp T_29.1;
T_29.0 ;
    %pushi/vec4 0, 0, 1;
    %assign/vec4 v0000016e9cd34350_0, 0;
T_29.1 ;
    %jmp T_29;
    .thread T_29, $push;
    .scope S_0000016e9cbc29c0;
T_30 ;
    %wait E_0000016e9ccb05d0;
    %load/vec4 v0000016e9cd33e50_0;
    %flag_set/vec4 8;
    %jmp/0xz  T_30.0, 8;
    %load/vec4 v0000016e9cd333b0_0;
    %flag_set/vec4 9;
    %flag_get/vec4 9;
    %jmp/0 T_30.4, 9;
    %load/vec4 v0000016e9cd345d0_0;
    %nor/r;
    %and;
T_30.4;
    %flag_set/vec4 8;
    %jmp/0xz  T_30.2, 8;
    %delay 1000, 0;
    %pushi/vec4 0, 0, 1;
    %store/vec4 v0000016e9cd34350_0, 0, 1;
    %jmp T_30.3;
T_30.2 ;
    %load/vec4 v0000016e9cd345d0_0;
    %flag_set/vec4 9;
    %flag_get/vec4 9;
    %jmp/0 T_30.7, 9;
    %load/vec4 v0000016e9cd333b0_0;
    %nor/r;
    %and;
T_30.7;
    %flag_set/vec4 8;
    %jmp/0xz  T_30.5, 8;
    %delay 1000, 0;
    %pushi/vec4 0, 0, 1;
    %store/vec4 v0000016e9cd34350_0, 0, 1;
T_30.5 ;
T_30.3 ;
T_30.0 ;
    %jmp T_30;
    .thread T_30;
    .scope S_0000016e9cbc29c0;
T_31 ;
    %wait E_0000016e9ccb0590;
    %load/vec4 v0000016e9cd33770_0;
    %dup/vec4;
    %pushi/vec4 0, 0, 3;
    %cmp/u;
    %jmp/1 T_31.0, 6;
    %dup/vec4;
    %pushi/vec4 1, 0, 3;
    %cmp/u;
    %jmp/1 T_31.1, 6;
    %dup/vec4;
    %pushi/vec4 2, 0, 3;
    %cmp/u;
    %jmp/1 T_31.2, 6;
    %jmp T_31.3;
T_31.0 ;
    %load/vec4 v0000016e9cd333b0_0;
    %flag_set/vec4 10;
    %jmp/1 T_31.8, 10;
    %load/vec4 v0000016e9cd345d0_0;
    %flag_set/vec4 11;
    %flag_or 10, 11;
T_31.8;
    %flag_get/vec4 10;
    %jmp/0 T_31.7, 10;
    %load/vec4 v0000016e9cd33db0_0;
    %nor/r;
    %and;
T_31.7;
    %flag_set/vec4 9;
    %flag_get/vec4 9;
    %jmp/0 T_31.6, 9;
    %load/vec4 v0000016e9cd33e50_0;
    %nor/r;
    %and;
T_31.6;
    %flag_set/vec4 8;
    %jmp/0xz  T_31.4, 8;
    %pushi/vec4 1, 0, 3;
    %store/vec4 v0000016e9cd34530_0, 0, 3;
    %jmp T_31.5;
T_31.4 ;
    %load/vec4 v0000016e9cd333b0_0;
    %flag_set/vec4 10;
    %jmp/1 T_31.13, 10;
    %load/vec4 v0000016e9cd345d0_0;
    %flag_set/vec4 11;
    %flag_or 10, 11;
T_31.13;
    %flag_get/vec4 10;
    %jmp/0 T_31.12, 10;
    %load/vec4 v0000016e9cd33db0_0;
    %and;
T_31.12;
    %flag_set/vec4 9;
    %flag_get/vec4 9;
    %jmp/0 T_31.11, 9;
    %load/vec4 v0000016e9cd33e50_0;
    %nor/r;
    %and;
T_31.11;
    %flag_set/vec4 8;
    %jmp/0xz  T_31.9, 8;
    %pushi/vec4 2, 0, 3;
    %store/vec4 v0000016e9cd34530_0, 0, 3;
    %jmp T_31.10;
T_31.9 ;
    %pushi/vec4 0, 0, 3;
    %store/vec4 v0000016e9cd34530_0, 0, 3;
T_31.10 ;
T_31.5 ;
    %jmp T_31.3;
T_31.1 ;
    %load/vec4 v0000016e9cd32ff0_0;
    %nor/r;
    %flag_set/vec4 8;
    %jmp/0xz  T_31.14, 8;
    %pushi/vec4 0, 0, 3;
    %store/vec4 v0000016e9cd34530_0, 0, 3;
    %jmp T_31.15;
T_31.14 ;
    %pushi/vec4 1, 0, 3;
    %store/vec4 v0000016e9cd34530_0, 0, 3;
T_31.15 ;
    %jmp T_31.3;
T_31.2 ;
    %load/vec4 v0000016e9cd32ff0_0;
    %nor/r;
    %flag_set/vec4 8;
    %jmp/0xz  T_31.16, 8;
    %pushi/vec4 1, 0, 3;
    %store/vec4 v0000016e9cd34530_0, 0, 3;
    %jmp T_31.17;
T_31.16 ;
    %pushi/vec4 2, 0, 3;
    %store/vec4 v0000016e9cd34530_0, 0, 3;
T_31.17 ;
    %jmp T_31.3;
T_31.3 ;
    %pop/vec4 1;
    %jmp T_31;
    .thread T_31, $push;
    .scope S_0000016e9cbc29c0;
T_32 ;
    %wait E_0000016e9ccb7ed0;
    %load/vec4 v0000016e9cd33770_0;
    %dup/vec4;
    %pushi/vec4 0, 0, 3;
    %cmp/u;
    %jmp/1 T_32.0, 6;
    %dup/vec4;
    %pushi/vec4 1, 0, 3;
    %cmp/u;
    %jmp/1 T_32.1, 6;
    %dup/vec4;
    %pushi/vec4 2, 0, 3;
    %cmp/u;
    %jmp/1 T_32.2, 6;
    %jmp T_32.3;
T_32.0 ;
    %pushi/vec4 0, 0, 1;
    %store/vec4 v0000016e9cd33ef0_0, 0, 1;
    %pushi/vec4 0, 0, 1;
    %store/vec4 v0000016e9cd33b30_0, 0, 1;
    %pushi/vec4 63, 63, 6;
    %store/vec4 v0000016e9cd32b90_0, 0, 6;
    %pushi/vec4 255, 255, 32;
    %store/vec4 v0000016e9cd336d0_0, 0, 32;
    %pushi/vec4 0, 0, 1;
    %store/vec4 v0000016e9cd34350_0, 0, 1;
    %jmp T_32.3;
T_32.1 ;
    %pushi/vec4 1, 0, 1;
    %store/vec4 v0000016e9cd33ef0_0, 0, 1;
    %pushi/vec4 0, 0, 1;
    %store/vec4 v0000016e9cd33b30_0, 0, 1;
    %load/vec4 v0000016e9cd33810_0;
    %load/vec4 v0000016e9cd33310_0;
    %concat/vec4; draw_concat_vec4
    %store/vec4 v0000016e9cd32b90_0, 0, 6;
    %pushi/vec4 4294967295, 4294967295, 32;
    %store/vec4 v0000016e9cd336d0_0, 0, 32;
    %pushi/vec4 1, 0, 1;
    %store/vec4 v0000016e9cd34350_0, 0, 1;
    %delay 1000, 0;
    %load/vec4 v0000016e9cd32ff0_0;
    %pad/u 32;
    %cmpi/e 0, 0, 32;
    %jmp/0xz  T_32.4, 4;
    %load/vec4 v0000016e9cd32910_0;
    %load/vec4 v0000016e9cd33310_0;
    %pad/u 5;
    %ix/vec4 4;
    %flag_mov 8, 4;
    %ix/load 5, 0, 0;
    %flag_set/imm 4, 0;
    %flag_or 4, 8;
    %store/vec4a v0000016e9cd34170, 4, 5;
    %load/vec4 v0000016e9cd33810_0;
    %load/vec4 v0000016e9cd33310_0;
    %pad/u 5;
    %ix/vec4 4;
    %flag_mov 8, 4;
    %ix/load 5, 32, 0;
    %flag_set/imm 4, 0;
    %flag_or 4, 8;
    %store/vec4a v0000016e9cd34170, 4, 5;
    %pushi/vec4 0, 0, 1;
    %load/vec4 v0000016e9cd33310_0;
    %pad/u 5;
    %ix/vec4 4;
    %flag_mov 8, 4;
    %ix/load 5, 35, 0;
    %flag_set/imm 4, 0;
    %flag_or 4, 8;
    %store/vec4a v0000016e9cd34170, 4, 5;
    %pushi/vec4 1, 0, 1;
    %load/vec4 v0000016e9cd33310_0;
    %pad/u 5;
    %ix/vec4 4;
    %flag_mov 8, 4;
    %ix/load 5, 36, 0;
    %flag_set/imm 4, 0;
    %flag_or 4, 8;
    %store/vec4a v0000016e9cd34170, 4, 5;
T_32.4 ;
    %jmp T_32.3;
T_32.2 ;
    %pushi/vec4 0, 0, 1;
    %store/vec4 v0000016e9cd33ef0_0, 0, 1;
    %pushi/vec4 1, 0, 1;
    %store/vec4 v0000016e9cd33b30_0, 0, 1;
    %load/vec4 v0000016e9cd33310_0;
    %pad/u 5;
    %ix/vec4 4;
    %load/vec4a v0000016e9cd34170, 4;
    %parti/s 3, 5, 4;
    %load/vec4 v0000016e9cd33310_0;
    %concat/vec4; draw_concat_vec4
    %store/vec4 v0000016e9cd32b90_0, 0, 6;
    %load/vec4 v0000016e9cd33310_0;
    %pad/u 5;
    %ix/vec4 4;
    %load/vec4a v0000016e9cd34170, 4;
    %parti/s 32, 0, 2;
    %store/vec4 v0000016e9cd336d0_0, 0, 32;
    %pushi/vec4 1, 0, 1;
    %store/vec4 v0000016e9cd34350_0, 0, 1;
    %load/vec4 v0000016e9cd32ff0_0;
    %pad/u 32;
    %cmpi/e 0, 0, 32;
    %jmp/0xz  T_32.6, 4;
    %pushi/vec4 0, 0, 1;
    %load/vec4 v0000016e9cd33310_0;
    %pad/u 5;
    %ix/vec4 4;
    %flag_mov 8, 4;
    %ix/load 5, 35, 0;
    %flag_set/imm 4, 0;
    %flag_or 4, 8;
    %store/vec4a v0000016e9cd34170, 4, 5;
    %pushi/vec4 1, 0, 1;
    %load/vec4 v0000016e9cd33310_0;
    %pad/u 5;
    %ix/vec4 4;
    %flag_mov 8, 4;
    %ix/load 5, 36, 0;
    %flag_set/imm 4, 0;
    %flag_or 4, 8;
    %store/vec4a v0000016e9cd34170, 4, 5;
T_32.6 ;
    %jmp T_32.3;
T_32.3 ;
    %pop/vec4 1;
    %jmp T_32;
    .thread T_32, $push;
    .scope S_0000016e9cbc29c0;
T_33 ;
    %wait E_0000016e9ccb7d10;
    %load/vec4 v0000016e9cd33630_0;
    %flag_set/vec4 8;
    %jmp/0xz  T_33.0, 8;
    %pushi/vec4 0, 0, 3;
    %store/vec4 v0000016e9cd33770_0, 0, 3;
    %pushi/vec4 0, 0, 32;
    %store/vec4 v0000016e9cd34490_0, 0, 32;
T_33.2 ;
    %load/vec4 v0000016e9cd34490_0;
    %cmpi/s 8, 0, 32;
    %jmp/0xz T_33.3, 5;
    %pushi/vec4 4294967295, 4294967295, 34;
    %concati/vec4 7, 7, 3;
    %ix/getv/s 4, v0000016e9cd34490_0;
    %store/vec4a v0000016e9cd34170, 4, 0;
    %load/vec4 v0000016e9cd34490_0;
    %addi 1, 0, 32;
    %store/vec4 v0000016e9cd34490_0, 0, 32;
    %jmp T_33.2;
T_33.3 ;
    %jmp T_33.1;
T_33.0 ;
    %load/vec4 v0000016e9cd34530_0;
    %store/vec4 v0000016e9cd33770_0, 0, 3;
T_33.1 ;
    %jmp T_33;
    .thread T_33;
    .scope S_0000016e9cbc2b50;
T_34 ;
    %wait E_0000016e9cc3b950;
    %load/vec4 v0000016e9cd34030_0;
    %flag_set/vec4 8;
    %jmp/1 T_34.2, 8;
    %load/vec4 v0000016e9cd33090_0;
    %flag_set/vec4 9;
    %flag_or 8, 9;
T_34.2;
    %jmp/0 T_34.0, 8;
    %pushi/vec4 1, 0, 2;
    %jmp/1 T_34.1, 8;
T_34.0 ; End of true expr.
    %pushi/vec4 0, 0, 2;
    %jmp/0 T_34.1, 8;
 ; End of false expr.
    %blend;
T_34.1;
    %pad/s 1;
    %store/vec4 v0000016e9cd33d10_0, 0, 1;
    %load/vec4 v0000016e9cd34030_0;
    %flag_set/vec4 9;
    %flag_get/vec4 9;
    %jmp/0 T_34.5, 9;
    %load/vec4 v0000016e9cd33090_0;
    %nor/r;
    %and;
T_34.5;
    %flag_set/vec4 8;
    %jmp/0 T_34.3, 8;
    %pushi/vec4 1, 0, 2;
    %jmp/1 T_34.4, 8;
T_34.3 ; End of true expr.
    %pushi/vec4 0, 0, 2;
    %jmp/0 T_34.4, 8;
 ; End of false expr.
    %blend;
T_34.4;
    %pad/s 1;
    %store/vec4 v0000016e9cd32870_0, 0, 1;
    %load/vec4 v0000016e9cd34030_0;
    %nor/r;
    %flag_set/vec4 9;
    %flag_get/vec4 9;
    %jmp/0 T_34.8, 9;
    %load/vec4 v0000016e9cd33090_0;
    %and;
T_34.8;
    %flag_set/vec4 8;
    %jmp/0 T_34.6, 8;
    %pushi/vec4 1, 0, 2;
    %jmp/1 T_34.7, 8;
T_34.6 ; End of true expr.
    %pushi/vec4 0, 0, 2;
    %jmp/0 T_34.7, 8;
 ; End of false expr.
    %blend;
T_34.7;
    %pad/s 1;
    %store/vec4 v0000016e9cd331d0_0, 0, 1;
    %jmp T_34;
    .thread T_34, $push;
    .scope S_0000016e9cbc2b50;
T_35 ;
    %wait E_0000016e9ccb4990;
    %load/vec4 v0000016e9cd32870_0;
    %flag_set/vec4 8;
    %jmp/0xz  T_35.0, 8;
    %load/vec4 v0000016e9cd34710_0;
    %concati/vec4 0, 0, 2;
    %pad/u 10;
    %ix/vec4 4;
    %load/vec4a v0000016e9cd32af0, 4;
    %store/vec4 v0000016e9cd34210_0, 0, 8;
    %pushi/vec4 40000, 0, 64;
    %ix/vec4 4;
    %delayx 4;
    %load/vec4 v0000016e9cd34210_0;
    %ix/load 4, 0, 0;
    %flag_set/imm 4, 0;
    %store/vec4 v0000016e9cd340d0_0, 4, 8;
    %load/vec4 v0000016e9cd34710_0;
    %concati/vec4 1, 0, 2;
    %pad/u 10;
    %ix/vec4 4;
    %load/vec4a v0000016e9cd32af0, 4;
    %store/vec4 v0000016e9cd339f0_0, 0, 8;
    %pushi/vec4 40000, 0, 64;
    %ix/vec4 4;
    %delayx 4;
    %load/vec4 v0000016e9cd339f0_0;
    %ix/load 4, 8, 0;
    %flag_set/imm 4, 0;
    %store/vec4 v0000016e9cd340d0_0, 4, 8;
    %load/vec4 v0000016e9cd34710_0;
    %concati/vec4 2, 0, 2;
    %pad/u 10;
    %ix/vec4 4;
    %load/vec4a v0000016e9cd32af0, 4;
    %store/vec4 v0000016e9cd33c70_0, 0, 8;
    %pushi/vec4 40000, 0, 64;
    %ix/vec4 4;
    %delayx 4;
    %load/vec4 v0000016e9cd33c70_0;
    %ix/load 4, 16, 0;
    %flag_set/imm 4, 0;
    %store/vec4 v0000016e9cd340d0_0, 4, 8;
    %load/vec4 v0000016e9cd34710_0;
    %concati/vec4 3, 0, 2;
    %pad/u 10;
    %ix/vec4 4;
    %load/vec4a v0000016e9cd32af0, 4;
    %store/vec4 v0000016e9cd33bd0_0, 0, 8;
    %pushi/vec4 40000, 0, 64;
    %ix/vec4 4;
    %delayx 4;
    %load/vec4 v0000016e9cd33bd0_0;
    %ix/load 4, 24, 0;
    %flag_set/imm 4, 0;
    %store/vec4 v0000016e9cd340d0_0, 4, 8;
    %pushi/vec4 0, 0, 1;
    %store/vec4 v0000016e9cd33d10_0, 0, 1;
    %pushi/vec4 0, 0, 1;
    %store/vec4 v0000016e9cd32870_0, 0, 1;
T_35.0 ;
    %load/vec4 v0000016e9cd331d0_0;
    %flag_set/vec4 8;
    %jmp/0xz  T_35.2, 8;
    %load/vec4 v0000016e9cd33450_0;
    %parti/s 8, 0, 2;
    %store/vec4 v0000016e9cd32c30_0, 0, 8;
    %pushi/vec4 40000, 0, 64;
    %ix/vec4 4;
    %delayx 4;
    %load/vec4 v0000016e9cd32c30_0;
    %load/vec4 v0000016e9cd34710_0;
    %concati/vec4 0, 0, 2;
    %pad/u 10;
    %ix/vec4 4;
    %store/vec4a v0000016e9cd32af0, 4, 0;
    %load/vec4 v0000016e9cd33450_0;
    %parti/s 8, 8, 5;
    %store/vec4 v0000016e9cd33a90_0, 0, 8;
    %pushi/vec4 40000, 0, 64;
    %ix/vec4 4;
    %delayx 4;
    %load/vec4 v0000016e9cd33a90_0;
    %load/vec4 v0000016e9cd34710_0;
    %concati/vec4 1, 0, 2;
    %pad/u 10;
    %ix/vec4 4;
    %store/vec4a v0000016e9cd32af0, 4, 0;
    %load/vec4 v0000016e9cd33450_0;
    %parti/s 8, 16, 6;
    %store/vec4 v0000016e9cd34670_0, 0, 8;
    %pushi/vec4 40000, 0, 64;
    %ix/vec4 4;
    %delayx 4;
    %load/vec4 v0000016e9cd34670_0;
    %load/vec4 v0000016e9cd34710_0;
    %concati/vec4 2, 0, 2;
    %pad/u 10;
    %ix/vec4 4;
    %store/vec4a v0000016e9cd32af0, 4, 0;
    %load/vec4 v0000016e9cd33450_0;
    %parti/s 8, 24, 6;
    %store/vec4 v0000016e9cd32e10_0, 0, 8;
    %pushi/vec4 40000, 0, 64;
    %ix/vec4 4;
    %delayx 4;
    %load/vec4 v0000016e9cd32e10_0;
    %load/vec4 v0000016e9cd34710_0;
    %concati/vec4 3, 0, 2;
    %pad/u 10;
    %ix/vec4 4;
    %store/vec4a v0000016e9cd32af0, 4, 0;
    %pushi/vec4 0, 0, 1;
    %store/vec4 v0000016e9cd33d10_0, 0, 1;
    %pushi/vec4 0, 0, 1;
    %store/vec4 v0000016e9cd331d0_0, 0, 1;
T_35.2 ;
    %jmp T_35;
    .thread T_35;
    .scope S_0000016e9cbc2b50;
T_36 ;
    %wait E_0000016e9cc3bb90;
    %load/vec4 v0000016e9cd32a50_0;
    %flag_set/vec4 8;
    %jmp/0xz  T_36.0, 8;
    %pushi/vec4 0, 0, 32;
    %store/vec4 v0000016e9cd32eb0_0, 0, 32;
T_36.2 ;
    %load/vec4 v0000016e9cd32eb0_0;
    %cmpi/s 256, 0, 32;
    %jmp/0xz T_36.3, 5;
    %pushi/vec4 0, 0, 8;
    %ix/getv/s 4, v0000016e9cd32eb0_0;
    %store/vec4a v0000016e9cd32af0, 4, 0;
    %load/vec4 v0000016e9cd32eb0_0;
    %addi 1, 0, 32;
    %store/vec4 v0000016e9cd32eb0_0, 0, 32;
    %jmp T_36.2;
T_36.3 ;
    %pushi/vec4 0, 0, 1;
    %store/vec4 v0000016e9cd33d10_0, 0, 1;
    %pushi/vec4 0, 0, 1;
    %store/vec4 v0000016e9cd32870_0, 0, 1;
    %pushi/vec4 0, 0, 1;
    %store/vec4 v0000016e9cd331d0_0, 0, 1;
T_36.0 ;
    %jmp T_36;
    .thread T_36;
    .scope S_0000016e9ccae960;
T_37 ;
    %vpi_call 2 37 "$readmemb", "instr_mem.mem", v0000016e9cd39f90 {0 0 0};
    %end;
    .thread T_37;
    .scope S_0000016e9ccae960;
T_38 ;
    %vpi_call 2 58 "$dumpfile", "cpu_wavedata.vcd" {0 0 0};
    %vpi_call 2 59 "$dumpvars", 32'sb00000000000000000000000000000000, S_0000016e9ccae960 {0 0 0};
    %pushi/vec4 0, 0, 32;
    %store/vec4 v0000016e9cd3aa30_0, 0, 32;
T_38.0 ;
    %load/vec4 v0000016e9cd3aa30_0;
    %cmpi/s 8, 0, 32;
    %jmp/0xz T_38.1, 5;
    %vpi_call 2 62 "$dumpvars", 32'sb00000000000000000000000000000001, &A<v0000016e9cd37730, v0000016e9cd3aa30_0 > {0 0 0};
    %load/vec4 v0000016e9cd3aa30_0;
    %addi 1, 0, 32;
    %store/vec4 v0000016e9cd3aa30_0, 0, 32;
    %jmp T_38.0;
T_38.1 ;
    %pushi/vec4 0, 0, 32;
    %store/vec4 v0000016e9cd3aa30_0, 0, 32;
T_38.2 ;
    %load/vec4 v0000016e9cd3aa30_0;
    %cmpi/s 256, 0, 32;
    %jmp/0xz T_38.3, 5;
    %vpi_call 2 64 "$dumpvars", 32'sb00000000000000000000000000000001, &A<v0000016e9cd32af0, v0000016e9cd3aa30_0 > {0 0 0};
    ; show_stmt_assign_vector: Get l-value for compressed += operand
    %load/vec4 v0000016e9cd3aa30_0;
    %pushi/vec4 1, 0, 32;
    %add;
    %store/vec4 v0000016e9cd3aa30_0, 0, 32;
    %jmp T_38.2;
T_38.3 ;
    %pushi/vec4 0, 0, 32;
    %store/vec4 v0000016e9cd3aa30_0, 0, 32;
T_38.4 ;
    %load/vec4 v0000016e9cd3aa30_0;
    %cmpi/s 8, 0, 32;
    %jmp/0xz T_38.5, 5;
    %vpi_call 2 66 "$dumpvars", 32'sb00000000000000000000000000000001, &A<v0000016e9cd34170, v0000016e9cd3aa30_0 > {0 0 0};
    ; show_stmt_assign_vector: Get l-value for compressed += operand
    %load/vec4 v0000016e9cd3aa30_0;
    %pushi/vec4 1, 0, 32;
    %add;
    %store/vec4 v0000016e9cd3aa30_0, 0, 32;
    %jmp T_38.4;
T_38.5 ;
    %pushi/vec4 0, 0, 32;
    %store/vec4 v0000016e9cd3aa30_0, 0, 32;
T_38.6 ;
    %load/vec4 v0000016e9cd3aa30_0;
    %cmpi/s 8, 0, 32;
    %jmp/0xz T_38.7, 5;
    %vpi_call 2 68 "$dumpvars", 32'sb00000000000000000000000000000001, &A<v0000016e9cd38200, v0000016e9cd3aa30_0 > {0 0 0};
    ; show_stmt_assign_vector: Get l-value for compressed += operand
    %load/vec4 v0000016e9cd3aa30_0;
    %pushi/vec4 1, 0, 32;
    %add;
    %store/vec4 v0000016e9cd3aa30_0, 0, 32;
    %jmp T_38.6;
T_38.7 ;
    %pushi/vec4 0, 0, 32;
    %store/vec4 v0000016e9cd3aa30_0, 0, 32;
T_38.8 ;
    %load/vec4 v0000016e9cd3aa30_0;
    %cmpi/s 1024, 0, 32;
    %jmp/0xz T_38.9, 5;
    %vpi_call 2 70 "$dumpvars", 32'sb00000000000000000000000000000001, &A<v0000016e9cd3a850, v0000016e9cd3aa30_0 > {0 0 0};
    ; show_stmt_assign_vector: Get l-value for compressed += operand
    %load/vec4 v0000016e9cd3aa30_0;
    %pushi/vec4 1, 0, 32;
    %add;
    %store/vec4 v0000016e9cd3aa30_0, 0, 32;
    %jmp T_38.8;
T_38.9 ;
    %pushi/vec4 0, 0, 32;
    %store/vec4 v0000016e9cd3aa30_0, 0, 32;
T_38.10 ;
    %load/vec4 v0000016e9cd3aa30_0;
    %cmpi/s 8, 0, 32;
    %jmp/0xz T_38.11, 5;
    %vpi_call 2 72 "$dumpvars", 32'sb00000000000000000000000000000001, &A<v0000016e9cd388e0, v0000016e9cd3aa30_0 > {0 0 0};
    ; show_stmt_assign_vector: Get l-value for compressed += operand
    %load/vec4 v0000016e9cd3aa30_0;
    %pushi/vec4 1, 0, 32;
    %add;
    %store/vec4 v0000016e9cd3aa30_0, 0, 32;
    %jmp T_38.10;
T_38.11 ;
    %pushi/vec4 0, 0, 32;
    %store/vec4 v0000016e9cd3aa30_0, 0, 32;
T_38.12 ;
    %load/vec4 v0000016e9cd3aa30_0;
    %cmpi/s 8, 0, 32;
    %jmp/0xz T_38.13, 5;
    %vpi_call 2 74 "$dumpvars", 32'sb00000000000000000000000000000001, &A<v0000016e9cd38ca0, v0000016e9cd3aa30_0 > {0 0 0};
    ; show_stmt_assign_vector: Get l-value for compressed += operand
    %load/vec4 v0000016e9cd3aa30_0;
    %pushi/vec4 1, 0, 32;
    %add;
    %store/vec4 v0000016e9cd3aa30_0, 0, 32;
    %jmp T_38.12;
T_38.13 ;
    %pushi/vec4 0, 0, 1;
    %store/vec4 v0000016e9cd3b430_0, 0, 1;
    %pushi/vec4 0, 0, 1;
    %store/vec4 v0000016e9cd399f0_0, 0, 1;
    %pushi/vec4 1, 0, 1;
    %store/vec4 v0000016e9cd399f0_0, 0, 1;
    %delay 6000, 0;
    %pushi/vec4 0, 0, 1;
    %store/vec4 v0000016e9cd399f0_0, 0, 1;
    %delay 2900000, 0;
    %vpi_call 2 84 "$finish" {0 0 0};
    %end;
    .thread T_38;
    .scope S_0000016e9ccae960;
T_39 ;
    %delay 4000, 0;
    %load/vec4 v0000016e9cd3b430_0;
    %inv;
    %store/vec4 v0000016e9cd3b430_0, 0, 1;
    %jmp T_39;
    .thread T_39;
    .scope S_0000016e9ccaecc0;
T_40 ;
    %wait E_0000016e9cc3c0d0;
    %load/vec4 v0000016e9cd3af30_0;
    %load/vec4 v0000016e9cd3a0d0_0;
    %add;
    %assign/vec4 v0000016e9cd3b4d0_0, 2000;
    %jmp T_40;
    .thread T_40, $push;
    .scope S_0000016e9cc5d890;
T_41 ;
    %wait E_0000016e9cc3b510;
    %load/vec4 v0000016e9cd39950_0;
    %ix/load 4, 2, 0;
    %flag_set/imm 4, 0;
    %shiftl 4;
    %assign/vec4 v0000016e9cd3b6b0_0, 0;
    %jmp T_41;
    .thread T_41, $push;
    .scope S_0000016e9cc5da20;
T_42 ;
    %wait E_0000016e9cc3b110;
    %load/vec4 v0000016e9cd3a210_0;
    %parti/s 1, 7, 4;
    %cmpi/e 0, 0, 1;
    %jmp/0xz  T_42.0, 4;
    %pushi/vec4 0, 0, 24;
    %load/vec4 v0000016e9cd3a210_0;
    %concat/vec4; draw_concat_vec4
    %assign/vec4 v0000016e9cd39bd0_0, 0;
    %jmp T_42.1;
T_42.0 ;
    %load/vec4 v0000016e9cd3a210_0;
    %cmpi/e 1, 0, 8;
    %jmp/0xz  T_42.2, 4;
    %pushi/vec4 1, 0, 24;
    %load/vec4 v0000016e9cd3a210_0;
    %concat/vec4; draw_concat_vec4
    %store/vec4 v0000016e9cd39bd0_0, 0, 32;
T_42.2 ;
T_42.1 ;
    %jmp T_42;
    .thread T_42, $push;
# The file index is used to find the file name in the following table.
:file_names 11;
    "N/A";
    "<interactive>";
    "cpu_tb.v";
    "./cpu.v";
    "./pcadder.v";
    "./alu.v";
    "./dcacheFSM_skeleton.v";
    "./dataMemory2.v";
    "./registerFile.v";
    "./icache.v";
    "./imemory.v";
