#! /c/Source/iverilog-install/bin/vvp
:ivl_version "12.0 (devel)" "(s20150603-1539-g2693dd32b)";
:ivl_delay_selection "TYPICAL";
:vpi_time_precision - 12;
:vpi_module "C:\iverilog\lib\ivl\system.vpi";
:vpi_module "C:\iverilog\lib\ivl\vhdl_sys.vpi";
:vpi_module "C:\iverilog\lib\ivl\vhdl_textio.vpi";
:vpi_module "C:\iverilog\lib\ivl\v2005_math.vpi";
:vpi_module "C:\iverilog\lib\ivl\va_math.vpi";
S_000002701e5529c0 .scope module, "icache" "icache" 2 3;
 .timescale -12 -12;
    .port_info 0 /OUTPUT 1 "BUSYWAIT";
    .port_info 1 /INPUT 1 "CLK";
    .port_info 2 /INPUT 1 "RESET";
    .port_info 3 /OUTPUT 32 "INSTRUCTION";
    .port_info 4 /INPUT 8 "ADDRESS";
    .port_info 5 /INPUT 1 "MEM_BUSYWAIT";
    .port_info 6 /INPUT 128 "MEM_INSTRUCTION";
    .port_info 7 /OUTPUT 1 "mem_read";
    .port_info 8 /OUTPUT 6 "MEM_ADDRESS";
P_000002701e552ff0 .param/l "IDLE" 0 2 64, C4<000>;
P_000002701e553028 .param/l "MEM_READ" 0 2 64, C4<001>;
o000002701e592f48 .functor BUFZ 8, C4<zzzzzzzz>; HiZ drive
L_000002701e57ab10 .functor BUFZ 8, o000002701e592f48, C4<00000000>, C4<00000000>, C4<00000000>;
L_000002701e57a9c0/d .functor BUFZ 128, L_000002701e5e8460, C4<00000000000000000000000000000000000000000000000000000000000000000000000000000000000000000000000000000000000000000000000000000000>, C4<00000000000000000000000000000000000000000000000000000000000000000000000000000000000000000000000000000000000000000000000000000000>, C4<00000000000000000000000000000000000000000000000000000000000000000000000000000000000000000000000000000000000000000000000000000000>;
L_000002701e57a9c0 .delay 128 (1,1,1) L_000002701e57a9c0/d;
L_000002701e57a480/d .functor BUFZ 1, L_000002701e5e9cc0, C4<0>, C4<0>, C4<0>;
L_000002701e57a480 .delay 1 (1,1,1) L_000002701e57a480/d;
L_000002701e57adb0/d .functor BUFZ 3, L_000002701e5e9d60, C4<000>, C4<000>, C4<000>;
L_000002701e57adb0 .delay 3 (1,1,1) L_000002701e57adb0/d;
L_000002701e57acd0/d .functor AND 1, L_000002701e57a480, L_000002701e5e8aa0, C4<1>, C4<1>;
L_000002701e57acd0 .delay 1 (1,1,1) L_000002701e57acd0/d;
v000002701e57e410_0 .net "ADDRESS", 7 0, o000002701e592f48;  0 drivers
v000002701e57dc90_0 .var "BUSYWAIT", 0 0;
o000002701e592fa8 .functor BUFZ 1, C4<z>; HiZ drive
v000002701e57d790_0 .net "CLK", 0 0, o000002701e592fa8;  0 drivers
v000002701e57df10_0 .net "INSTRUCTION", 31 0, L_000002701e5ea080;  1 drivers
v000002701e57d830_0 .var "MEM_ADDRESS", 5 0;
o000002701e593038 .functor BUFZ 1, C4<z>; HiZ drive
v000002701e57e2d0_0 .net "MEM_BUSYWAIT", 0 0, o000002701e593038;  0 drivers
o000002701e593068 .functor BUFZ 128, C4<zzzzzzzzzzzzzzzzzzzzzzzzzzzzzzzzzzzzzzzzzzzzzzzzzzzzzzzzzzzzzzzzzzzzzzzzzzzzzzzzzzzzzzzzzzzzzzzzzzzzzzzzzzzzzzzzzzzzzzzzzzzzzzzz>; HiZ drive
v000002701e57e5f0_0 .net "MEM_INSTRUCTION", 127 0, o000002701e593068;  0 drivers
o000002701e593098 .functor BUFZ 1, C4<z>; HiZ drive
v000002701e57e370_0 .net "RESET", 0 0, o000002701e593098;  0 drivers
L_000002701e5ea428 .functor BUFT 1, C4<00>, C4<0>, C4<0>, C4<0>;
v000002701e57e4b0_0 .net *"_ivl_11", 1 0, L_000002701e5ea428;  1 drivers
v000002701e57e550_0 .net *"_ivl_14", 0 0, L_000002701e5e9cc0;  1 drivers
v000002701e57d8d0_0 .net *"_ivl_16", 4 0, L_000002701e5e92c0;  1 drivers
L_000002701e5ea470 .functor BUFT 1, C4<00>, C4<0>, C4<0>, C4<0>;
v000002701e57db50_0 .net *"_ivl_19", 1 0, L_000002701e5ea470;  1 drivers
v000002701e57d970_0 .net *"_ivl_22", 2 0, L_000002701e5e9d60;  1 drivers
v000002701e57dbf0_0 .net *"_ivl_24", 4 0, L_000002701e5e9900;  1 drivers
L_000002701e5ea4b8 .functor BUFT 1, C4<00>, C4<0>, C4<0>, C4<0>;
v000002701e57e0f0_0 .net *"_ivl_27", 1 0, L_000002701e5ea4b8;  1 drivers
v000002701e57da10_0 .net *"_ivl_30", 0 0, L_000002701e5e8aa0;  1 drivers
v000002701e57de70_0 .net *"_ivl_34", 31 0, L_000002701e5e9360;  1 drivers
L_000002701e5ea500 .functor BUFT 1, C4<0000000000000000000000000000000>, C4<0>, C4<0>, C4<0>;
v000002701e57e190_0 .net *"_ivl_37", 30 0, L_000002701e5ea500;  1 drivers
L_000002701e5ea548 .functor BUFT 1, C4<00000000000000000000000000000001>, C4<0>, C4<0>, C4<0>;
v000002701e57e230_0 .net/2u *"_ivl_38", 31 0, L_000002701e5ea548;  1 drivers
v000002701e5e9720_0 .net *"_ivl_40", 0 0, L_000002701e5e9fe0;  1 drivers
L_000002701e5ea590 .functor BUFT 1, C4<xxxxxxxxxxxxxxxxxxxxxxxxxxxxxxxx>, C4<0>, C4<0>, C4<0>;
v000002701e5e95e0_0 .net *"_ivl_42", 31 0, L_000002701e5ea590;  1 drivers
v000002701e5e9040_0 .net *"_ivl_5", 7 0, L_000002701e57ab10;  1 drivers
v000002701e5ea120_0 .net *"_ivl_6", 127 0, L_000002701e5e8460;  1 drivers
v000002701e5e9ae0_0 .net *"_ivl_8", 4 0, L_000002701e5e9680;  1 drivers
v000002701e5e8780_0 .net "hit", 0 0, L_000002701e57acd0;  1 drivers
v000002701e5e99a0_0 .var/i "i", 31 0;
v000002701e5e8820 .array "icache_array", 0 7, 127 0;
v000002701e5e8960_0 .net "index", 2 0, L_000002701e5e9400;  1 drivers
v000002701e5e9220_0 .net "instruction_block", 127 0, L_000002701e57a9c0;  1 drivers
v000002701e5e8be0_0 .net "istag", 2 0, L_000002701e57adb0;  1 drivers
v000002701e5ea1c0_0 .var "loaded_instruction", 31 0;
v000002701e5e88c0_0 .var "mem_read", 0 0;
v000002701e5e9f40_0 .var "next_state", 2 0;
v000002701e5e8a00_0 .net "offset", 1 0, L_000002701e5e8640;  1 drivers
v000002701e5e86e0_0 .var "state", 2 0;
v000002701e5e9b80_0 .net "tag", 2 0, L_000002701e5e9c20;  1 drivers
v000002701e5ea260 .array "tag_array", 0 7, 2 0;
v000002701e5e9a40_0 .net "valid", 0 0, L_000002701e57a480;  1 drivers
v000002701e5e8c80 .array "valid_array", 0 7, 0 0;
E_000002701e581030/0 .event anyedge, v000002701e57e370_0;
E_000002701e581030/1 .event posedge, v000002701e57d790_0;
E_000002701e581030 .event/or E_000002701e581030/0, E_000002701e581030/1;
E_000002701e5818b0/0 .event anyedge, v000002701e5e86e0_0, v000002701e5e9b80_0, v000002701e5e8960_0, v000002701e57e2d0_0;
E_000002701e5818b0/1 .event anyedge, v000002701e57e5f0_0;
E_000002701e5818b0 .event/or E_000002701e5818b0/0, E_000002701e5818b0/1;
E_000002701e581ab0 .event anyedge, v000002701e5e86e0_0, v000002701e5e8780_0, v000002701e57e2d0_0;
E_000002701e581930 .event anyedge, v000002701e5e8a00_0, v000002701e5e9220_0;
E_000002701e581530 .event anyedge, v000002701e57d790_0;
E_000002701e5810f0 .event anyedge, v000002701e57e410_0;
L_000002701e5e9c20 .part L_000002701e57ab10, 5, 3;
L_000002701e5e9400 .part L_000002701e57ab10, 2, 3;
L_000002701e5e8640 .part L_000002701e57ab10, 0, 2;
L_000002701e5e8460 .array/port v000002701e5e8820, L_000002701e5e9680;
L_000002701e5e9680 .concat [ 3 2 0 0], L_000002701e5e9400, L_000002701e5ea428;
L_000002701e5e9cc0 .array/port v000002701e5e8c80, L_000002701e5e92c0;
L_000002701e5e92c0 .concat [ 3 2 0 0], L_000002701e5e9400, L_000002701e5ea470;
L_000002701e5e9d60 .array/port v000002701e5ea260, L_000002701e5e9900;
L_000002701e5e9900 .concat [ 3 2 0 0], L_000002701e5e9400, L_000002701e5ea4b8;
L_000002701e5e8aa0 .cmp/eq 3, L_000002701e57adb0, L_000002701e5e9c20;
L_000002701e5e9360 .concat [ 1 31 0 0], L_000002701e57acd0, L_000002701e5ea500;
L_000002701e5e9fe0 .cmp/eq 32, L_000002701e5e9360, L_000002701e5ea548;
L_000002701e5ea080 .functor MUXZ 32, L_000002701e5ea590, v000002701e5ea1c0_0, L_000002701e5e9fe0, C4<>;
    .scope S_000002701e5529c0;
T_0 ;
    %wait E_000002701e5810f0;
    %pushi/vec4 1, 0, 1;
    %store/vec4 v000002701e57dc90_0, 0, 1;
    %jmp T_0;
    .thread T_0, $push;
    .scope S_000002701e5529c0;
T_1 ;
    %wait E_000002701e581530;
    %load/vec4 v000002701e5e8780_0;
    %flag_set/vec4 8;
    %jmp/0xz  T_1.0, 8;
    %pushi/vec4 0, 0, 1;
    %store/vec4 v000002701e57dc90_0, 0, 1;
T_1.0 ;
    %jmp T_1;
    .thread T_1, $push;
    .scope S_000002701e5529c0;
T_2 ;
    %wait E_000002701e581930;
    %delay 1, 0;
    %load/vec4 v000002701e5e8a00_0;
    %dup/vec4;
    %pushi/vec4 0, 0, 2;
    %cmp/u;
    %jmp/1 T_2.0, 6;
    %dup/vec4;
    %pushi/vec4 1, 0, 2;
    %cmp/u;
    %jmp/1 T_2.1, 6;
    %dup/vec4;
    %pushi/vec4 2, 0, 2;
    %cmp/u;
    %jmp/1 T_2.2, 6;
    %dup/vec4;
    %pushi/vec4 3, 0, 2;
    %cmp/u;
    %jmp/1 T_2.3, 6;
    %jmp T_2.4;
T_2.0 ;
    %load/vec4 v000002701e5e9220_0;
    %parti/s 32, 0, 2;
    %store/vec4 v000002701e5ea1c0_0, 0, 32;
    %jmp T_2.4;
T_2.1 ;
    %load/vec4 v000002701e5e9220_0;
    %parti/s 32, 32, 7;
    %store/vec4 v000002701e5ea1c0_0, 0, 32;
    %jmp T_2.4;
T_2.2 ;
    %load/vec4 v000002701e5e9220_0;
    %parti/s 32, 64, 8;
    %store/vec4 v000002701e5ea1c0_0, 0, 32;
    %jmp T_2.4;
T_2.3 ;
    %load/vec4 v000002701e5e9220_0;
    %parti/s 32, 96, 8;
    %store/vec4 v000002701e5ea1c0_0, 0, 32;
    %jmp T_2.4;
T_2.4 ;
    %pop/vec4 1;
    %jmp T_2;
    .thread T_2, $push;
    .scope S_000002701e5529c0;
T_3 ;
    %wait E_000002701e581ab0;
    %load/vec4 v000002701e5e86e0_0;
    %dup/vec4;
    %pushi/vec4 0, 0, 3;
    %cmp/u;
    %jmp/1 T_3.0, 6;
    %dup/vec4;
    %pushi/vec4 1, 0, 3;
    %cmp/u;
    %jmp/1 T_3.1, 6;
    %jmp T_3.2;
T_3.0 ;
    %load/vec4 v000002701e5e8780_0;
    %nor/r;
    %flag_set/vec4 8;
    %jmp/0xz  T_3.3, 8;
    %pushi/vec4 1, 0, 3;
    %store/vec4 v000002701e5e9f40_0, 0, 3;
    %jmp T_3.4;
T_3.3 ;
    %pushi/vec4 0, 0, 3;
    %store/vec4 v000002701e5e9f40_0, 0, 3;
T_3.4 ;
    %jmp T_3.2;
T_3.1 ;
    %load/vec4 v000002701e57e2d0_0;
    %nor/r;
    %flag_set/vec4 8;
    %jmp/0xz  T_3.5, 8;
    %pushi/vec4 0, 0, 3;
    %store/vec4 v000002701e5e9f40_0, 0, 3;
    %jmp T_3.6;
T_3.5 ;
    %pushi/vec4 1, 0, 3;
    %store/vec4 v000002701e5e9f40_0, 0, 3;
T_3.6 ;
    %jmp T_3.2;
T_3.2 ;
    %pop/vec4 1;
    %jmp T_3;
    .thread T_3, $push;
    .scope S_000002701e5529c0;
T_4 ;
    %wait E_000002701e5818b0;
    %load/vec4 v000002701e5e86e0_0;
    %dup/vec4;
    %pushi/vec4 0, 0, 3;
    %cmp/u;
    %jmp/1 T_4.0, 6;
    %dup/vec4;
    %pushi/vec4 1, 0, 3;
    %cmp/u;
    %jmp/1 T_4.1, 6;
    %jmp T_4.2;
T_4.0 ;
    %pushi/vec4 0, 0, 1;
    %store/vec4 v000002701e5e88c0_0, 0, 1;
    %pushi/vec4 31, 31, 6;
    %store/vec4 v000002701e57d830_0, 0, 6;
    %jmp T_4.2;
T_4.1 ;
    %pushi/vec4 1, 0, 1;
    %store/vec4 v000002701e57dc90_0, 0, 1;
    %pushi/vec4 0, 0, 1;
    %store/vec4 v000002701e5e88c0_0, 0, 1;
    %load/vec4 v000002701e5e9b80_0;
    %load/vec4 v000002701e5e8960_0;
    %concat/vec4; draw_concat_vec4
    %store/vec4 v000002701e57d830_0, 0, 6;
    %delay 1, 0;
    %load/vec4 v000002701e57e2d0_0;
    %pad/u 32;
    %cmpi/e 0, 0, 32;
    %jmp/0xz  T_4.3, 4;
    %load/vec4 v000002701e57e5f0_0;
    %load/vec4 v000002701e5e8960_0;
    %pad/u 5;
    %ix/vec4 4;
    %store/vec4a v000002701e5e8820, 4, 0;
    %pushi/vec4 31, 31, 6;
    %store/vec4 v000002701e57d830_0, 0, 6;
    %load/vec4 v000002701e5e9b80_0;
    %load/vec4 v000002701e5e8960_0;
    %pad/u 5;
    %ix/vec4 4;
    %store/vec4a v000002701e5ea260, 4, 0;
T_4.3 ;
    %jmp T_4.2;
T_4.2 ;
    %pop/vec4 1;
    %jmp T_4;
    .thread T_4, $push;
    .scope S_000002701e5529c0;
T_5 ;
    %wait E_000002701e581030;
    %load/vec4 v000002701e57e370_0;
    %flag_set/vec4 8;
    %jmp/0xz  T_5.0, 8;
    %pushi/vec4 0, 0, 3;
    %store/vec4 v000002701e5e86e0_0, 0, 3;
    %pushi/vec4 0, 0, 32;
    %store/vec4 v000002701e5e99a0_0, 0, 32;
T_5.2 ;
    %load/vec4 v000002701e5e99a0_0;
    %cmpi/s 8, 0, 32;
    %jmp/0xz T_5.3, 5;
    %pushi/vec4 0, 0, 1;
    %ix/getv/s 4, v000002701e5e99a0_0;
    %store/vec4a v000002701e5e8c80, 4, 0;
    %load/vec4 v000002701e5e99a0_0;
    %addi 1, 0, 32;
    %store/vec4 v000002701e5e99a0_0, 0, 32;
    %jmp T_5.2;
T_5.3 ;
    %jmp T_5.1;
T_5.0 ;
    %load/vec4 v000002701e5e9f40_0;
    %store/vec4 v000002701e5e86e0_0, 0, 3;
T_5.1 ;
    %jmp T_5;
    .thread T_5;
# The file index is used to find the file name in the following table.
:file_names 3;
    "N/A";
    "<interactive>";
    "icache.v";
