#! /c/Source/iverilog-install/bin/vvp
:ivl_version "12.0 (devel)" "(s20150603-1539-g2693dd32b)";
:ivl_delay_selection "TYPICAL";
:vpi_time_precision + 0;
:vpi_module "C:\iverilog\lib\ivl\system.vpi";
:vpi_module "C:\iverilog\lib\ivl\vhdl_sys.vpi";
:vpi_module "C:\iverilog\lib\ivl\vhdl_textio.vpi";
:vpi_module "C:\iverilog\lib\ivl\v2005_math.vpi";
:vpi_module "C:\iverilog\lib\ivl\va_math.vpi";
S_000001c56fc0e990 .scope module, "alu" "alu" 2 74;
 .timescale 0 0;
    .port_info 0 /INPUT 8 "DATA1";
    .port_info 1 /INPUT 8 "DATA2";
    .port_info 2 /INPUT 3 "SELECT";
    .port_info 3 /OUTPUT 8 "RESULT";
    .port_info 4 /OUTPUT 1 "ZERO";
o000001c56fb11f98 .functor BUFZ 8, C4<zzzzzzzz>; HiZ drive
v000001c56fb02b60_0 .net/s "DATA1", 7 0, o000001c56fb11f98;  0 drivers
o000001c56fb11fc8 .functor BUFZ 8, C4<zzzzzzzz>; HiZ drive
v000001c56fb03240_0 .net/s "DATA2", 7 0, o000001c56fb11fc8;  0 drivers
v000001c56fb03920_0 .net/s "RESULT", 7 0, v000001c56fb06830_0;  1 drivers
o000001c56fb12238 .functor BUFZ 3, C4<zzz>; HiZ drive
v000001c56fb032e0_0 .net "SELECT", 2 0, o000001c56fb12238;  0 drivers
v000001c56fb03100_0 .var "ZERO", 0 0;
v000001c56fb031a0_0 .net "tempResult1", 7 0, v000001c56fb06600_0;  1 drivers
v000001c56fb034c0_0 .net "tempResult2", 7 0, v000001c56fc0c550_0;  1 drivers
v000001c56fb036a0_0 .net "tempResult3", 7 0, v000001c56fb08390_0;  1 drivers
v000001c56fb03880_0 .net "tempResult4", 7 0, v000001c56fb03420_0;  1 drivers
E_000001c56faf52f0 .event anyedge, v000001c56fb06830_0;
S_000001c56fc0eb20 .scope module, "addVal" "addFunct" 2 81, 2 16 0, S_000001c56fc0e990;
 .timescale 0 0;
    .port_info 0 /INPUT 8 "DATA1";
    .port_info 1 /INPUT 8 "DATA2";
    .port_info 2 /OUTPUT 8 "tempResult";
v000001c56faf6840_0 .net/s "DATA1", 7 0, o000001c56fb11f98;  alias, 0 drivers
v000001c56fad34f0_0 .net/s "DATA2", 7 0, o000001c56fb11fc8;  alias, 0 drivers
v000001c56fc0c550_0 .var/s "tempResult", 7 0;
E_000001c56faf53f0 .event anyedge, v000001c56fad34f0_0, v000001c56faf6840_0;
S_000001c56fb08200 .scope module, "andVal" "andFunct" 2 82, 2 25 0, S_000001c56fc0e990;
 .timescale 0 0;
    .port_info 0 /INPUT 8 "DATA1";
    .port_info 1 /INPUT 8 "DATA2";
    .port_info 2 /OUTPUT 8 "tempResult";
v000001c56fc0ecb0_0 .net/s "DATA1", 7 0, o000001c56fb11f98;  alias, 0 drivers
v000001c56fc0ed50_0 .net/s "DATA2", 7 0, o000001c56fb11fc8;  alias, 0 drivers
v000001c56fb08390_0 .var/s "tempResult", 7 0;
S_000001c56fb08430 .scope module, "forwardVal" "forwardFunct" 2 80, 2 4 0, S_000001c56fc0e990;
 .timescale 0 0;
    .port_info 0 /INPUT 8 "DATA2";
    .port_info 1 /OUTPUT 8 "tempResult";
v000001c56fb085c0_0 .net/s "DATA2", 7 0, o000001c56fb11fc8;  alias, 0 drivers
v000001c56fb06600_0 .var/s "tempResult", 7 0;
E_000001c56faf4930 .event anyedge, v000001c56fad34f0_0;
S_000001c56fb066a0 .scope module, "mux" "multiplexer" 2 84, 2 47 0, S_000001c56fc0e990;
 .timescale 0 0;
    .port_info 0 /INPUT 8 "tempResult1";
    .port_info 1 /INPUT 8 "tempResult2";
    .port_info 2 /INPUT 8 "tempResult3";
    .port_info 3 /INPUT 8 "tempResult4";
    .port_info 4 /INPUT 3 "SELECT";
    .port_info 5 /OUTPUT 8 "RESULT";
v000001c56fb06830_0 .var/s "RESULT", 7 0;
v000001c56fb068d0_0 .net "SELECT", 2 0, o000001c56fb12238;  alias, 0 drivers
v000001c56fb06970_0 .net/s "tempResult1", 7 0, v000001c56fb06600_0;  alias, 1 drivers
v000001c56fb02f20_0 .net/s "tempResult2", 7 0, v000001c56fc0c550_0;  alias, 1 drivers
v000001c56fb02fc0_0 .net/s "tempResult3", 7 0, v000001c56fb08390_0;  alias, 1 drivers
v000001c56fb03600_0 .net/s "tempResult4", 7 0, v000001c56fb03420_0;  alias, 1 drivers
E_000001c56faf5730/0 .event anyedge, v000001c56fb068d0_0, v000001c56fb03600_0, v000001c56fb08390_0, v000001c56fc0c550_0;
E_000001c56faf5730/1 .event anyedge, v000001c56fb06600_0;
E_000001c56faf5730 .event/or E_000001c56faf5730/0, E_000001c56faf5730/1;
S_000001c56fb05650 .scope module, "orVal" "orFunct" 2 83, 2 35 0, S_000001c56fc0e990;
 .timescale 0 0;
    .port_info 0 /INPUT 8 "DATA1";
    .port_info 1 /INPUT 8 "DATA2";
    .port_info 2 /OUTPUT 8 "tempResult";
v000001c56fb03060_0 .net/s "DATA1", 7 0, o000001c56fb11f98;  alias, 0 drivers
v000001c56fb03560_0 .net/s "DATA2", 7 0, o000001c56fb11fc8;  alias, 0 drivers
v000001c56fb03420_0 .var/s "tempResult", 7 0;
    .scope S_000001c56fb08430;
T_0 ;
    %wait E_000001c56faf4930;
    %delay 1, 0;
    %load/vec4 v000001c56fb085c0_0;
    %store/vec4 v000001c56fb06600_0, 0, 8;
    %jmp T_0;
    .thread T_0, $push;
    .scope S_000001c56fc0eb20;
T_1 ;
    %wait E_000001c56faf53f0;
    %delay 2, 0;
    %load/vec4 v000001c56faf6840_0;
    %load/vec4 v000001c56fad34f0_0;
    %add;
    %store/vec4 v000001c56fc0c550_0, 0, 8;
    %jmp T_1;
    .thread T_1, $push;
    .scope S_000001c56fb08200;
T_2 ;
    %wait E_000001c56faf53f0;
    %delay 1, 0;
    %load/vec4 v000001c56fc0ecb0_0;
    %load/vec4 v000001c56fc0ed50_0;
    %and;
    %store/vec4 v000001c56fb08390_0, 0, 8;
    %jmp T_2;
    .thread T_2, $push;
    .scope S_000001c56fb05650;
T_3 ;
    %wait E_000001c56faf53f0;
    %delay 1, 0;
    %load/vec4 v000001c56fb03060_0;
    %load/vec4 v000001c56fb03560_0;
    %or;
    %store/vec4 v000001c56fb03420_0, 0, 8;
    %jmp T_3;
    .thread T_3, $push;
    .scope S_000001c56fb066a0;
T_4 ;
    %wait E_000001c56faf5730;
    %load/vec4 v000001c56fb068d0_0;
    %dup/vec4;
    %pushi/vec4 0, 0, 3;
    %cmp/u;
    %jmp/1 T_4.0, 6;
    %dup/vec4;
    %pushi/vec4 1, 0, 3;
    %cmp/u;
    %jmp/1 T_4.1, 6;
    %dup/vec4;
    %pushi/vec4 2, 0, 3;
    %cmp/u;
    %jmp/1 T_4.2, 6;
    %dup/vec4;
    %pushi/vec4 3, 0, 3;
    %cmp/u;
    %jmp/1 T_4.3, 6;
    %pushi/vec4 0, 0, 8;
    %store/vec4 v000001c56fb06830_0, 0, 8;
    %jmp T_4.5;
T_4.0 ;
    %load/vec4 v000001c56fb06970_0;
    %store/vec4 v000001c56fb06830_0, 0, 8;
    %jmp T_4.5;
T_4.1 ;
    %load/vec4 v000001c56fb02f20_0;
    %store/vec4 v000001c56fb06830_0, 0, 8;
    %jmp T_4.5;
T_4.2 ;
    %load/vec4 v000001c56fb02fc0_0;
    %store/vec4 v000001c56fb06830_0, 0, 8;
    %jmp T_4.5;
T_4.3 ;
    %load/vec4 v000001c56fb03600_0;
    %store/vec4 v000001c56fb06830_0, 0, 8;
    %jmp T_4.5;
T_4.5 ;
    %pop/vec4 1;
    %jmp T_4;
    .thread T_4, $push;
    .scope S_000001c56fc0e990;
T_5 ;
    %wait E_000001c56faf52f0;
    %load/vec4 v000001c56fb03920_0;
    %pad/s 32;
    %cmpi/ne 0, 0, 32;
    %flag_mov 8, 4;
    %jmp/0 T_5.0, 8;
    %pushi/vec4 0, 0, 1;
    %jmp/1 T_5.1, 8;
T_5.0 ; End of true expr.
    %pushi/vec4 1, 0, 1;
    %jmp/0 T_5.1, 8;
 ; End of false expr.
    %blend;
T_5.1;
    %store/vec4 v000001c56fb03100_0, 0, 1;
    %jmp T_5;
    .thread T_5, $push;
# The file index is used to find the file name in the following table.
:file_names 3;
    "N/A";
    "<interactive>";
    "alu.v";
