#! /c/Source/iverilog-install/bin/vvp
:ivl_version "12.0 (devel)" "(s20150603-1539-g2693dd32b)";
:ivl_delay_selection "TYPICAL";
:vpi_time_precision - 12;
:vpi_module "C:\iverilog\lib\ivl\system.vpi";
:vpi_module "C:\iverilog\lib\ivl\vhdl_sys.vpi";
:vpi_module "C:\iverilog\lib\ivl\vhdl_textio.vpi";
:vpi_module "C:\iverilog\lib\ivl\v2005_math.vpi";
:vpi_module "C:\iverilog\lib\ivl\va_math.vpi";
S_000001391e4b0d20 .scope module, "cpu_tb" "cpu_tb" 2 6;
 .timescale -9 -12;
v000001391e5bd2a0_0 .var "CLK", 0 0;
v000001391e5bc120_0 .net "INSTRUCTION", 31 0, L_000001391e5be310;  1 drivers
v000001391e5bca80_0 .net "PC", 31 0, v000001391e4a06b0_0;  1 drivers
v000001391e5bdc00_0 .var "RESET", 0 0;
v000001391e5bd5c0_0 .net *"_ivl_0", 7 0, L_000001391e5be810;  1 drivers
v000001391e5bcd00_0 .net *"_ivl_10", 31 0, L_000001391e5bf670;  1 drivers
v000001391e5bcda0_0 .net *"_ivl_12", 7 0, L_000001391e5bf0d0;  1 drivers
L_000001391e5c00e8 .functor BUFT 1, C4<00000000000000000000000000000001>, C4<0>, C4<0>, C4<0>;
v000001391e5bd480_0 .net/2u *"_ivl_14", 31 0, L_000001391e5c00e8;  1 drivers
v000001391e5bdf20_0 .net *"_ivl_16", 31 0, L_000001391e5bea90;  1 drivers
v000001391e5bd840_0 .net *"_ivl_18", 7 0, L_000001391e5be630;  1 drivers
L_000001391e5c0058 .functor BUFT 1, C4<00000000000000000000000000000011>, C4<0>, C4<0>, C4<0>;
v000001391e5bc300_0 .net/2u *"_ivl_2", 31 0, L_000001391e5c0058;  1 drivers
v000001391e5bd980_0 .net *"_ivl_4", 31 0, L_000001391e5be090;  1 drivers
v000001391e5be770_0 .net *"_ivl_6", 7 0, L_000001391e5be6d0;  1 drivers
L_000001391e5c00a0 .functor BUFT 1, C4<00000000000000000000000000000010>, C4<0>, C4<0>, C4<0>;
v000001391e5bf5d0_0 .net/2u *"_ivl_8", 31 0, L_000001391e5c00a0;  1 drivers
v000001391e5be9f0_0 .var/i "i", 31 0;
v000001391e5bedb0 .array "instr_mem", 0 1023, 7 0;
L_000001391e5be810 .array/port v000001391e5bedb0, L_000001391e5be090;
L_000001391e5be090 .arith/sum 32, v000001391e4a06b0_0, L_000001391e5c0058;
L_000001391e5be6d0 .array/port v000001391e5bedb0, L_000001391e5bf670;
L_000001391e5bf670 .arith/sum 32, v000001391e4a06b0_0, L_000001391e5c00a0;
L_000001391e5bf0d0 .array/port v000001391e5bedb0, L_000001391e5bea90;
L_000001391e5bea90 .arith/sum 32, v000001391e4a06b0_0, L_000001391e5c00e8;
L_000001391e5be630 .array/port v000001391e5bedb0, v000001391e4a06b0_0;
L_000001391e5be310 .delay 32 (2000,2000,2000) L_000001391e5be310/d;
L_000001391e5be310/d .concat [ 8 8 8 8], L_000001391e5be630, L_000001391e5bf0d0, L_000001391e5be6d0, L_000001391e5be810;
S_000001391e466ed0 .scope module, "mycpu" "cpu" 2 44, 3 7 0, S_000001391e4b0d20;
 .timescale -9 -12;
    .port_info 0 /INPUT 32 "INSTRUCTION";
    .port_info 1 /INPUT 1 "CLK";
    .port_info 2 /INPUT 1 "RESET";
    .port_info 3 /OUTPUT 32 "PC";
v000001391e5bc3a0_0 .net "ALUOP", 2 0, v000001391e5b9780_0;  1 drivers
v000001391e5bc580_0 .net "ALURESULT", 7 0, v000001391e5b9640_0;  1 drivers
v000001391e5bc260_0 .net "BRANCHMUXSELECT", 0 0, v000001391e5b82e0_0;  1 drivers
v000001391e5bd7a0_0 .net "BUSYWAIT", 0 0, v000001391e5b93c0_0;  1 drivers
v000001391e5bc760_0 .net "CLK", 0 0, v000001391e5bd2a0_0;  1 drivers
v000001391e5bdca0_0 .net "CLKPAUSE", 0 0, v000001391e5b8d80_0;  1 drivers
v000001391e5bda20_0 .net "DATAFROMDM", 7 0, v000001391e5b9be0_0;  1 drivers
v000001391e5bc6c0_0 .net "INSTRUCTION", 31 0, L_000001391e5be310;  alias, 1 drivers
v000001391e5bcbc0_0 .net "ISFORMDM", 0 0, v000001391e5b9c80_0;  1 drivers
v000001391e5bcee0_0 .net "MUX1OUT", 7 0, L_000001391e5bfe90;  1 drivers
v000001391e5bdde0_0 .net "MUX1SELECT", 0 0, v000001391e5b9000_0;  1 drivers
v000001391e5bd700_0 .net "MUX2OUT", 7 0, L_000001391e5bfc10;  1 drivers
v000001391e5bc4e0_0 .net "MUX2SELECT", 0 0, v000001391e5b8560_0;  1 drivers
v000001391e5bcb20_0 .net "MUX3OUT", 7 0, L_000001391e5be1d0;  1 drivers
v000001391e5bc080_0 .net "NEXTPCMUXSELECT", 0 0, v000001391e5b8600_0;  1 drivers
v000001391e5bd200_0 .net "OPCODE", 7 0, L_000001391e5bff30;  1 drivers
v000001391e5bdd40_0 .net "PC", 31 0, v000001391e4a06b0_0;  alias, 1 drivers
v000001391e5bcc60_0 .net "RD", 7 0, L_000001391e5bf350;  1 drivers
v000001391e5bc1c0_0 .net "READFROMDM", 0 0, v000001391e5b9320_0;  1 drivers
v000001391e5bc800_0 .net "READREG1", 2 0, L_000001391e5bf530;  1 drivers
v000001391e5bd8e0_0 .net "READREG2", 2 0, L_000001391e5be8b0;  1 drivers
v000001391e5bce40_0 .net "REGOUT1", 7 0, v000001391e5ba750_0;  1 drivers
v000001391e5bc620_0 .net "REGOUT2", 7 0, v000001391e5bb470_0;  1 drivers
v000001391e5bde80_0 .net "REGOUT2_2SCOMP", 7 0, v000001391e5b8240_0;  1 drivers
v000001391e5bd3e0_0 .net "RESET", 0 0, v000001391e5bdc00_0;  1 drivers
v000001391e5bc440_0 .net "RS_IMM", 7 0, L_000001391e5bf850;  1 drivers
v000001391e5bc8a0_0 .net "RT", 7 0, L_000001391e5bf210;  1 drivers
v000001391e5bd0c0_0 .net "WRITEENABLE", 0 0, v000001391e5b9960_0;  1 drivers
v000001391e5bc940_0 .net "WRITEREG", 2 0, L_000001391e5beef0;  1 drivers
v000001391e5bd160_0 .net "WRITETODM", 0 0, v000001391e5b8c40_0;  1 drivers
v000001391e5bd340_0 .net "ZERO", 0 0, v000001391e5b98c0_0;  1 drivers
v000001391e5bd520_0 .net "mem_address", 5 0, v000001391e5bb290_0;  1 drivers
v000001391e5bd660_0 .net "mem_busywait", 0 0, v000001391e5bad90_0;  1 drivers
v000001391e5bc9e0_0 .net "mem_read", 0 0, v000001391e5bbdd0_0;  1 drivers
v000001391e5bcf80_0 .net "mem_readdata", 31 0, v000001391e5ba390_0;  1 drivers
v000001391e5bdac0_0 .net "mem_write", 0 0, v000001391e5ba610_0;  1 drivers
v000001391e5bdb60_0 .net "mem_writedata", 31 0, v000001391e5bbab0_0;  1 drivers
L_000001391e5bff30 .part L_000001391e5be310, 24, 8;
L_000001391e5bf350 .part L_000001391e5be310, 16, 8;
L_000001391e5bf210 .part L_000001391e5be310, 8, 8;
L_000001391e5bf850 .part L_000001391e5be310, 0, 8;
L_000001391e5bf530 .part L_000001391e5bf210, 0, 3;
L_000001391e5be8b0 .part L_000001391e5bf850, 0, 3;
L_000001391e5beef0 .part L_000001391e5bf350, 0, 3;
L_000001391e5bfe90 .functor MUXZ 8, v000001391e5bb470_0, v000001391e5b8240_0, v000001391e5b9000_0, C4<>;
L_000001391e5bfc10 .functor MUXZ 8, L_000001391e5bf850, L_000001391e5bfe90, v000001391e5b8560_0, C4<>;
L_000001391e5be1d0 .functor MUXZ 8, v000001391e5b9640_0, v000001391e5b9be0_0, v000001391e5b9c80_0, C4<>;
S_000001391e467060 .scope module, "addpc" "pcadder" 3 32, 4 2 0, S_000001391e466ed0;
 .timescale -9 -12;
    .port_info 0 /OUTPUT 32 "PC";
    .port_info 1 /INPUT 1 "CLK";
    .port_info 2 /INPUT 1 "RESET";
    .port_info 3 /INPUT 8 "RD_OFFSET";
    .port_info 4 /INPUT 1 "BRANCH";
    .port_info 5 /INPUT 1 "JUMP";
    .port_info 6 /INPUT 1 "ZERO";
    .port_info 7 /INPUT 1 "CLKPAUSE";
    .port_info 8 /INPUT 1 "BUSYWAIT";
L_000001391e49d410 .functor AND 1, v000001391e5b82e0_0, v000001391e5b98c0_0, C4<1>, C4<1>;
v000001391e49fa30_0 .net "BEQADDRESS", 31 0, L_000001391e5bfa30;  1 drivers
v000001391e49f210_0 .net "BEQSELECT", 0 0, L_000001391e49d410;  1 drivers
v000001391e49ed10_0 .net "BRANCH", 0 0, v000001391e5b82e0_0;  alias, 1 drivers
v000001391e4a0430_0 .net "BUSYWAIT", 0 0, v000001391e5b93c0_0;  alias, 1 drivers
v000001391e49f3f0_0 .net "CLK", 0 0, v000001391e5bd2a0_0;  alias, 1 drivers
v000001391e49f710_0 .net "CLKPAUSE", 0 0, v000001391e5b8d80_0;  alias, 1 drivers
v000001391e49fb70_0 .net "JUMP", 0 0, v000001391e5b8600_0;  alias, 1 drivers
v000001391e49f490_0 .net "NEXTPC", 31 0, L_000001391e5be590;  1 drivers
v000001391e4a06b0_0 .var "PC", 31 0;
v000001391e4a0250_0 .var "PCPLUS4", 31 0;
v000001391e49fc10_0 .net/s "RD_OFFSET", 7 0, L_000001391e5bf350;  alias, 1 drivers
v000001391e4a01b0_0 .net "RESET", 0 0, v000001391e5bdc00_0;  alias, 1 drivers
v000001391e4a07f0_0 .net/s "SHIFTLEFTADDRESS", 31 0, L_000001391e5be130;  1 drivers
v000001391e49ff30_0 .var/s "SIGNEXTNDVALUE", 31 0;
v000001391e49ea90_0 .net "ZERO", 0 0, v000001391e5b98c0_0;  alias, 1 drivers
v000001391e49fcb0_0 .net *"_ivl_0", 31 0, L_000001391e5be3b0;  1 drivers
v000001391e4a0750_0 .net *"_ivl_2", 29 0, L_000001391e5bf7b0;  1 drivers
L_000001391e5c0130 .functor BUFT 1, C4<00>, C4<0>, C4<0>, C4<0>;
v000001391e49ec70_0 .net *"_ivl_4", 1 0, L_000001391e5c0130;  1 drivers
E_000001391e48fd80 .event posedge, v000001391e49f3f0_0;
E_000001391e48f4c0 .event anyedge, v000001391e4a06b0_0;
E_000001391e48f580 .event anyedge, v000001391e49fc10_0;
L_000001391e5bf7b0 .part v000001391e49ff30_0, 0, 30;
L_000001391e5be3b0 .concat [ 2 30 0 0], L_000001391e5c0130, L_000001391e5bf7b0;
L_000001391e5be130 .delay 32 (2000,2000,2000) L_000001391e5be130/d;
L_000001391e5be130/d .arith/sum 32, v000001391e4a0250_0, L_000001391e5be3b0;
L_000001391e5bfa30 .functor MUXZ 32, v000001391e4a0250_0, L_000001391e5be130, L_000001391e49d410, C4<>;
L_000001391e5be590 .functor MUXZ 32, L_000001391e5bfa30, L_000001391e5be130, v000001391e5b8600_0, C4<>;
S_000001391e55eaf0 .scope module, "alu_cpu" "alu" 3 70, 5 74 0, S_000001391e466ed0;
 .timescale -9 -12;
    .port_info 0 /INPUT 8 "DATA1";
    .port_info 1 /INPUT 8 "DATA2";
    .port_info 2 /INPUT 3 "SELECT";
    .port_info 3 /OUTPUT 8 "RESULT";
    .port_info 4 /OUTPUT 1 "ZERO";
v000001391e5b96e0_0 .net/s "DATA1", 7 0, v000001391e5ba750_0;  alias, 1 drivers
v000001391e5b8880_0 .net/s "DATA2", 7 0, L_000001391e5bfc10;  alias, 1 drivers
v000001391e5b8920_0 .net/s "RESULT", 7 0, v000001391e5b9640_0;  alias, 1 drivers
v000001391e5b8a60_0 .net "SELECT", 2 0, v000001391e5b9780_0;  alias, 1 drivers
v000001391e5b98c0_0 .var "ZERO", 0 0;
v000001391e5b9280_0 .net "tempResult1", 7 0, v000001391e5b9b40_0;  1 drivers
v000001391e5b8380_0 .net "tempResult2", 7 0, v000001391e483ff0_0;  1 drivers
v000001391e5b91e0_0 .net "tempResult3", 7 0, v000001391e5b8060_0;  1 drivers
v000001391e5b8f60_0 .net "tempResult4", 7 0, v000001391e5b81a0_0;  1 drivers
E_000001391e490040 .event anyedge, v000001391e5b9640_0;
S_000001391e55ec80 .scope module, "addVal" "addFunct" 5 81, 5 16 0, S_000001391e55eaf0;
 .timescale -9 -12;
    .port_info 0 /INPUT 8 "DATA1";
    .port_info 1 /INPUT 8 "DATA2";
    .port_info 2 /OUTPUT 8 "tempResult";
v000001391e4837d0_0 .net/s "DATA1", 7 0, v000001391e5ba750_0;  alias, 1 drivers
v000001391e483cd0_0 .net/s "DATA2", 7 0, L_000001391e5bfc10;  alias, 1 drivers
v000001391e483ff0_0 .var/s "tempResult", 7 0;
E_000001391e490240 .event anyedge, v000001391e483cd0_0, v000001391e4837d0_0;
S_000001391e408370 .scope module, "andVal" "andFunct" 5 82, 5 25 0, S_000001391e55eaf0;
 .timescale -9 -12;
    .port_info 0 /INPUT 8 "DATA1";
    .port_info 1 /INPUT 8 "DATA2";
    .port_info 2 /OUTPUT 8 "tempResult";
v000001391e483190_0 .net/s "DATA1", 7 0, v000001391e5ba750_0;  alias, 1 drivers
v000001391e5b8ec0_0 .net/s "DATA2", 7 0, L_000001391e5bfc10;  alias, 1 drivers
v000001391e5b8060_0 .var/s "tempResult", 7 0;
S_000001391e408500 .scope module, "forwardVal" "forwardFunct" 5 80, 5 4 0, S_000001391e55eaf0;
 .timescale -9 -12;
    .port_info 0 /INPUT 8 "DATA2";
    .port_info 1 /OUTPUT 8 "tempResult";
v000001391e5b9140_0 .net/s "DATA2", 7 0, L_000001391e5bfc10;  alias, 1 drivers
v000001391e5b9b40_0 .var/s "tempResult", 7 0;
E_000001391e490d40 .event anyedge, v000001391e483cd0_0;
S_000001391e41ff10 .scope module, "mux" "multiplexer" 5 84, 5 47 0, S_000001391e55eaf0;
 .timescale -9 -12;
    .port_info 0 /INPUT 8 "tempResult1";
    .port_info 1 /INPUT 8 "tempResult2";
    .port_info 2 /INPUT 8 "tempResult3";
    .port_info 3 /INPUT 8 "tempResult4";
    .port_info 4 /INPUT 3 "SELECT";
    .port_info 5 /OUTPUT 8 "RESULT";
v000001391e5b9640_0 .var/s "RESULT", 7 0;
v000001391e5b8100_0 .net "SELECT", 2 0, v000001391e5b9780_0;  alias, 1 drivers
v000001391e5b9460_0 .net/s "tempResult1", 7 0, v000001391e5b9b40_0;  alias, 1 drivers
v000001391e5b89c0_0 .net/s "tempResult2", 7 0, v000001391e483ff0_0;  alias, 1 drivers
v000001391e5b9dc0_0 .net/s "tempResult3", 7 0, v000001391e5b8060_0;  alias, 1 drivers
v000001391e5b95a0_0 .net/s "tempResult4", 7 0, v000001391e5b81a0_0;  alias, 1 drivers
E_000001391e491080/0 .event anyedge, v000001391e5b8100_0, v000001391e5b95a0_0, v000001391e5b8060_0, v000001391e483ff0_0;
E_000001391e491080/1 .event anyedge, v000001391e5b9b40_0;
E_000001391e491080 .event/or E_000001391e491080/0, E_000001391e491080/1;
S_000001391e4200a0 .scope module, "orVal" "orFunct" 5 83, 5 35 0, S_000001391e55eaf0;
 .timescale -9 -12;
    .port_info 0 /INPUT 8 "DATA1";
    .port_info 1 /INPUT 8 "DATA2";
    .port_info 2 /OUTPUT 8 "tempResult";
v000001391e5b9f00_0 .net/s "DATA1", 7 0, v000001391e5ba750_0;  alias, 1 drivers
v000001391e5b9e60_0 .net/s "DATA2", 7 0, L_000001391e5bfc10;  alias, 1 drivers
v000001391e5b81a0_0 .var/s "tempResult", 7 0;
S_000001391e439e30 .scope module, "complement" "twoScomp" 3 58, 3 248 0, S_000001391e466ed0;
 .timescale -9 -12;
    .port_info 0 /OUTPUT 8 "REGOUT2_2SCOMP";
    .port_info 1 /INPUT 8 "REGOUT2";
v000001391e5b8420_0 .net "REGOUT2", 7 0, v000001391e5bb470_0;  alias, 1 drivers
v000001391e5b8240_0 .var/s "REGOUT2_2SCOMP", 7 0;
E_000001391e492400 .event anyedge, v000001391e5b8420_0;
S_000001391e439fc0 .scope module, "cpu_control" "control_unit" 3 39, 3 85 0, S_000001391e466ed0;
 .timescale -9 -12;
    .port_info 0 /INPUT 8 "OPCODE";
    .port_info 1 /INPUT 1 "BUSYWAIT";
    .port_info 2 /OUTPUT 3 "ALUOP";
    .port_info 3 /OUTPUT 1 "MUX1SELECT";
    .port_info 4 /OUTPUT 1 "MUX2SELECT";
    .port_info 5 /OUTPUT 1 "WRITEENABLE";
    .port_info 6 /OUTPUT 1 "BRANCHMUXSELECT";
    .port_info 7 /OUTPUT 1 "NEXTPCMUXSELECT";
    .port_info 8 /OUTPUT 1 "READFROMDM";
    .port_info 9 /OUTPUT 1 "WRITETODM";
    .port_info 10 /OUTPUT 1 "CLKPAUSE";
    .port_info 11 /OUTPUT 1 "ISFORMDM";
v000001391e5b9780_0 .var "ALUOP", 2 0;
v000001391e5b82e0_0 .var "BRANCHMUXSELECT", 0 0;
v000001391e5b84c0_0 .net "BUSYWAIT", 0 0, v000001391e5b93c0_0;  alias, 1 drivers
v000001391e5b8d80_0 .var "CLKPAUSE", 0 0;
v000001391e5b9c80_0 .var "ISFORMDM", 0 0;
v000001391e5b9000_0 .var "MUX1SELECT", 0 0;
v000001391e5b8560_0 .var "MUX2SELECT", 0 0;
v000001391e5b8600_0 .var "NEXTPCMUXSELECT", 0 0;
v000001391e5b9820_0 .net "OPCODE", 7 0, L_000001391e5bff30;  alias, 1 drivers
v000001391e5b9320_0 .var "READFROMDM", 0 0;
v000001391e5b9960_0 .var "WRITEENABLE", 0 0;
v000001391e5b8c40_0 .var "WRITETODM", 0 0;
E_000001391e493e00 .event anyedge, v000001391e5b9820_0;
E_000001391e494280 .event anyedge, v000001391e4a0430_0;
S_000001391e447f30 .scope module, "dcache_cpu" "dcache" 3 76, 6 11 0, S_000001391e466ed0;
 .timescale -9 -12;
    .port_info 0 /OUTPUT 1 "busywait";
    .port_info 1 /INPUT 1 "read";
    .port_info 2 /INPUT 1 "write";
    .port_info 3 /INPUT 8 "WRITEDATACPU";
    .port_info 4 /OUTPUT 8 "READDATACPU";
    .port_info 5 /INPUT 8 "ADDRESSCPU";
    .port_info 6 /INPUT 32 "pc";
    .port_info 7 /INPUT 1 "reset";
    .port_info 8 /INPUT 1 "clk";
    .port_info 9 /INPUT 1 "mem_busywait";
    .port_info 10 /OUTPUT 1 "mem_read";
    .port_info 11 /OUTPUT 1 "mem_write";
    .port_info 12 /OUTPUT 32 "mem_writedata";
    .port_info 13 /INPUT 32 "mem_readdata";
    .port_info 14 /OUTPUT 6 "mem_address";
P_000001391e451830 .param/l "IDLE" 0 6 128, C4<000>;
P_000001391e451868 .param/l "MEM_READ" 0 6 128, C4<001>;
P_000001391e4518a0 .param/l "WRITE_BACK" 0 6 128, C4<010>;
v000001391e5b9a00_0 .net "ADDRESSCPU", 7 0, v000001391e5b9640_0;  alias, 1 drivers
v000001391e5b9be0_0 .var "READDATACPU", 7 0;
v000001391e5b9500_0 .net "WRITEDATACPU", 7 0, v000001391e5ba750_0;  alias, 1 drivers
v000001391e5b86a0_0 .net *"_ivl_10", 4 0, L_000001391e5beb30;  1 drivers
L_000001391e5c0178 .functor BUFT 1, C4<00>, C4<0>, C4<0>, C4<0>;
v000001391e5b8740_0 .net *"_ivl_13", 1 0, L_000001391e5c0178;  1 drivers
v000001391e5b87e0_0 .net *"_ivl_8", 37 0, L_000001391e5be450;  1 drivers
v000001391e5b8b00_0 .net "block_offset", 1 0, L_000001391e5bee50;  1 drivers
v000001391e5b93c0_0 .var "busywait", 0 0;
v000001391e5b8ba0 .array "cache_array", 0 7, 37 0;
v000001391e5b8ce0_0 .net "clk", 0 0, v000001391e5bd2a0_0;  alias, 1 drivers
v000001391e5b8e20_0 .var "datarow", 37 0;
v000001391e5b90a0_0 .var "dirty", 0 0;
v000001391e5b9aa0_0 .var "hit", 0 0;
v000001391e5b9d20_0 .net "index", 2 0, L_000001391e5be950;  1 drivers
v000001391e5bbe70_0 .var "istag", 2 0;
v000001391e5bb6f0_0 .var/i "j", 31 0;
v000001391e5bb290_0 .var "mem_address", 5 0;
v000001391e5ba570_0 .net "mem_busywait", 0 0, v000001391e5bad90_0;  alias, 1 drivers
v000001391e5bbdd0_0 .var "mem_read", 0 0;
v000001391e5bbb50_0 .net "mem_readdata", 31 0, v000001391e5ba390_0;  alias, 1 drivers
v000001391e5ba610_0 .var "mem_write", 0 0;
v000001391e5bbab0_0 .var "mem_writedata", 31 0;
v000001391e5bbbf0_0 .var "next_state", 2 0;
v000001391e5babb0_0 .net "pc", 31 0, v000001391e4a06b0_0;  alias, 1 drivers
v000001391e5ba7f0_0 .net "read", 0 0, v000001391e5b9320_0;  alias, 1 drivers
v000001391e5bbd30_0 .net "reset", 0 0, v000001391e5bdc00_0;  alias, 1 drivers
v000001391e5bb5b0_0 .var "state", 2 0;
v000001391e5bbc90_0 .net "tag", 7 5, L_000001391e5be270;  1 drivers
v000001391e5bba10_0 .var "tempData", 31 0;
v000001391e5ba070_0 .var "valid", 0 0;
v000001391e5bbf10_0 .net "write", 0 0, v000001391e5b8c40_0;  alias, 1 drivers
E_000001391e493f40/0 .event anyedge, v000001391e4a01b0_0;
E_000001391e493f40/1 .event posedge, v000001391e49f3f0_0;
E_000001391e493f40 .event/or E_000001391e493f40/0, E_000001391e493f40/1;
E_000001391e493a00/0 .event anyedge, v000001391e5bb5b0_0, v000001391e5bbc90_0, v000001391e5b9d20_0, v000001391e5ba570_0;
v000001391e5b8ba0_0 .array/port v000001391e5b8ba0, 0;
v000001391e5b8ba0_1 .array/port v000001391e5b8ba0, 1;
v000001391e5b8ba0_2 .array/port v000001391e5b8ba0, 2;
E_000001391e493a00/1 .event anyedge, v000001391e5bbb50_0, v000001391e5b8ba0_0, v000001391e5b8ba0_1, v000001391e5b8ba0_2;
v000001391e5b8ba0_3 .array/port v000001391e5b8ba0, 3;
v000001391e5b8ba0_4 .array/port v000001391e5b8ba0, 4;
v000001391e5b8ba0_5 .array/port v000001391e5b8ba0, 5;
v000001391e5b8ba0_6 .array/port v000001391e5b8ba0, 6;
E_000001391e493a00/2 .event anyedge, v000001391e5b8ba0_3, v000001391e5b8ba0_4, v000001391e5b8ba0_5, v000001391e5b8ba0_6;
v000001391e5b8ba0_7 .array/port v000001391e5b8ba0, 7;
E_000001391e493a00/3 .event anyedge, v000001391e5b8ba0_7;
E_000001391e493a00 .event/or E_000001391e493a00/0, E_000001391e493a00/1, E_000001391e493a00/2, E_000001391e493a00/3;
E_000001391e493e80/0 .event anyedge, v000001391e5bb5b0_0, v000001391e5b9320_0, v000001391e5b8c40_0, v000001391e5b90a0_0;
E_000001391e493e80/1 .event anyedge, v000001391e5b9aa0_0, v000001391e5ba570_0;
E_000001391e493e80 .event/or E_000001391e493e80/0, E_000001391e493e80/1;
E_000001391e493a80/0 .event anyedge, v000001391e5b8c40_0, v000001391e5b9320_0;
E_000001391e493a80/1 .event posedge, v000001391e5b9aa0_0;
E_000001391e493a80 .event/or E_000001391e493a80/0, E_000001391e493a80/1;
E_000001391e493d40 .event anyedge, v000001391e5b9320_0, v000001391e5b8c40_0;
E_000001391e493ac0/0 .event anyedge, v000001391e5b9aa0_0, v000001391e5b9320_0, v000001391e5b8c40_0, v000001391e5b8b00_0;
E_000001391e493ac0/1 .event anyedge, v000001391e5bba10_0;
E_000001391e493ac0 .event/or E_000001391e493ac0/0, E_000001391e493ac0/1;
E_000001391e494080 .event anyedge, v000001391e5b9320_0, v000001391e5b8e20_0;
E_000001391e493700 .event anyedge, v000001391e5b8e20_0, v000001391e5bbc90_0, v000001391e5ba070_0;
E_000001391e493b00/0 .event anyedge, L_000001391e5be450;
E_000001391e493b00/1 .event posedge, v000001391e5b9640_0;
E_000001391e493b00 .event/or E_000001391e493b00/0, E_000001391e493b00/1;
L_000001391e5be950 .part v000001391e5b9640_0, 2, 3;
L_000001391e5bee50 .part v000001391e5b9640_0, 0, 2;
L_000001391e5be270 .part v000001391e5b9640_0, 5, 3;
L_000001391e5be450 .array/port v000001391e5b8ba0, L_000001391e5beb30;
L_000001391e5beb30 .concat [ 3 2 0 0], L_000001391e5be950, L_000001391e5c0178;
S_000001391e4480c0 .scope module, "dm2" "data_memory" 3 79, 7 2 0, S_000001391e466ed0;
 .timescale -9 -12;
    .port_info 0 /INPUT 1 "clock";
    .port_info 1 /INPUT 1 "reset";
    .port_info 2 /INPUT 1 "read";
    .port_info 3 /INPUT 1 "write";
    .port_info 4 /INPUT 6 "address";
    .port_info 5 /INPUT 32 "writedata";
    .port_info 6 /OUTPUT 32 "readdata";
    .port_info 7 /OUTPUT 1 "busywait";
v000001391e5bb3d0_0 .var *"_ivl_10", 7 0; Local signal
v000001391e5bacf0_0 .var *"_ivl_11", 7 0; Local signal
v000001391e5ba110_0 .var *"_ivl_4", 7 0; Local signal
v000001391e5baa70_0 .var *"_ivl_5", 7 0; Local signal
v000001391e5bae30_0 .var *"_ivl_6", 7 0; Local signal
v000001391e5ba1b0_0 .var *"_ivl_7", 7 0; Local signal
v000001391e5baed0_0 .var *"_ivl_8", 7 0; Local signal
v000001391e5ba250_0 .var *"_ivl_9", 7 0; Local signal
v000001391e5ba890_0 .net "address", 5 0, v000001391e5bb290_0;  alias, 1 drivers
v000001391e5bad90_0 .var "busywait", 0 0;
v000001391e5bb790_0 .net "clock", 0 0, v000001391e5bd2a0_0;  alias, 1 drivers
v000001391e5baf70_0 .var/i "i", 31 0;
v000001391e5bab10 .array "memory_array", 0 255, 7 0;
v000001391e5ba2f0_0 .net "read", 0 0, v000001391e5bbdd0_0;  alias, 1 drivers
v000001391e5bb8d0_0 .var "readaccess", 0 0;
v000001391e5ba390_0 .var "readdata", 31 0;
v000001391e5ba430_0 .net "reset", 0 0, v000001391e5bdc00_0;  alias, 1 drivers
v000001391e5bb830_0 .net "write", 0 0, v000001391e5ba610_0;  alias, 1 drivers
v000001391e5bb1f0_0 .var "writeaccess", 0 0;
v000001391e5bb010_0 .net "writedata", 31 0, v000001391e5bbab0_0;  alias, 1 drivers
E_000001391e493340 .event posedge, v000001391e4a01b0_0;
E_000001391e493fc0 .event anyedge, v000001391e5bb290_0, v000001391e5ba610_0, v000001391e5bbdd0_0;
S_000001391e453500 .scope module, "reg_8x8" "reg_file" 3 53, 8 2 0, S_000001391e466ed0;
 .timescale -9 -12;
    .port_info 0 /INPUT 8 "IN";
    .port_info 1 /OUTPUT 8 "OUT1";
    .port_info 2 /OUTPUT 8 "OUT2";
    .port_info 3 /INPUT 3 "INADDR";
    .port_info 4 /INPUT 3 "OUT1ADD";
    .port_info 5 /INPUT 3 "OUT2ADD";
    .port_info 6 /INPUT 1 "WRITEEN";
    .port_info 7 /INPUT 1 "CLK";
    .port_info 8 /INPUT 1 "RESET";
    .port_info 9 /INPUT 1 "BUSYWAIT";
L_000001391e49cf40 .functor NOT 1, v000001391e5b93c0_0, C4<0>, C4<0>, C4<0>;
L_000001391e49d020 .functor AND 1, v000001391e5bd2a0_0, L_000001391e49cf40, C4<1>, C4<1>;
v000001391e5bac50_0 .net "BUSYWAIT", 0 0, v000001391e5b93c0_0;  alias, 1 drivers
v000001391e5bb150_0 .net "CLK", 0 0, v000001391e5bd2a0_0;  alias, 1 drivers
v000001391e5bb0b0_0 .net "IN", 7 0, L_000001391e5be1d0;  alias, 1 drivers
v000001391e5bb330_0 .net "INADDR", 2 0, L_000001391e5beef0;  alias, 1 drivers
v000001391e5ba750_0 .var "OUT1", 7 0;
v000001391e5ba4d0_0 .net "OUT1ADD", 2 0, L_000001391e5bf530;  alias, 1 drivers
v000001391e5bb470_0 .var "OUT2", 7 0;
v000001391e5bb510_0 .net "OUT2ADD", 2 0, L_000001391e5be8b0;  alias, 1 drivers
v000001391e5ba6b0_0 .net "RESET", 0 0, v000001391e5bdc00_0;  alias, 1 drivers
v000001391e5ba930_0 .net "WRITEEN", 0 0, v000001391e5b9960_0;  alias, 1 drivers
v000001391e5ba9d0_0 .net *"_ivl_3", 0 0, L_000001391e49cf40;  1 drivers
v000001391e5bb650_0 .net *"_ivl_6", 0 0, L_000001391e49d020;  1 drivers
v000001391e5bb970_0 .var/i "k", 31 0;
v000001391e5bd020 .array "regArr", 0 7, 7 0;
E_000001391e493840 .event posedge, L_000001391e49d020;
v000001391e5bd020_0 .array/port v000001391e5bd020, 0;
v000001391e5bd020_1 .array/port v000001391e5bd020, 1;
v000001391e5bd020_2 .array/port v000001391e5bd020, 2;
E_000001391e493dc0/0 .event anyedge, v000001391e5ba4d0_0, v000001391e5bd020_0, v000001391e5bd020_1, v000001391e5bd020_2;
v000001391e5bd020_3 .array/port v000001391e5bd020, 3;
v000001391e5bd020_4 .array/port v000001391e5bd020, 4;
v000001391e5bd020_5 .array/port v000001391e5bd020, 5;
v000001391e5bd020_6 .array/port v000001391e5bd020, 6;
E_000001391e493dc0/1 .event anyedge, v000001391e5bd020_3, v000001391e5bd020_4, v000001391e5bd020_5, v000001391e5bd020_6;
v000001391e5bd020_7 .array/port v000001391e5bd020, 7;
E_000001391e493dc0/2 .event anyedge, v000001391e5bd020_7, v000001391e5bb510_0;
E_000001391e493dc0 .event/or E_000001391e493dc0/0, E_000001391e493dc0/1, E_000001391e493dc0/2;
S_000001391e4b5090 .scope module, "jumpAlu" "jumpAlu" 3 286;
 .timescale -9 -12;
    .port_info 0 /INPUT 32 "PCPLUS4";
    .port_info 1 /INPUT 32 "SIGN_EXTEND_VALUE";
    .port_info 2 /OUTPUT 32 "JUMPADDRESS";
v000001391e5bfcb0_0 .var "JUMPADDRESS", 31 0;
o000001391e5623f8 .functor BUFZ 32, C4<zzzzzzzzzzzzzzzzzzzzzzzzzzzzzzzz>; HiZ drive
v000001391e5bf490_0 .net "PCPLUS4", 31 0, o000001391e5623f8;  0 drivers
o000001391e562428 .functor BUFZ 32, C4<zzzzzzzzzzzzzzzzzzzzzzzzzzzzzzzz>; HiZ drive
v000001391e5bf030_0 .net "SIGN_EXTEND_VALUE", 31 0, o000001391e562428;  0 drivers
E_000001391e493780 .event anyedge, v000001391e5bf030_0;
S_000001391e464a40 .scope module, "shiftLeft" "shiftLeft" 3 277;
 .timescale -9 -12;
    .port_info 0 /INPUT 32 "input32bit";
    .port_info 1 /OUTPUT 32 "leftshiftoutput";
o000001391e5624e8 .functor BUFZ 32, C4<zzzzzzzzzzzzzzzzzzzzzzzzzzzzzzzz>; HiZ drive
v000001391e5bf8f0_0 .net "input32bit", 31 0, o000001391e5624e8;  0 drivers
v000001391e5bf990_0 .var "leftshiftoutput", 31 0;
E_000001391e493e40 .event anyedge, v000001391e5bf8f0_0;
S_000001391e464bd0 .scope module, "signExtend" "signExtend" 3 260;
 .timescale -9 -12;
    .port_info 0 /INPUT 8 "input8bit";
    .port_info 1 /OUTPUT 32 "output32bit";
o000001391e5625a8 .functor BUFZ 8, C4<zzzzzzzz>; HiZ drive
v000001391e5be4f0_0 .net "input8bit", 7 0, o000001391e5625a8;  0 drivers
v000001391e5bed10_0 .var "output32bit", 31 0;
E_000001391e493f80 .event anyedge, v000001391e5be4f0_0;
    .scope S_000001391e467060;
T_0 ;
    %wait E_000001391e48f580;
    %load/vec4 v000001391e49fc10_0;
    %parti/s 1, 7, 4;
    %cmpi/e 0, 0, 1;
    %jmp/0xz  T_0.0, 4;
    %pushi/vec4 0, 0, 24;
    %load/vec4 v000001391e49fc10_0;
    %concat/vec4; draw_concat_vec4
    %assign/vec4 v000001391e49ff30_0, 0;
    %jmp T_0.1;
T_0.0 ;
    %load/vec4 v000001391e49fc10_0;
    %parti/s 1, 7, 4;
    %cmpi/e 1, 0, 1;
    %jmp/0xz  T_0.2, 4;
    %pushi/vec4 16777215, 0, 24;
    %load/vec4 v000001391e49fc10_0;
    %concat/vec4; draw_concat_vec4
    %assign/vec4 v000001391e49ff30_0, 0;
T_0.2 ;
T_0.1 ;
    %jmp T_0;
    .thread T_0, $push;
    .scope S_000001391e467060;
T_1 ;
    %wait E_000001391e48f4c0;
    %delay 1000, 0;
    %load/vec4 v000001391e4a06b0_0;
    %addi 4, 0, 32;
    %assign/vec4 v000001391e4a0250_0, 0;
    %jmp T_1;
    .thread T_1, $push;
    .scope S_000001391e467060;
T_2 ;
    %wait E_000001391e48fd80;
    %delay 1000, 0;
    %load/vec4 v000001391e4a01b0_0;
    %flag_set/vec4 8;
    %jmp/0xz  T_2.0, 8;
    %pushi/vec4 0, 0, 32;
    %assign/vec4 v000001391e4a06b0_0, 0;
    %jmp T_2.1;
T_2.0 ;
    %load/vec4 v000001391e4a0430_0;
    %inv;
    %flag_set/vec4 8;
    %jmp/0xz  T_2.2, 8;
    %load/vec4 v000001391e49f490_0;
    %assign/vec4 v000001391e4a06b0_0, 0;
T_2.2 ;
T_2.1 ;
    %jmp T_2;
    .thread T_2;
    .scope S_000001391e439fc0;
T_3 ;
    %wait E_000001391e494280;
    %load/vec4 v000001391e5b84c0_0;
    %assign/vec4 v000001391e5b8d80_0, 0;
    %jmp T_3;
    .thread T_3, $push;
    .scope S_000001391e439fc0;
T_4 ;
    %wait E_000001391e493e00;
    %load/vec4 v000001391e5b9820_0;
    %dup/vec4;
    %pushi/vec4 2, 0, 8;
    %cmp/u;
    %jmp/1 T_4.0, 6;
    %dup/vec4;
    %pushi/vec4 3, 0, 8;
    %cmp/u;
    %jmp/1 T_4.1, 6;
    %dup/vec4;
    %pushi/vec4 4, 0, 8;
    %cmp/u;
    %jmp/1 T_4.2, 6;
    %dup/vec4;
    %pushi/vec4 5, 0, 8;
    %cmp/u;
    %jmp/1 T_4.3, 6;
    %dup/vec4;
    %pushi/vec4 1, 0, 8;
    %cmp/u;
    %jmp/1 T_4.4, 6;
    %dup/vec4;
    %pushi/vec4 0, 0, 8;
    %cmp/u;
    %jmp/1 T_4.5, 6;
    %dup/vec4;
    %pushi/vec4 7, 0, 8;
    %cmp/u;
    %jmp/1 T_4.6, 6;
    %dup/vec4;
    %pushi/vec4 6, 0, 8;
    %cmp/u;
    %jmp/1 T_4.7, 6;
    %dup/vec4;
    %pushi/vec4 8, 0, 8;
    %cmp/u;
    %jmp/1 T_4.8, 6;
    %dup/vec4;
    %pushi/vec4 9, 0, 8;
    %cmp/u;
    %jmp/1 T_4.9, 6;
    %dup/vec4;
    %pushi/vec4 10, 0, 8;
    %cmp/u;
    %jmp/1 T_4.10, 6;
    %dup/vec4;
    %pushi/vec4 11, 0, 8;
    %cmp/u;
    %jmp/1 T_4.11, 6;
    %jmp T_4.12;
T_4.0 ;
    %pushi/vec4 1, 0, 3;
    %assign/vec4 v000001391e5b9780_0, 1000;
    %pushi/vec4 0, 0, 1;
    %assign/vec4 v000001391e5b9000_0, 1000;
    %pushi/vec4 1, 0, 1;
    %assign/vec4 v000001391e5b8560_0, 1000;
    %pushi/vec4 1, 0, 1;
    %assign/vec4 v000001391e5b9960_0, 1000;
    %pushi/vec4 0, 0, 1;
    %assign/vec4 v000001391e5b82e0_0, 1000;
    %pushi/vec4 0, 0, 1;
    %assign/vec4 v000001391e5b8600_0, 1000;
    %pushi/vec4 0, 0, 1;
    %assign/vec4 v000001391e5b9320_0, 1000;
    %pushi/vec4 0, 0, 1;
    %assign/vec4 v000001391e5b8c40_0, 1000;
    %pushi/vec4 0, 0, 1;
    %assign/vec4 v000001391e5b9c80_0, 1000;
    %jmp T_4.12;
T_4.1 ;
    %pushi/vec4 1, 0, 3;
    %assign/vec4 v000001391e5b9780_0, 1000;
    %pushi/vec4 1, 0, 1;
    %assign/vec4 v000001391e5b9000_0, 0;
    %pushi/vec4 1, 0, 1;
    %assign/vec4 v000001391e5b8560_0, 1000;
    %pushi/vec4 1, 0, 1;
    %assign/vec4 v000001391e5b9960_0, 1000;
    %pushi/vec4 0, 0, 1;
    %assign/vec4 v000001391e5b82e0_0, 1000;
    %pushi/vec4 0, 0, 1;
    %assign/vec4 v000001391e5b8600_0, 1000;
    %pushi/vec4 0, 0, 1;
    %assign/vec4 v000001391e5b9320_0, 1000;
    %pushi/vec4 0, 0, 1;
    %assign/vec4 v000001391e5b8c40_0, 1000;
    %pushi/vec4 0, 0, 1;
    %assign/vec4 v000001391e5b9c80_0, 1000;
    %jmp T_4.12;
T_4.2 ;
    %pushi/vec4 2, 0, 3;
    %assign/vec4 v000001391e5b9780_0, 1000;
    %pushi/vec4 0, 0, 1;
    %assign/vec4 v000001391e5b9000_0, 0;
    %pushi/vec4 1, 0, 1;
    %assign/vec4 v000001391e5b8560_0, 1000;
    %pushi/vec4 1, 0, 1;
    %assign/vec4 v000001391e5b9960_0, 1000;
    %pushi/vec4 0, 0, 1;
    %assign/vec4 v000001391e5b82e0_0, 1000;
    %pushi/vec4 0, 0, 1;
    %assign/vec4 v000001391e5b8600_0, 1000;
    %pushi/vec4 0, 0, 1;
    %assign/vec4 v000001391e5b9c80_0, 1000;
    %jmp T_4.12;
T_4.3 ;
    %pushi/vec4 3, 0, 3;
    %assign/vec4 v000001391e5b9780_0, 1000;
    %pushi/vec4 0, 0, 1;
    %assign/vec4 v000001391e5b9000_0, 0;
    %pushi/vec4 1, 0, 1;
    %assign/vec4 v000001391e5b8560_0, 1000;
    %pushi/vec4 1, 0, 1;
    %assign/vec4 v000001391e5b9960_0, 1000;
    %pushi/vec4 0, 0, 1;
    %assign/vec4 v000001391e5b82e0_0, 1000;
    %pushi/vec4 0, 0, 1;
    %assign/vec4 v000001391e5b8600_0, 1000;
    %pushi/vec4 0, 0, 1;
    %assign/vec4 v000001391e5b9320_0, 1000;
    %pushi/vec4 0, 0, 1;
    %assign/vec4 v000001391e5b8c40_0, 1000;
    %pushi/vec4 0, 0, 1;
    %assign/vec4 v000001391e5b9c80_0, 1000;
    %jmp T_4.12;
T_4.4 ;
    %pushi/vec4 0, 0, 3;
    %assign/vec4 v000001391e5b9780_0, 1000;
    %pushi/vec4 0, 0, 1;
    %assign/vec4 v000001391e5b9000_0, 0;
    %pushi/vec4 1, 0, 1;
    %assign/vec4 v000001391e5b8560_0, 1000;
    %pushi/vec4 1, 0, 1;
    %assign/vec4 v000001391e5b9960_0, 1000;
    %pushi/vec4 0, 0, 1;
    %assign/vec4 v000001391e5b82e0_0, 1000;
    %pushi/vec4 0, 0, 1;
    %assign/vec4 v000001391e5b8600_0, 1000;
    %pushi/vec4 0, 0, 1;
    %assign/vec4 v000001391e5b9320_0, 1000;
    %pushi/vec4 0, 0, 1;
    %assign/vec4 v000001391e5b8c40_0, 1000;
    %pushi/vec4 0, 0, 1;
    %assign/vec4 v000001391e5b9c80_0, 1000;
    %jmp T_4.12;
T_4.5 ;
    %pushi/vec4 0, 0, 3;
    %assign/vec4 v000001391e5b9780_0, 1000;
    %pushi/vec4 0, 0, 1;
    %assign/vec4 v000001391e5b9000_0, 0;
    %pushi/vec4 0, 0, 1;
    %assign/vec4 v000001391e5b8560_0, 1000;
    %pushi/vec4 1, 0, 1;
    %assign/vec4 v000001391e5b9960_0, 1000;
    %pushi/vec4 0, 0, 1;
    %assign/vec4 v000001391e5b82e0_0, 1000;
    %pushi/vec4 0, 0, 1;
    %assign/vec4 v000001391e5b8600_0, 1000;
    %pushi/vec4 0, 0, 1;
    %assign/vec4 v000001391e5b9320_0, 1000;
    %pushi/vec4 0, 0, 1;
    %assign/vec4 v000001391e5b8c40_0, 1000;
    %pushi/vec4 0, 0, 1;
    %assign/vec4 v000001391e5b9c80_0, 1000;
    %jmp T_4.12;
T_4.6 ;
    %pushi/vec4 1, 0, 3;
    %assign/vec4 v000001391e5b9780_0, 1000;
    %pushi/vec4 1, 0, 1;
    %assign/vec4 v000001391e5b9000_0, 1000;
    %pushi/vec4 1, 0, 1;
    %assign/vec4 v000001391e5b8560_0, 1000;
    %pushi/vec4 0, 0, 1;
    %assign/vec4 v000001391e5b9960_0, 1000;
    %pushi/vec4 1, 0, 1;
    %assign/vec4 v000001391e5b82e0_0, 1000;
    %pushi/vec4 0, 0, 1;
    %assign/vec4 v000001391e5b8600_0, 1000;
    %pushi/vec4 0, 0, 1;
    %assign/vec4 v000001391e5b9320_0, 1000;
    %pushi/vec4 0, 0, 1;
    %assign/vec4 v000001391e5b8c40_0, 1000;
    %pushi/vec4 0, 0, 1;
    %assign/vec4 v000001391e5b9c80_0, 1000;
    %jmp T_4.12;
T_4.7 ;
    %pushi/vec4 0, 0, 1;
    %assign/vec4 v000001391e5b9960_0, 1000;
    %pushi/vec4 1, 0, 1;
    %assign/vec4 v000001391e5b8600_0, 1000;
    %pushi/vec4 0, 0, 1;
    %assign/vec4 v000001391e5b9320_0, 1000;
    %pushi/vec4 0, 0, 1;
    %assign/vec4 v000001391e5b8c40_0, 1000;
    %pushi/vec4 0, 0, 1;
    %assign/vec4 v000001391e5b9c80_0, 1000;
    %jmp T_4.12;
T_4.8 ;
    %pushi/vec4 0, 0, 3;
    %assign/vec4 v000001391e5b9780_0, 1000;
    %pushi/vec4 0, 0, 1;
    %assign/vec4 v000001391e5b9000_0, 1000;
    %pushi/vec4 1, 0, 1;
    %assign/vec4 v000001391e5b8560_0, 1000;
    %pushi/vec4 1, 0, 1;
    %assign/vec4 v000001391e5b9960_0, 1000;
    %pushi/vec4 0, 0, 1;
    %assign/vec4 v000001391e5b82e0_0, 1000;
    %pushi/vec4 0, 0, 1;
    %assign/vec4 v000001391e5b8600_0, 1000;
    %pushi/vec4 1, 0, 1;
    %assign/vec4 v000001391e5b9320_0, 1000;
    %pushi/vec4 0, 0, 1;
    %assign/vec4 v000001391e5b8c40_0, 1000;
    %pushi/vec4 1, 0, 1;
    %assign/vec4 v000001391e5b9c80_0, 1000;
    %jmp T_4.12;
T_4.9 ;
    %pushi/vec4 0, 0, 3;
    %assign/vec4 v000001391e5b9780_0, 1000;
    %pushi/vec4 0, 0, 1;
    %assign/vec4 v000001391e5b9000_0, 1000;
    %pushi/vec4 0, 0, 1;
    %assign/vec4 v000001391e5b8560_0, 1000;
    %pushi/vec4 1, 0, 1;
    %assign/vec4 v000001391e5b9960_0, 1000;
    %pushi/vec4 0, 0, 1;
    %assign/vec4 v000001391e5b82e0_0, 1000;
    %pushi/vec4 0, 0, 1;
    %assign/vec4 v000001391e5b8600_0, 1000;
    %pushi/vec4 1, 0, 1;
    %assign/vec4 v000001391e5b9320_0, 1000;
    %pushi/vec4 0, 0, 1;
    %assign/vec4 v000001391e5b8c40_0, 1000;
    %pushi/vec4 1, 0, 1;
    %assign/vec4 v000001391e5b9c80_0, 1000;
    %jmp T_4.12;
T_4.10 ;
    %pushi/vec4 0, 0, 3;
    %assign/vec4 v000001391e5b9780_0, 1000;
    %pushi/vec4 0, 0, 1;
    %assign/vec4 v000001391e5b9000_0, 1000;
    %pushi/vec4 1, 0, 1;
    %assign/vec4 v000001391e5b8560_0, 1000;
    %pushi/vec4 0, 0, 1;
    %assign/vec4 v000001391e5b9960_0, 1000;
    %pushi/vec4 0, 0, 1;
    %assign/vec4 v000001391e5b82e0_0, 1000;
    %pushi/vec4 0, 0, 1;
    %assign/vec4 v000001391e5b8600_0, 1000;
    %pushi/vec4 0, 0, 1;
    %assign/vec4 v000001391e5b9320_0, 1000;
    %pushi/vec4 1, 0, 1;
    %assign/vec4 v000001391e5b8c40_0, 1000;
    %pushi/vec4 0, 0, 1;
    %assign/vec4 v000001391e5b9c80_0, 1000;
    %jmp T_4.12;
T_4.11 ;
    %pushi/vec4 0, 0, 3;
    %assign/vec4 v000001391e5b9780_0, 1000;
    %pushi/vec4 0, 0, 1;
    %assign/vec4 v000001391e5b9000_0, 1000;
    %pushi/vec4 0, 0, 1;
    %assign/vec4 v000001391e5b8560_0, 1000;
    %pushi/vec4 0, 0, 1;
    %assign/vec4 v000001391e5b9960_0, 1000;
    %pushi/vec4 0, 0, 1;
    %assign/vec4 v000001391e5b82e0_0, 1000;
    %pushi/vec4 0, 0, 1;
    %assign/vec4 v000001391e5b8600_0, 1000;
    %pushi/vec4 0, 0, 1;
    %assign/vec4 v000001391e5b9320_0, 1000;
    %pushi/vec4 1, 0, 1;
    %assign/vec4 v000001391e5b8c40_0, 1000;
    %pushi/vec4 0, 0, 1;
    %assign/vec4 v000001391e5b9c80_0, 1000;
    %jmp T_4.12;
T_4.12 ;
    %pop/vec4 1;
    %jmp T_4;
    .thread T_4, $push;
    .scope S_000001391e453500;
T_5 ;
    %wait E_000001391e493dc0;
    %load/vec4 v000001391e5ba4d0_0;
    %pad/u 5;
    %ix/vec4 4;
    %load/vec4a v000001391e5bd020, 4;
    %assign/vec4 v000001391e5ba750_0, 2000;
    %load/vec4 v000001391e5bb510_0;
    %pad/u 5;
    %ix/vec4 4;
    %load/vec4a v000001391e5bd020, 4;
    %assign/vec4 v000001391e5bb470_0, 2000;
    %jmp T_5;
    .thread T_5, $push;
    .scope S_000001391e453500;
T_6 ;
    %wait E_000001391e493840;
    %load/vec4 v000001391e5ba930_0;
    %flag_set/vec4 8;
    %jmp/0xz  T_6.0, 8;
    %delay 1000, 0;
    %load/vec4 v000001391e5bb0b0_0;
    %load/vec4 v000001391e5bb330_0;
    %pad/u 5;
    %ix/vec4 4;
    %store/vec4a v000001391e5bd020, 4, 0;
T_6.0 ;
    %load/vec4 v000001391e5ba6b0_0;
    %flag_set/vec4 8;
    %jmp/0xz  T_6.2, 8;
    %pushi/vec4 0, 0, 32;
    %store/vec4 v000001391e5bb970_0, 0, 32;
T_6.4 ;
    %load/vec4 v000001391e5bb970_0;
    %cmpi/s 8, 0, 32;
    %jmp/0xz T_6.5, 5;
    %pushi/vec4 0, 0, 8;
    %ix/getv/s 3, v000001391e5bb970_0;
    %ix/load 4, 1000, 0; Constant delay
    %assign/vec4/a/d v000001391e5bd020, 0, 4;
    %load/vec4 v000001391e5bb970_0;
    %addi 1, 0, 32;
    %store/vec4 v000001391e5bb970_0, 0, 32;
    %jmp T_6.4;
T_6.5 ;
T_6.2 ;
    %jmp T_6;
    .thread T_6;
    .scope S_000001391e439e30;
T_7 ;
    %wait E_000001391e492400;
    %delay 1000, 0;
    %load/vec4 v000001391e5b8420_0;
    %inv;
    %addi 1, 0, 8;
    %store/vec4 v000001391e5b8240_0, 0, 8;
    %jmp T_7;
    .thread T_7, $push;
    .scope S_000001391e408500;
T_8 ;
    %wait E_000001391e490d40;
    %delay 1000, 0;
    %load/vec4 v000001391e5b9140_0;
    %store/vec4 v000001391e5b9b40_0, 0, 8;
    %jmp T_8;
    .thread T_8, $push;
    .scope S_000001391e55ec80;
T_9 ;
    %wait E_000001391e490240;
    %delay 2000, 0;
    %load/vec4 v000001391e4837d0_0;
    %load/vec4 v000001391e483cd0_0;
    %add;
    %store/vec4 v000001391e483ff0_0, 0, 8;
    %jmp T_9;
    .thread T_9, $push;
    .scope S_000001391e408370;
T_10 ;
    %wait E_000001391e490240;
    %delay 1000, 0;
    %load/vec4 v000001391e483190_0;
    %load/vec4 v000001391e5b8ec0_0;
    %and;
    %store/vec4 v000001391e5b8060_0, 0, 8;
    %jmp T_10;
    .thread T_10, $push;
    .scope S_000001391e4200a0;
T_11 ;
    %wait E_000001391e490240;
    %delay 1000, 0;
    %load/vec4 v000001391e5b9f00_0;
    %load/vec4 v000001391e5b9e60_0;
    %or;
    %store/vec4 v000001391e5b81a0_0, 0, 8;
    %jmp T_11;
    .thread T_11, $push;
    .scope S_000001391e41ff10;
T_12 ;
    %wait E_000001391e491080;
    %load/vec4 v000001391e5b8100_0;
    %dup/vec4;
    %pushi/vec4 0, 0, 3;
    %cmp/u;
    %jmp/1 T_12.0, 6;
    %dup/vec4;
    %pushi/vec4 1, 0, 3;
    %cmp/u;
    %jmp/1 T_12.1, 6;
    %dup/vec4;
    %pushi/vec4 2, 0, 3;
    %cmp/u;
    %jmp/1 T_12.2, 6;
    %dup/vec4;
    %pushi/vec4 3, 0, 3;
    %cmp/u;
    %jmp/1 T_12.3, 6;
    %pushi/vec4 0, 0, 8;
    %store/vec4 v000001391e5b9640_0, 0, 8;
    %jmp T_12.5;
T_12.0 ;
    %load/vec4 v000001391e5b9460_0;
    %store/vec4 v000001391e5b9640_0, 0, 8;
    %jmp T_12.5;
T_12.1 ;
    %load/vec4 v000001391e5b89c0_0;
    %store/vec4 v000001391e5b9640_0, 0, 8;
    %jmp T_12.5;
T_12.2 ;
    %load/vec4 v000001391e5b9dc0_0;
    %store/vec4 v000001391e5b9640_0, 0, 8;
    %jmp T_12.5;
T_12.3 ;
    %load/vec4 v000001391e5b95a0_0;
    %store/vec4 v000001391e5b9640_0, 0, 8;
    %jmp T_12.5;
T_12.5 ;
    %pop/vec4 1;
    %jmp T_12;
    .thread T_12, $push;
    .scope S_000001391e55eaf0;
T_13 ;
    %wait E_000001391e490040;
    %load/vec4 v000001391e5b8920_0;
    %pad/s 32;
    %cmpi/ne 0, 0, 32;
    %flag_mov 8, 4;
    %jmp/0 T_13.0, 8;
    %pushi/vec4 0, 0, 1;
    %jmp/1 T_13.1, 8;
T_13.0 ; End of true expr.
    %pushi/vec4 1, 0, 1;
    %jmp/0 T_13.1, 8;
 ; End of false expr.
    %blend;
T_13.1;
    %store/vec4 v000001391e5b98c0_0, 0, 1;
    %jmp T_13;
    .thread T_13, $push;
    .scope S_000001391e447f30;
T_14 ;
    %wait E_000001391e493b00;
    %delay 1000, 0;
    %load/vec4 v000001391e5b9d20_0;
    %pad/u 5;
    %ix/vec4 4;
    %load/vec4a v000001391e5b8ba0, 4;
    %store/vec4 v000001391e5b8e20_0, 0, 38;
    %load/vec4 v000001391e5b8e20_0;
    %parti/s 1, 37, 7;
    %store/vec4 v000001391e5ba070_0, 0, 1;
    %load/vec4 v000001391e5b8e20_0;
    %parti/s 1, 36, 7;
    %store/vec4 v000001391e5b90a0_0, 0, 1;
    %jmp T_14;
    .thread T_14;
    .scope S_000001391e447f30;
T_15 ;
    %wait E_000001391e493700;
    %load/vec4 v000001391e5b8e20_0;
    %parti/s 4, 32, 7;
    %load/vec4 v000001391e5bbc90_0;
    %pad/u 4;
    %cmp/e;
    %flag_get/vec4 4;
    %jmp/0 T_15.0, 4;
    %load/vec4 v000001391e5ba070_0;
    %and;
T_15.0;
    %assign/vec4 v000001391e5b9aa0_0, 900;
    %load/vec4 v000001391e5b8e20_0;
    %parti/s 4, 32, 7;
    %pad/u 3;
    %assign/vec4 v000001391e5bbe70_0, 0;
    %jmp T_15;
    .thread T_15, $push;
    .scope S_000001391e447f30;
T_16 ;
    %wait E_000001391e494080;
    %load/vec4 v000001391e5ba7f0_0;
    %flag_set/vec4 8;
    %jmp/0xz  T_16.0, 8;
    %load/vec4 v000001391e5b8e20_0;
    %parti/s 32, 0, 2;
    %assign/vec4 v000001391e5bba10_0, 1000;
T_16.0 ;
    %jmp T_16;
    .thread T_16, $push;
    .scope S_000001391e447f30;
T_17 ;
    %wait E_000001391e493ac0;
    %load/vec4 v000001391e5b9aa0_0;
    %flag_set/vec4 10;
    %flag_get/vec4 10;
    %jmp/0 T_17.3, 10;
    %load/vec4 v000001391e5ba7f0_0;
    %and;
T_17.3;
    %flag_set/vec4 9;
    %flag_get/vec4 9;
    %jmp/0 T_17.2, 9;
    %load/vec4 v000001391e5bbf10_0;
    %nor/r;
    %and;
T_17.2;
    %flag_set/vec4 8;
    %jmp/0xz  T_17.0, 8;
    %load/vec4 v000001391e5b8b00_0;
    %dup/vec4;
    %pushi/vec4 0, 0, 2;
    %cmp/u;
    %jmp/1 T_17.4, 6;
    %dup/vec4;
    %pushi/vec4 1, 0, 2;
    %cmp/u;
    %jmp/1 T_17.5, 6;
    %dup/vec4;
    %pushi/vec4 2, 0, 2;
    %cmp/u;
    %jmp/1 T_17.6, 6;
    %dup/vec4;
    %pushi/vec4 3, 0, 2;
    %cmp/u;
    %jmp/1 T_17.7, 6;
    %jmp T_17.8;
T_17.4 ;
    %load/vec4 v000001391e5bba10_0;
    %parti/s 8, 0, 2;
    %assign/vec4 v000001391e5b9be0_0, 0;
    %jmp T_17.8;
T_17.5 ;
    %load/vec4 v000001391e5bba10_0;
    %parti/s 8, 8, 5;
    %assign/vec4 v000001391e5b9be0_0, 0;
    %jmp T_17.8;
T_17.6 ;
    %load/vec4 v000001391e5bba10_0;
    %parti/s 8, 16, 6;
    %assign/vec4 v000001391e5b9be0_0, 0;
    %jmp T_17.8;
T_17.7 ;
    %load/vec4 v000001391e5bba10_0;
    %parti/s 8, 24, 6;
    %assign/vec4 v000001391e5b9be0_0, 0;
    %jmp T_17.8;
T_17.8 ;
    %pop/vec4 1;
T_17.0 ;
    %jmp T_17;
    .thread T_17, $push;
    .scope S_000001391e447f30;
T_18 ;
    %wait E_000001391e48fd80;
    %load/vec4 v000001391e5b9aa0_0;
    %flag_set/vec4 10;
    %flag_get/vec4 10;
    %jmp/0 T_18.3, 10;
    %load/vec4 v000001391e5bbf10_0;
    %and;
T_18.3;
    %flag_set/vec4 9;
    %flag_get/vec4 9;
    %jmp/0 T_18.2, 9;
    %load/vec4 v000001391e5ba7f0_0;
    %nor/r;
    %and;
T_18.2;
    %flag_set/vec4 8;
    %jmp/0xz  T_18.0, 8;
    %delay 1000, 0;
    %load/vec4 v000001391e5b8b00_0;
    %dup/vec4;
    %pushi/vec4 0, 0, 2;
    %cmp/u;
    %jmp/1 T_18.4, 6;
    %dup/vec4;
    %pushi/vec4 1, 0, 2;
    %cmp/u;
    %jmp/1 T_18.5, 6;
    %dup/vec4;
    %pushi/vec4 2, 0, 2;
    %cmp/u;
    %jmp/1 T_18.6, 6;
    %dup/vec4;
    %pushi/vec4 3, 0, 2;
    %cmp/u;
    %jmp/1 T_18.7, 6;
    %jmp T_18.8;
T_18.4 ;
    %load/vec4 v000001391e5b9500_0;
    %load/vec4 v000001391e5b9d20_0;
    %pad/u 5;
    %ix/vec4 3;
    %ix/load 4, 0, 0; Constant delay
    %assign/vec4/a/d v000001391e5b8ba0, 0, 4;
    %jmp T_18.8;
T_18.5 ;
    %load/vec4 v000001391e5b9500_0;
    %load/vec4 v000001391e5b9d20_0;
    %pad/u 5;
    %ix/vec4 3;
    %ix/load 4, 8, 0; part off
    %ix/load 5, 0, 0; Constant delay
    %assign/vec4/a/d v000001391e5b8ba0, 4, 5;
    %jmp T_18.8;
T_18.6 ;
    %load/vec4 v000001391e5b9500_0;
    %load/vec4 v000001391e5b9d20_0;
    %pad/u 5;
    %ix/vec4 3;
    %ix/load 4, 16, 0; part off
    %ix/load 5, 0, 0; Constant delay
    %assign/vec4/a/d v000001391e5b8ba0, 4, 5;
    %jmp T_18.8;
T_18.7 ;
    %load/vec4 v000001391e5b9500_0;
    %load/vec4 v000001391e5b9d20_0;
    %pad/u 5;
    %ix/vec4 3;
    %ix/load 4, 24, 0; part off
    %ix/load 5, 0, 0; Constant delay
    %assign/vec4/a/d v000001391e5b8ba0, 4, 5;
    %jmp T_18.8;
T_18.8 ;
    %pop/vec4 1;
    %pushi/vec4 1, 0, 1;
    %load/vec4 v000001391e5b9d20_0;
    %pad/u 5;
    %ix/vec4 4;
    %flag_mov 8, 4;
    %ix/load 5, 36, 0;
    %flag_set/imm 4, 0;
    %flag_or 4, 8;
    %store/vec4a v000001391e5b8ba0, 4, 5;
T_18.0 ;
    %jmp T_18;
    .thread T_18;
    .scope S_000001391e447f30;
T_19 ;
    %wait E_000001391e493d40;
    %load/vec4 v000001391e5ba7f0_0;
    %flag_set/vec4 8;
    %jmp/1 T_19.2, 8;
    %load/vec4 v000001391e5bbf10_0;
    %flag_set/vec4 9;
    %flag_or 8, 9;
T_19.2;
    %jmp/0xz  T_19.0, 8;
    %pushi/vec4 1, 0, 1;
    %assign/vec4 v000001391e5b93c0_0, 0;
    %jmp T_19.1;
T_19.0 ;
    %pushi/vec4 0, 0, 1;
    %assign/vec4 v000001391e5b93c0_0, 0;
T_19.1 ;
    %jmp T_19;
    .thread T_19, $push;
    .scope S_000001391e447f30;
T_20 ;
    %wait E_000001391e493a80;
    %load/vec4 v000001391e5b9aa0_0;
    %flag_set/vec4 8;
    %jmp/0xz  T_20.0, 8;
    %load/vec4 v000001391e5ba7f0_0;
    %flag_set/vec4 9;
    %flag_get/vec4 9;
    %jmp/0 T_20.4, 9;
    %load/vec4 v000001391e5bbf10_0;
    %nor/r;
    %and;
T_20.4;
    %flag_set/vec4 8;
    %jmp/0xz  T_20.2, 8;
    %delay 1000, 0;
    %pushi/vec4 0, 0, 1;
    %store/vec4 v000001391e5b93c0_0, 0, 1;
    %jmp T_20.3;
T_20.2 ;
    %load/vec4 v000001391e5bbf10_0;
    %flag_set/vec4 9;
    %flag_get/vec4 9;
    %jmp/0 T_20.7, 9;
    %load/vec4 v000001391e5ba7f0_0;
    %nor/r;
    %and;
T_20.7;
    %flag_set/vec4 8;
    %jmp/0xz  T_20.5, 8;
    %delay 1000, 0;
    %pushi/vec4 0, 0, 1;
    %store/vec4 v000001391e5b93c0_0, 0, 1;
T_20.5 ;
T_20.3 ;
T_20.0 ;
    %jmp T_20;
    .thread T_20;
    .scope S_000001391e447f30;
T_21 ;
    %wait E_000001391e493e80;
    %load/vec4 v000001391e5bb5b0_0;
    %dup/vec4;
    %pushi/vec4 0, 0, 3;
    %cmp/u;
    %jmp/1 T_21.0, 6;
    %dup/vec4;
    %pushi/vec4 1, 0, 3;
    %cmp/u;
    %jmp/1 T_21.1, 6;
    %dup/vec4;
    %pushi/vec4 2, 0, 3;
    %cmp/u;
    %jmp/1 T_21.2, 6;
    %jmp T_21.3;
T_21.0 ;
    %load/vec4 v000001391e5ba7f0_0;
    %flag_set/vec4 10;
    %jmp/1 T_21.8, 10;
    %load/vec4 v000001391e5bbf10_0;
    %flag_set/vec4 11;
    %flag_or 10, 11;
T_21.8;
    %flag_get/vec4 10;
    %jmp/0 T_21.7, 10;
    %load/vec4 v000001391e5b90a0_0;
    %nor/r;
    %and;
T_21.7;
    %flag_set/vec4 9;
    %flag_get/vec4 9;
    %jmp/0 T_21.6, 9;
    %load/vec4 v000001391e5b9aa0_0;
    %nor/r;
    %and;
T_21.6;
    %flag_set/vec4 8;
    %jmp/0xz  T_21.4, 8;
    %pushi/vec4 1, 0, 3;
    %store/vec4 v000001391e5bbbf0_0, 0, 3;
    %jmp T_21.5;
T_21.4 ;
    %load/vec4 v000001391e5ba7f0_0;
    %flag_set/vec4 10;
    %jmp/1 T_21.13, 10;
    %load/vec4 v000001391e5bbf10_0;
    %flag_set/vec4 11;
    %flag_or 10, 11;
T_21.13;
    %flag_get/vec4 10;
    %jmp/0 T_21.12, 10;
    %load/vec4 v000001391e5b90a0_0;
    %and;
T_21.12;
    %flag_set/vec4 9;
    %flag_get/vec4 9;
    %jmp/0 T_21.11, 9;
    %load/vec4 v000001391e5b9aa0_0;
    %nor/r;
    %and;
T_21.11;
    %flag_set/vec4 8;
    %jmp/0xz  T_21.9, 8;
    %pushi/vec4 2, 0, 3;
    %store/vec4 v000001391e5bbbf0_0, 0, 3;
    %jmp T_21.10;
T_21.9 ;
    %pushi/vec4 0, 0, 3;
    %store/vec4 v000001391e5bbbf0_0, 0, 3;
T_21.10 ;
T_21.5 ;
    %jmp T_21.3;
T_21.1 ;
    %load/vec4 v000001391e5ba570_0;
    %nor/r;
    %flag_set/vec4 8;
    %jmp/0xz  T_21.14, 8;
    %pushi/vec4 0, 0, 3;
    %store/vec4 v000001391e5bbbf0_0, 0, 3;
    %jmp T_21.15;
T_21.14 ;
    %pushi/vec4 1, 0, 3;
    %store/vec4 v000001391e5bbbf0_0, 0, 3;
T_21.15 ;
    %jmp T_21.3;
T_21.2 ;
    %load/vec4 v000001391e5ba570_0;
    %nor/r;
    %flag_set/vec4 8;
    %jmp/0xz  T_21.16, 8;
    %pushi/vec4 1, 0, 3;
    %store/vec4 v000001391e5bbbf0_0, 0, 3;
    %jmp T_21.17;
T_21.16 ;
    %pushi/vec4 2, 0, 3;
    %store/vec4 v000001391e5bbbf0_0, 0, 3;
T_21.17 ;
    %jmp T_21.3;
T_21.3 ;
    %pop/vec4 1;
    %jmp T_21;
    .thread T_21, $push;
    .scope S_000001391e447f30;
T_22 ;
    %wait E_000001391e493a00;
    %load/vec4 v000001391e5bb5b0_0;
    %dup/vec4;
    %pushi/vec4 0, 0, 3;
    %cmp/u;
    %jmp/1 T_22.0, 6;
    %dup/vec4;
    %pushi/vec4 1, 0, 3;
    %cmp/u;
    %jmp/1 T_22.1, 6;
    %dup/vec4;
    %pushi/vec4 2, 0, 3;
    %cmp/u;
    %jmp/1 T_22.2, 6;
    %jmp T_22.3;
T_22.0 ;
    %pushi/vec4 0, 0, 1;
    %store/vec4 v000001391e5bbdd0_0, 0, 1;
    %pushi/vec4 0, 0, 1;
    %store/vec4 v000001391e5ba610_0, 0, 1;
    %pushi/vec4 63, 63, 6;
    %store/vec4 v000001391e5bb290_0, 0, 6;
    %pushi/vec4 255, 255, 32;
    %store/vec4 v000001391e5bbab0_0, 0, 32;
    %pushi/vec4 0, 0, 1;
    %store/vec4 v000001391e5b93c0_0, 0, 1;
    %jmp T_22.3;
T_22.1 ;
    %pushi/vec4 1, 0, 1;
    %store/vec4 v000001391e5bbdd0_0, 0, 1;
    %pushi/vec4 0, 0, 1;
    %store/vec4 v000001391e5ba610_0, 0, 1;
    %load/vec4 v000001391e5bbc90_0;
    %load/vec4 v000001391e5b9d20_0;
    %concat/vec4; draw_concat_vec4
    %store/vec4 v000001391e5bb290_0, 0, 6;
    %pushi/vec4 4294967295, 4294967295, 32;
    %store/vec4 v000001391e5bbab0_0, 0, 32;
    %pushi/vec4 1, 0, 1;
    %store/vec4 v000001391e5b93c0_0, 0, 1;
    %delay 1000, 0;
    %load/vec4 v000001391e5ba570_0;
    %pad/u 32;
    %cmpi/e 0, 0, 32;
    %jmp/0xz  T_22.4, 4;
    %load/vec4 v000001391e5bbb50_0;
    %load/vec4 v000001391e5b9d20_0;
    %pad/u 5;
    %ix/vec4 4;
    %flag_mov 8, 4;
    %ix/load 5, 0, 0;
    %flag_set/imm 4, 0;
    %flag_or 4, 8;
    %store/vec4a v000001391e5b8ba0, 4, 5;
    %load/vec4 v000001391e5bbc90_0;
    %pad/u 4;
    %load/vec4 v000001391e5b9d20_0;
    %pad/u 5;
    %ix/vec4 4;
    %flag_mov 8, 4;
    %ix/load 5, 32, 0;
    %flag_set/imm 4, 0;
    %flag_or 4, 8;
    %store/vec4a v000001391e5b8ba0, 4, 5;
    %pushi/vec4 0, 0, 1;
    %load/vec4 v000001391e5b9d20_0;
    %pad/u 5;
    %ix/vec4 4;
    %flag_mov 8, 4;
    %ix/load 5, 36, 0;
    %flag_set/imm 4, 0;
    %flag_or 4, 8;
    %store/vec4a v000001391e5b8ba0, 4, 5;
    %pushi/vec4 1, 0, 1;
    %load/vec4 v000001391e5b9d20_0;
    %pad/u 5;
    %ix/vec4 4;
    %flag_mov 8, 4;
    %ix/load 5, 37, 0;
    %flag_set/imm 4, 0;
    %flag_or 4, 8;
    %store/vec4a v000001391e5b8ba0, 4, 5;
T_22.4 ;
    %jmp T_22.3;
T_22.2 ;
    %pushi/vec4 0, 0, 1;
    %store/vec4 v000001391e5bbdd0_0, 0, 1;
    %pushi/vec4 1, 0, 1;
    %store/vec4 v000001391e5ba610_0, 0, 1;
    %load/vec4 v000001391e5b9d20_0;
    %pad/u 5;
    %ix/vec4 4;
    %load/vec4a v000001391e5b8ba0, 4;
    %parti/s 3, 5, 4;
    %load/vec4 v000001391e5b9d20_0;
    %concat/vec4; draw_concat_vec4
    %store/vec4 v000001391e5bb290_0, 0, 6;
    %load/vec4 v000001391e5b9d20_0;
    %pad/u 5;
    %ix/vec4 4;
    %load/vec4a v000001391e5b8ba0, 4;
    %parti/s 32, 0, 2;
    %store/vec4 v000001391e5bbab0_0, 0, 32;
    %pushi/vec4 1, 0, 1;
    %store/vec4 v000001391e5b93c0_0, 0, 1;
    %load/vec4 v000001391e5ba570_0;
    %pad/u 32;
    %cmpi/e 0, 0, 32;
    %jmp/0xz  T_22.6, 4;
    %pushi/vec4 0, 0, 1;
    %load/vec4 v000001391e5b9d20_0;
    %pad/u 5;
    %ix/vec4 4;
    %flag_mov 8, 4;
    %ix/load 5, 36, 0;
    %flag_set/imm 4, 0;
    %flag_or 4, 8;
    %store/vec4a v000001391e5b8ba0, 4, 5;
    %pushi/vec4 1, 0, 1;
    %load/vec4 v000001391e5b9d20_0;
    %pad/u 5;
    %ix/vec4 4;
    %flag_mov 8, 4;
    %ix/load 5, 37, 0;
    %flag_set/imm 4, 0;
    %flag_or 4, 8;
    %store/vec4a v000001391e5b8ba0, 4, 5;
T_22.6 ;
    %jmp T_22.3;
T_22.3 ;
    %pop/vec4 1;
    %jmp T_22;
    .thread T_22, $push;
    .scope S_000001391e447f30;
T_23 ;
    %wait E_000001391e493f40;
    %load/vec4 v000001391e5bbd30_0;
    %flag_set/vec4 8;
    %jmp/0xz  T_23.0, 8;
    %pushi/vec4 0, 0, 3;
    %store/vec4 v000001391e5bb5b0_0, 0, 3;
    %pushi/vec4 0, 0, 32;
    %store/vec4 v000001391e5bb6f0_0, 0, 32;
T_23.2 ;
    %load/vec4 v000001391e5bb6f0_0;
    %cmpi/s 8, 0, 32;
    %jmp/0xz T_23.3, 5;
    %pushi/vec4 4294967295, 4294967295, 34;
    %concati/vec4 15, 15, 4;
    %ix/getv/s 4, v000001391e5bb6f0_0;
    %store/vec4a v000001391e5b8ba0, 4, 0;
    %load/vec4 v000001391e5bb6f0_0;
    %addi 1, 0, 32;
    %store/vec4 v000001391e5bb6f0_0, 0, 32;
    %jmp T_23.2;
T_23.3 ;
    %jmp T_23.1;
T_23.0 ;
    %load/vec4 v000001391e5bbbf0_0;
    %store/vec4 v000001391e5bb5b0_0, 0, 3;
T_23.1 ;
    %jmp T_23;
    .thread T_23;
    .scope S_000001391e4480c0;
T_24 ;
    %wait E_000001391e493fc0;
    %load/vec4 v000001391e5ba2f0_0;
    %flag_set/vec4 8;
    %jmp/1 T_24.2, 8;
    %load/vec4 v000001391e5bb830_0;
    %flag_set/vec4 9;
    %flag_or 8, 9;
T_24.2;
    %jmp/0 T_24.0, 8;
    %pushi/vec4 1, 0, 2;
    %jmp/1 T_24.1, 8;
T_24.0 ; End of true expr.
    %pushi/vec4 0, 0, 2;
    %jmp/0 T_24.1, 8;
 ; End of false expr.
    %blend;
T_24.1;
    %pad/s 1;
    %store/vec4 v000001391e5bad90_0, 0, 1;
    %load/vec4 v000001391e5ba2f0_0;
    %flag_set/vec4 9;
    %flag_get/vec4 9;
    %jmp/0 T_24.5, 9;
    %load/vec4 v000001391e5bb830_0;
    %nor/r;
    %and;
T_24.5;
    %flag_set/vec4 8;
    %jmp/0 T_24.3, 8;
    %pushi/vec4 1, 0, 2;
    %jmp/1 T_24.4, 8;
T_24.3 ; End of true expr.
    %pushi/vec4 0, 0, 2;
    %jmp/0 T_24.4, 8;
 ; End of false expr.
    %blend;
T_24.4;
    %pad/s 1;
    %store/vec4 v000001391e5bb8d0_0, 0, 1;
    %load/vec4 v000001391e5ba2f0_0;
    %nor/r;
    %flag_set/vec4 9;
    %flag_get/vec4 9;
    %jmp/0 T_24.8, 9;
    %load/vec4 v000001391e5bb830_0;
    %and;
T_24.8;
    %flag_set/vec4 8;
    %jmp/0 T_24.6, 8;
    %pushi/vec4 1, 0, 2;
    %jmp/1 T_24.7, 8;
T_24.6 ; End of true expr.
    %pushi/vec4 0, 0, 2;
    %jmp/0 T_24.7, 8;
 ; End of false expr.
    %blend;
T_24.7;
    %pad/s 1;
    %store/vec4 v000001391e5bb1f0_0, 0, 1;
    %jmp T_24;
    .thread T_24, $push;
    .scope S_000001391e4480c0;
T_25 ;
    %wait E_000001391e48fd80;
    %load/vec4 v000001391e5bb8d0_0;
    %flag_set/vec4 8;
    %jmp/0xz  T_25.0, 8;
    %load/vec4 v000001391e5ba890_0;
    %concati/vec4 0, 0, 2;
    %pad/u 10;
    %ix/vec4 4;
    %load/vec4a v000001391e5bab10, 4;
    %store/vec4 v000001391e5ba110_0, 0, 8;
    %pushi/vec4 40000, 0, 64;
    %ix/vec4 4;
    %delayx 4;
    %load/vec4 v000001391e5ba110_0;
    %ix/load 4, 0, 0;
    %flag_set/imm 4, 0;
    %store/vec4 v000001391e5ba390_0, 4, 8;
    %load/vec4 v000001391e5ba890_0;
    %concati/vec4 1, 0, 2;
    %pad/u 10;
    %ix/vec4 4;
    %load/vec4a v000001391e5bab10, 4;
    %store/vec4 v000001391e5baa70_0, 0, 8;
    %pushi/vec4 40000, 0, 64;
    %ix/vec4 4;
    %delayx 4;
    %load/vec4 v000001391e5baa70_0;
    %ix/load 4, 8, 0;
    %flag_set/imm 4, 0;
    %store/vec4 v000001391e5ba390_0, 4, 8;
    %load/vec4 v000001391e5ba890_0;
    %concati/vec4 2, 0, 2;
    %pad/u 10;
    %ix/vec4 4;
    %load/vec4a v000001391e5bab10, 4;
    %store/vec4 v000001391e5bae30_0, 0, 8;
    %pushi/vec4 40000, 0, 64;
    %ix/vec4 4;
    %delayx 4;
    %load/vec4 v000001391e5bae30_0;
    %ix/load 4, 16, 0;
    %flag_set/imm 4, 0;
    %store/vec4 v000001391e5ba390_0, 4, 8;
    %load/vec4 v000001391e5ba890_0;
    %concati/vec4 3, 0, 2;
    %pad/u 10;
    %ix/vec4 4;
    %load/vec4a v000001391e5bab10, 4;
    %store/vec4 v000001391e5ba1b0_0, 0, 8;
    %pushi/vec4 40000, 0, 64;
    %ix/vec4 4;
    %delayx 4;
    %load/vec4 v000001391e5ba1b0_0;
    %ix/load 4, 24, 0;
    %flag_set/imm 4, 0;
    %store/vec4 v000001391e5ba390_0, 4, 8;
    %pushi/vec4 0, 0, 1;
    %store/vec4 v000001391e5bad90_0, 0, 1;
    %pushi/vec4 0, 0, 1;
    %store/vec4 v000001391e5bb8d0_0, 0, 1;
T_25.0 ;
    %load/vec4 v000001391e5bb1f0_0;
    %flag_set/vec4 8;
    %jmp/0xz  T_25.2, 8;
    %load/vec4 v000001391e5bb010_0;
    %parti/s 8, 0, 2;
    %store/vec4 v000001391e5baed0_0, 0, 8;
    %pushi/vec4 40000, 0, 64;
    %ix/vec4 4;
    %delayx 4;
    %load/vec4 v000001391e5baed0_0;
    %load/vec4 v000001391e5ba890_0;
    %concati/vec4 0, 0, 2;
    %pad/u 10;
    %ix/vec4 4;
    %store/vec4a v000001391e5bab10, 4, 0;
    %load/vec4 v000001391e5bb010_0;
    %parti/s 8, 8, 5;
    %store/vec4 v000001391e5ba250_0, 0, 8;
    %pushi/vec4 40000, 0, 64;
    %ix/vec4 4;
    %delayx 4;
    %load/vec4 v000001391e5ba250_0;
    %load/vec4 v000001391e5ba890_0;
    %concati/vec4 1, 0, 2;
    %pad/u 10;
    %ix/vec4 4;
    %store/vec4a v000001391e5bab10, 4, 0;
    %load/vec4 v000001391e5bb010_0;
    %parti/s 8, 16, 6;
    %store/vec4 v000001391e5bb3d0_0, 0, 8;
    %pushi/vec4 40000, 0, 64;
    %ix/vec4 4;
    %delayx 4;
    %load/vec4 v000001391e5bb3d0_0;
    %load/vec4 v000001391e5ba890_0;
    %concati/vec4 2, 0, 2;
    %pad/u 10;
    %ix/vec4 4;
    %store/vec4a v000001391e5bab10, 4, 0;
    %load/vec4 v000001391e5bb010_0;
    %parti/s 8, 24, 6;
    %store/vec4 v000001391e5bacf0_0, 0, 8;
    %pushi/vec4 40000, 0, 64;
    %ix/vec4 4;
    %delayx 4;
    %load/vec4 v000001391e5bacf0_0;
    %load/vec4 v000001391e5ba890_0;
    %concati/vec4 3, 0, 2;
    %pad/u 10;
    %ix/vec4 4;
    %store/vec4a v000001391e5bab10, 4, 0;
    %pushi/vec4 0, 0, 1;
    %store/vec4 v000001391e5bad90_0, 0, 1;
    %pushi/vec4 0, 0, 1;
    %store/vec4 v000001391e5bb1f0_0, 0, 1;
T_25.2 ;
    %jmp T_25;
    .thread T_25;
    .scope S_000001391e4480c0;
T_26 ;
    %wait E_000001391e493340;
    %load/vec4 v000001391e5ba430_0;
    %flag_set/vec4 8;
    %jmp/0xz  T_26.0, 8;
    %pushi/vec4 0, 0, 32;
    %store/vec4 v000001391e5baf70_0, 0, 32;
T_26.2 ;
    %load/vec4 v000001391e5baf70_0;
    %cmpi/s 256, 0, 32;
    %jmp/0xz T_26.3, 5;
    %pushi/vec4 0, 0, 8;
    %ix/getv/s 4, v000001391e5baf70_0;
    %store/vec4a v000001391e5bab10, 4, 0;
    %load/vec4 v000001391e5baf70_0;
    %addi 1, 0, 32;
    %store/vec4 v000001391e5baf70_0, 0, 32;
    %jmp T_26.2;
T_26.3 ;
    %pushi/vec4 0, 0, 1;
    %store/vec4 v000001391e5bad90_0, 0, 1;
    %pushi/vec4 0, 0, 1;
    %store/vec4 v000001391e5bb8d0_0, 0, 1;
    %pushi/vec4 0, 0, 1;
    %store/vec4 v000001391e5bb1f0_0, 0, 1;
T_26.0 ;
    %jmp T_26;
    .thread T_26;
    .scope S_000001391e4b0d20;
T_27 ;
    %vpi_call 2 34 "$readmemb", "instr_mem.mem", v000001391e5bedb0 {0 0 0};
    %end;
    .thread T_27;
    .scope S_000001391e4b0d20;
T_28 ;
    %vpi_call 2 50 "$dumpfile", "cpu_wavedata.vcd" {0 0 0};
    %vpi_call 2 51 "$dumpvars", 32'sb00000000000000000000000000000000, S_000001391e4b0d20 {0 0 0};
    %pushi/vec4 0, 0, 32;
    %store/vec4 v000001391e5be9f0_0, 0, 32;
T_28.0 ;
    %load/vec4 v000001391e5be9f0_0;
    %cmpi/s 8, 0, 32;
    %jmp/0xz T_28.1, 5;
    %vpi_call 2 54 "$dumpvars", 32'sb00000000000000000000000000000001, &A<v000001391e5bd020, v000001391e5be9f0_0 > {0 0 0};
    %load/vec4 v000001391e5be9f0_0;
    %addi 1, 0, 32;
    %store/vec4 v000001391e5be9f0_0, 0, 32;
    %jmp T_28.0;
T_28.1 ;
    %pushi/vec4 0, 0, 32;
    %store/vec4 v000001391e5be9f0_0, 0, 32;
T_28.2 ;
    %load/vec4 v000001391e5be9f0_0;
    %cmpi/s 256, 0, 32;
    %jmp/0xz T_28.3, 5;
    %vpi_call 2 56 "$dumpvars", 32'sb00000000000000000000000000000001, &A<v000001391e5bab10, v000001391e5be9f0_0 > {0 0 0};
    ; show_stmt_assign_vector: Get l-value for compressed += operand
    %load/vec4 v000001391e5be9f0_0;
    %pushi/vec4 1, 0, 32;
    %add;
    %store/vec4 v000001391e5be9f0_0, 0, 32;
    %jmp T_28.2;
T_28.3 ;
    %pushi/vec4 0, 0, 32;
    %store/vec4 v000001391e5be9f0_0, 0, 32;
T_28.4 ;
    %load/vec4 v000001391e5be9f0_0;
    %cmpi/s 8, 0, 32;
    %jmp/0xz T_28.5, 5;
    %vpi_call 2 58 "$dumpvars", 32'sb00000000000000000000000000000001, &A<v000001391e5b8ba0, v000001391e5be9f0_0 > {0 0 0};
    ; show_stmt_assign_vector: Get l-value for compressed += operand
    %load/vec4 v000001391e5be9f0_0;
    %pushi/vec4 1, 0, 32;
    %add;
    %store/vec4 v000001391e5be9f0_0, 0, 32;
    %jmp T_28.4;
T_28.5 ;
    %pushi/vec4 0, 0, 1;
    %store/vec4 v000001391e5bd2a0_0, 0, 1;
    %pushi/vec4 0, 0, 1;
    %store/vec4 v000001391e5bdc00_0, 0, 1;
    %pushi/vec4 1, 0, 1;
    %store/vec4 v000001391e5bdc00_0, 0, 1;
    %delay 6000, 0;
    %pushi/vec4 0, 0, 1;
    %store/vec4 v000001391e5bdc00_0, 0, 1;
    %delay 900000, 0;
    %vpi_call 2 69 "$finish" {0 0 0};
    %end;
    .thread T_28;
    .scope S_000001391e4b0d20;
T_29 ;
    %delay 4000, 0;
    %load/vec4 v000001391e5bd2a0_0;
    %inv;
    %store/vec4 v000001391e5bd2a0_0, 0, 1;
    %jmp T_29;
    .thread T_29;
    .scope S_000001391e4b5090;
T_30 ;
    %wait E_000001391e493780;
    %load/vec4 v000001391e5bf490_0;
    %load/vec4 v000001391e5bf030_0;
    %add;
    %assign/vec4 v000001391e5bfcb0_0, 2000;
    %jmp T_30;
    .thread T_30, $push;
    .scope S_000001391e464a40;
T_31 ;
    %wait E_000001391e493e40;
    %load/vec4 v000001391e5bf8f0_0;
    %ix/load 4, 2, 0;
    %flag_set/imm 4, 0;
    %shiftl 4;
    %assign/vec4 v000001391e5bf990_0, 0;
    %jmp T_31;
    .thread T_31, $push;
    .scope S_000001391e464bd0;
T_32 ;
    %wait E_000001391e493f80;
    %load/vec4 v000001391e5be4f0_0;
    %parti/s 1, 7, 4;
    %cmpi/e 0, 0, 1;
    %jmp/0xz  T_32.0, 4;
    %pushi/vec4 0, 0, 24;
    %load/vec4 v000001391e5be4f0_0;
    %concat/vec4; draw_concat_vec4
    %assign/vec4 v000001391e5bed10_0, 0;
    %jmp T_32.1;
T_32.0 ;
    %load/vec4 v000001391e5be4f0_0;
    %cmpi/e 1, 0, 8;
    %jmp/0xz  T_32.2, 4;
    %pushi/vec4 1, 0, 24;
    %load/vec4 v000001391e5be4f0_0;
    %concat/vec4; draw_concat_vec4
    %store/vec4 v000001391e5bed10_0, 0, 32;
T_32.2 ;
T_32.1 ;
    %jmp T_32;
    .thread T_32, $push;
# The file index is used to find the file name in the following table.
:file_names 9;
    "N/A";
    "<interactive>";
    "cpu_tb.v";
    "./cpu.v";
    "./pcadder.v";
    "./alu.v";
    "./dcacheFSM_skeleton.v";
    "./dataMemory2.v";
    "./registerFile.v";
