#! /c/Source/iverilog-install/bin/vvp
:ivl_version "12.0 (devel)" "(s20150603-1539-g2693dd32b)";
:ivl_delay_selection "TYPICAL";
:vpi_time_precision - 12;
:vpi_module "C:\iverilog\lib\ivl\system.vpi";
:vpi_module "C:\iverilog\lib\ivl\vhdl_sys.vpi";
:vpi_module "C:\iverilog\lib\ivl\vhdl_textio.vpi";
:vpi_module "C:\iverilog\lib\ivl\v2005_math.vpi";
:vpi_module "C:\iverilog\lib\ivl\va_math.vpi";
S_00000214d01e2ad0 .scope module, "dcache" "dcache" 2 11;
 .timescale -9 -12;
    .port_info 0 /OUTPUT 1 "busywait";
    .port_info 1 /INPUT 1 "read";
    .port_info 2 /INPUT 1 "write";
    .port_info 3 /INPUT 8 "WRITEDATACPU";
    .port_info 4 /OUTPUT 8 "READDATACPU";
    .port_info 5 /INPUT 8 "ADDRESSCPU";
    .port_info 6 /INPUT 32 "pc";
    .port_info 7 /INPUT 1 "reset";
    .port_info 8 /INPUT 1 "clk";
    .port_info 9 /INPUT 1 "mem_busywait";
    .port_info 10 /OUTPUT 1 "mem_read";
    .port_info 11 /OUTPUT 1 "mem_write";
    .port_info 12 /OUTPUT 32 "mem_writedata";
    .port_info 13 /INPUT 32 "mem_readdata";
    .port_info 14 /OUTPUT 6 "mem_address";
P_00000214d01e2c60 .param/l "IDLE" 0 2 128, C4<000>;
P_00000214d01e2c98 .param/l "MEM_READ" 0 2 128, C4<001>;
P_00000214d01e2cd0 .param/l "WRITE_BACK" 0 2 128, C4<010>;
o00000214d022ffd8 .functor BUFZ 8, C4<zzzzzzzz>; HiZ drive
v00000214d020fba0_0 .net "ADDRESSCPU", 7 0, o00000214d022ffd8;  0 drivers
v00000214d020fec0_0 .var "READDATACPU", 7 0;
o00000214d0230038 .functor BUFZ 8, C4<zzzzzzzz>; HiZ drive
v00000214d02100a0_0 .net "WRITEDATACPU", 7 0, o00000214d0230038;  0 drivers
v00000214d020fd80_0 .net *"_ivl_10", 4 0, L_00000214d0283390;  1 drivers
L_00000214d02834b8 .functor BUFT 1, C4<00>, C4<0>, C4<0>, C4<0>;
v00000214d020fe20_0 .net *"_ivl_13", 1 0, L_00000214d02834b8;  1 drivers
v00000214d0210000_0 .net *"_ivl_8", 37 0, L_00000214d02832f0;  1 drivers
v00000214d020f9c0_0 .net "block_offset", 1 0, L_00000214d02820d0;  1 drivers
v00000214d020fa60_0 .var "busywait", 0 0;
v00000214d02819f0 .array "cache_array", 0 7, 37 0;
o00000214d02302d8 .functor BUFZ 1, C4<z>; HiZ drive
v00000214d0282530_0 .net "clk", 0 0, o00000214d02302d8;  0 drivers
v00000214d0282710_0 .var "datarow", 37 0;
v00000214d02828f0_0 .var "dirty", 0 0;
v00000214d02814f0_0 .var "hit", 0 0;
v00000214d0282d50_0 .net "index", 2 0, L_00000214d0282990;  1 drivers
v00000214d02825d0_0 .var "istag", 2 0;
v00000214d0282350_0 .var/i "j", 31 0;
v00000214d0283110_0 .var "mem_address", 5 0;
o00000214d0230458 .functor BUFZ 1, C4<z>; HiZ drive
v00000214d0281bd0_0 .net "mem_busywait", 0 0, o00000214d0230458;  0 drivers
v00000214d02827b0_0 .var "mem_read", 0 0;
o00000214d02304b8 .functor BUFZ 32, C4<zzzzzzzzzzzzzzzzzzzzzzzzzzzzzzzz>; HiZ drive
v00000214d02823f0_0 .net "mem_readdata", 31 0, o00000214d02304b8;  0 drivers
v00000214d0282cb0_0 .var "mem_write", 0 0;
v00000214d02831b0_0 .var "mem_writedata", 31 0;
v00000214d0283250_0 .var "next_state", 2 0;
o00000214d0230578 .functor BUFZ 32, C4<zzzzzzzzzzzzzzzzzzzzzzzzzzzzzzzz>; HiZ drive
v00000214d0282490_0 .net "pc", 31 0, o00000214d0230578;  0 drivers
o00000214d02305a8 .functor BUFZ 1, C4<z>; HiZ drive
v00000214d0281630_0 .net "read", 0 0, o00000214d02305a8;  0 drivers
o00000214d02305d8 .functor BUFZ 1, C4<z>; HiZ drive
v00000214d0282170_0 .net "reset", 0 0, o00000214d02305d8;  0 drivers
v00000214d0281590_0 .var "state", 2 0;
v00000214d0282670_0 .net "tag", 7 5, L_00000214d0282a30;  1 drivers
v00000214d0281ef0_0 .var "tempData", 31 0;
v00000214d0282850_0 .var "valid", 0 0;
o00000214d02306c8 .functor BUFZ 1, C4<z>; HiZ drive
v00000214d0283070_0 .net "write", 0 0, o00000214d02306c8;  0 drivers
E_00000214d02128f0/0 .event anyedge, v00000214d0282170_0;
E_00000214d02128f0/1 .event posedge, v00000214d0282530_0;
E_00000214d02128f0 .event/or E_00000214d02128f0/0, E_00000214d02128f0/1;
E_00000214d0212970/0 .event anyedge, v00000214d0281590_0, v00000214d0282670_0, v00000214d0282d50_0, v00000214d0281bd0_0;
v00000214d02819f0_0 .array/port v00000214d02819f0, 0;
v00000214d02819f0_1 .array/port v00000214d02819f0, 1;
v00000214d02819f0_2 .array/port v00000214d02819f0, 2;
E_00000214d0212970/1 .event anyedge, v00000214d02823f0_0, v00000214d02819f0_0, v00000214d02819f0_1, v00000214d02819f0_2;
v00000214d02819f0_3 .array/port v00000214d02819f0, 3;
v00000214d02819f0_4 .array/port v00000214d02819f0, 4;
v00000214d02819f0_5 .array/port v00000214d02819f0, 5;
v00000214d02819f0_6 .array/port v00000214d02819f0, 6;
E_00000214d0212970/2 .event anyedge, v00000214d02819f0_3, v00000214d02819f0_4, v00000214d02819f0_5, v00000214d02819f0_6;
v00000214d02819f0_7 .array/port v00000214d02819f0, 7;
E_00000214d0212970/3 .event anyedge, v00000214d02819f0_7;
E_00000214d0212970 .event/or E_00000214d0212970/0, E_00000214d0212970/1, E_00000214d0212970/2, E_00000214d0212970/3;
E_00000214d02125b0/0 .event anyedge, v00000214d0281590_0, v00000214d0281630_0, v00000214d0283070_0, v00000214d02828f0_0;
E_00000214d02125b0/1 .event anyedge, v00000214d02814f0_0, v00000214d0281bd0_0;
E_00000214d02125b0 .event/or E_00000214d02125b0/0, E_00000214d02125b0/1;
E_00000214d02122f0/0 .event anyedge, v00000214d0283070_0, v00000214d0281630_0;
E_00000214d02122f0/1 .event posedge, v00000214d02814f0_0;
E_00000214d02122f0 .event/or E_00000214d02122f0/0, E_00000214d02122f0/1;
E_00000214d0212470 .event anyedge, v00000214d0281630_0, v00000214d0283070_0;
E_00000214d0211db0 .event posedge, v00000214d0282530_0;
E_00000214d0212bf0/0 .event anyedge, v00000214d02814f0_0, v00000214d0281630_0, v00000214d0283070_0, v00000214d020f9c0_0;
E_00000214d0212bf0/1 .event anyedge, v00000214d0281ef0_0;
E_00000214d0212bf0 .event/or E_00000214d0212bf0/0, E_00000214d0212bf0/1;
E_00000214d0212570 .event anyedge, v00000214d0281630_0, v00000214d0282710_0;
E_00000214d0212130 .event anyedge, v00000214d0282710_0, v00000214d0282670_0, v00000214d0282850_0;
E_00000214d0211eb0/0 .event anyedge, L_00000214d02832f0;
E_00000214d0211eb0/1 .event posedge, v00000214d020fba0_0;
E_00000214d0211eb0 .event/or E_00000214d0211eb0/0, E_00000214d0211eb0/1;
L_00000214d0282990 .part o00000214d022ffd8, 2, 3;
L_00000214d02820d0 .part o00000214d022ffd8, 0, 2;
L_00000214d0282a30 .part o00000214d022ffd8, 5, 3;
L_00000214d02832f0 .array/port v00000214d02819f0, L_00000214d0283390;
L_00000214d0283390 .concat [ 3 2 0 0], L_00000214d0282990, L_00000214d02834b8;
    .scope S_00000214d01e2ad0;
T_0 ;
    %wait E_00000214d0211eb0;
    %delay 1000, 0;
    %load/vec4 v00000214d0282d50_0;
    %pad/u 5;
    %ix/vec4 4;
    %load/vec4a v00000214d02819f0, 4;
    %store/vec4 v00000214d0282710_0, 0, 38;
    %load/vec4 v00000214d0282710_0;
    %parti/s 1, 37, 7;
    %store/vec4 v00000214d0282850_0, 0, 1;
    %load/vec4 v00000214d0282710_0;
    %parti/s 1, 36, 7;
    %store/vec4 v00000214d02828f0_0, 0, 1;
    %jmp T_0;
    .thread T_0;
    .scope S_00000214d01e2ad0;
T_1 ;
    %wait E_00000214d0212130;
    %load/vec4 v00000214d0282710_0;
    %parti/s 4, 32, 7;
    %load/vec4 v00000214d0282670_0;
    %pad/u 4;
    %cmp/e;
    %flag_get/vec4 4;
    %jmp/0 T_1.0, 4;
    %load/vec4 v00000214d0282850_0;
    %and;
T_1.0;
    %assign/vec4 v00000214d02814f0_0, 900;
    %load/vec4 v00000214d0282710_0;
    %parti/s 4, 32, 7;
    %pad/u 3;
    %assign/vec4 v00000214d02825d0_0, 0;
    %jmp T_1;
    .thread T_1, $push;
    .scope S_00000214d01e2ad0;
T_2 ;
    %wait E_00000214d0212570;
    %load/vec4 v00000214d0281630_0;
    %flag_set/vec4 8;
    %jmp/0xz  T_2.0, 8;
    %load/vec4 v00000214d0282710_0;
    %parti/s 32, 0, 2;
    %assign/vec4 v00000214d0281ef0_0, 1000;
T_2.0 ;
    %jmp T_2;
    .thread T_2, $push;
    .scope S_00000214d01e2ad0;
T_3 ;
    %wait E_00000214d0212bf0;
    %load/vec4 v00000214d02814f0_0;
    %flag_set/vec4 10;
    %flag_get/vec4 10;
    %jmp/0 T_3.3, 10;
    %load/vec4 v00000214d0281630_0;
    %and;
T_3.3;
    %flag_set/vec4 9;
    %flag_get/vec4 9;
    %jmp/0 T_3.2, 9;
    %load/vec4 v00000214d0283070_0;
    %nor/r;
    %and;
T_3.2;
    %flag_set/vec4 8;
    %jmp/0xz  T_3.0, 8;
    %load/vec4 v00000214d020f9c0_0;
    %dup/vec4;
    %pushi/vec4 0, 0, 2;
    %cmp/u;
    %jmp/1 T_3.4, 6;
    %dup/vec4;
    %pushi/vec4 1, 0, 2;
    %cmp/u;
    %jmp/1 T_3.5, 6;
    %dup/vec4;
    %pushi/vec4 2, 0, 2;
    %cmp/u;
    %jmp/1 T_3.6, 6;
    %dup/vec4;
    %pushi/vec4 3, 0, 2;
    %cmp/u;
    %jmp/1 T_3.7, 6;
    %jmp T_3.8;
T_3.4 ;
    %load/vec4 v00000214d0281ef0_0;
    %parti/s 8, 0, 2;
    %assign/vec4 v00000214d020fec0_0, 0;
    %jmp T_3.8;
T_3.5 ;
    %load/vec4 v00000214d0281ef0_0;
    %parti/s 8, 8, 5;
    %assign/vec4 v00000214d020fec0_0, 0;
    %jmp T_3.8;
T_3.6 ;
    %load/vec4 v00000214d0281ef0_0;
    %parti/s 8, 16, 6;
    %assign/vec4 v00000214d020fec0_0, 0;
    %jmp T_3.8;
T_3.7 ;
    %load/vec4 v00000214d0281ef0_0;
    %parti/s 8, 24, 6;
    %assign/vec4 v00000214d020fec0_0, 0;
    %jmp T_3.8;
T_3.8 ;
    %pop/vec4 1;
T_3.0 ;
    %jmp T_3;
    .thread T_3, $push;
    .scope S_00000214d01e2ad0;
T_4 ;
    %wait E_00000214d0211db0;
    %load/vec4 v00000214d02814f0_0;
    %flag_set/vec4 10;
    %flag_get/vec4 10;
    %jmp/0 T_4.3, 10;
    %load/vec4 v00000214d0283070_0;
    %and;
T_4.3;
    %flag_set/vec4 9;
    %flag_get/vec4 9;
    %jmp/0 T_4.2, 9;
    %load/vec4 v00000214d0281630_0;
    %nor/r;
    %and;
T_4.2;
    %flag_set/vec4 8;
    %jmp/0xz  T_4.0, 8;
    %delay 1000, 0;
    %load/vec4 v00000214d020f9c0_0;
    %dup/vec4;
    %pushi/vec4 0, 0, 2;
    %cmp/u;
    %jmp/1 T_4.4, 6;
    %dup/vec4;
    %pushi/vec4 1, 0, 2;
    %cmp/u;
    %jmp/1 T_4.5, 6;
    %dup/vec4;
    %pushi/vec4 2, 0, 2;
    %cmp/u;
    %jmp/1 T_4.6, 6;
    %dup/vec4;
    %pushi/vec4 3, 0, 2;
    %cmp/u;
    %jmp/1 T_4.7, 6;
    %jmp T_4.8;
T_4.4 ;
    %load/vec4 v00000214d02100a0_0;
    %load/vec4 v00000214d0282d50_0;
    %pad/u 5;
    %ix/vec4 3;
    %ix/load 4, 0, 0; Constant delay
    %assign/vec4/a/d v00000214d02819f0, 0, 4;
    %jmp T_4.8;
T_4.5 ;
    %load/vec4 v00000214d02100a0_0;
    %load/vec4 v00000214d0282d50_0;
    %pad/u 5;
    %ix/vec4 3;
    %ix/load 4, 8, 0; part off
    %ix/load 5, 0, 0; Constant delay
    %assign/vec4/a/d v00000214d02819f0, 4, 5;
    %jmp T_4.8;
T_4.6 ;
    %load/vec4 v00000214d02100a0_0;
    %load/vec4 v00000214d0282d50_0;
    %pad/u 5;
    %ix/vec4 3;
    %ix/load 4, 16, 0; part off
    %ix/load 5, 0, 0; Constant delay
    %assign/vec4/a/d v00000214d02819f0, 4, 5;
    %jmp T_4.8;
T_4.7 ;
    %load/vec4 v00000214d02100a0_0;
    %load/vec4 v00000214d0282d50_0;
    %pad/u 5;
    %ix/vec4 3;
    %ix/load 4, 24, 0; part off
    %ix/load 5, 0, 0; Constant delay
    %assign/vec4/a/d v00000214d02819f0, 4, 5;
    %jmp T_4.8;
T_4.8 ;
    %pop/vec4 1;
    %pushi/vec4 1, 0, 1;
    %load/vec4 v00000214d0282d50_0;
    %pad/u 5;
    %ix/vec4 4;
    %flag_mov 8, 4;
    %ix/load 5, 36, 0;
    %flag_set/imm 4, 0;
    %flag_or 4, 8;
    %store/vec4a v00000214d02819f0, 4, 5;
T_4.0 ;
    %jmp T_4;
    .thread T_4;
    .scope S_00000214d01e2ad0;
T_5 ;
    %wait E_00000214d0212470;
    %load/vec4 v00000214d0281630_0;
    %flag_set/vec4 8;
    %jmp/1 T_5.2, 8;
    %load/vec4 v00000214d0283070_0;
    %flag_set/vec4 9;
    %flag_or 8, 9;
T_5.2;
    %jmp/0xz  T_5.0, 8;
    %pushi/vec4 1, 0, 1;
    %assign/vec4 v00000214d020fa60_0, 0;
    %jmp T_5.1;
T_5.0 ;
    %pushi/vec4 0, 0, 1;
    %assign/vec4 v00000214d020fa60_0, 0;
T_5.1 ;
    %jmp T_5;
    .thread T_5, $push;
    .scope S_00000214d01e2ad0;
T_6 ;
    %wait E_00000214d02122f0;
    %load/vec4 v00000214d02814f0_0;
    %flag_set/vec4 9;
    %flag_get/vec4 9;
    %jmp/0 T_6.2, 9;
    %load/vec4 v00000214d0281630_0;
    %flag_set/vec4 10;
    %jmp/1 T_6.5, 10;
    %load/vec4 v00000214d0283070_0;
    %flag_set/vec4 11;
    %flag_or 10, 11;
T_6.5;
    %flag_get/vec4 10;
    %jmp/0 T_6.4, 10;
    %load/vec4 v00000214d02828f0_0;
    %and;
T_6.4;
    %flag_set/vec4 9;
    %flag_get/vec4 9;
    %jmp/0 T_6.3, 9;
    %load/vec4 v00000214d02814f0_0;
    %nor/r;
    %and;
T_6.3;
    %and;
T_6.2;
    %flag_set/vec4 8;
    %jmp/0xz  T_6.0, 8;
    %load/vec4 v00000214d0281630_0;
    %flag_set/vec4 9;
    %flag_get/vec4 9;
    %jmp/0 T_6.8, 9;
    %load/vec4 v00000214d0283070_0;
    %nor/r;
    %and;
T_6.8;
    %flag_set/vec4 8;
    %jmp/0xz  T_6.6, 8;
    %delay 1000, 0;
    %pushi/vec4 0, 0, 1;
    %store/vec4 v00000214d020fa60_0, 0, 1;
    %jmp T_6.7;
T_6.6 ;
    %load/vec4 v00000214d0283070_0;
    %flag_set/vec4 9;
    %flag_get/vec4 9;
    %jmp/0 T_6.11, 9;
    %load/vec4 v00000214d0281630_0;
    %nor/r;
    %and;
T_6.11;
    %flag_set/vec4 8;
    %jmp/0xz  T_6.9, 8;
    %delay 1000, 0;
    %pushi/vec4 0, 0, 1;
    %store/vec4 v00000214d020fa60_0, 0, 1;
T_6.9 ;
T_6.7 ;
T_6.0 ;
    %jmp T_6;
    .thread T_6;
    .scope S_00000214d01e2ad0;
T_7 ;
    %wait E_00000214d02125b0;
    %load/vec4 v00000214d0281590_0;
    %dup/vec4;
    %pushi/vec4 0, 0, 3;
    %cmp/u;
    %jmp/1 T_7.0, 6;
    %dup/vec4;
    %pushi/vec4 1, 0, 3;
    %cmp/u;
    %jmp/1 T_7.1, 6;
    %dup/vec4;
    %pushi/vec4 2, 0, 3;
    %cmp/u;
    %jmp/1 T_7.2, 6;
    %jmp T_7.3;
T_7.0 ;
    %load/vec4 v00000214d0281630_0;
    %flag_set/vec4 10;
    %jmp/1 T_7.8, 10;
    %load/vec4 v00000214d0283070_0;
    %flag_set/vec4 11;
    %flag_or 10, 11;
T_7.8;
    %flag_get/vec4 10;
    %jmp/0 T_7.7, 10;
    %load/vec4 v00000214d02828f0_0;
    %nor/r;
    %and;
T_7.7;
    %flag_set/vec4 9;
    %flag_get/vec4 9;
    %jmp/0 T_7.6, 9;
    %load/vec4 v00000214d02814f0_0;
    %nor/r;
    %and;
T_7.6;
    %flag_set/vec4 8;
    %jmp/0xz  T_7.4, 8;
    %pushi/vec4 1, 0, 3;
    %store/vec4 v00000214d0283250_0, 0, 3;
    %jmp T_7.5;
T_7.4 ;
    %load/vec4 v00000214d0281630_0;
    %flag_set/vec4 10;
    %jmp/1 T_7.13, 10;
    %load/vec4 v00000214d0283070_0;
    %flag_set/vec4 11;
    %flag_or 10, 11;
T_7.13;
    %flag_get/vec4 10;
    %jmp/0 T_7.12, 10;
    %load/vec4 v00000214d02828f0_0;
    %and;
T_7.12;
    %flag_set/vec4 9;
    %flag_get/vec4 9;
    %jmp/0 T_7.11, 9;
    %load/vec4 v00000214d02814f0_0;
    %nor/r;
    %and;
T_7.11;
    %flag_set/vec4 8;
    %jmp/0xz  T_7.9, 8;
    %pushi/vec4 2, 0, 3;
    %store/vec4 v00000214d0283250_0, 0, 3;
    %jmp T_7.10;
T_7.9 ;
    %pushi/vec4 0, 0, 3;
    %store/vec4 v00000214d0283250_0, 0, 3;
T_7.10 ;
T_7.5 ;
    %jmp T_7.3;
T_7.1 ;
    %load/vec4 v00000214d0281bd0_0;
    %nor/r;
    %flag_set/vec4 8;
    %jmp/0xz  T_7.14, 8;
    %pushi/vec4 0, 0, 3;
    %store/vec4 v00000214d0283250_0, 0, 3;
    %jmp T_7.15;
T_7.14 ;
    %pushi/vec4 1, 0, 3;
    %store/vec4 v00000214d0283250_0, 0, 3;
T_7.15 ;
    %jmp T_7.3;
T_7.2 ;
    %load/vec4 v00000214d0281bd0_0;
    %nor/r;
    %flag_set/vec4 8;
    %jmp/0xz  T_7.16, 8;
    %pushi/vec4 1, 0, 3;
    %store/vec4 v00000214d0283250_0, 0, 3;
    %jmp T_7.17;
T_7.16 ;
    %pushi/vec4 2, 0, 3;
    %store/vec4 v00000214d0283250_0, 0, 3;
T_7.17 ;
    %jmp T_7.3;
T_7.3 ;
    %pop/vec4 1;
    %jmp T_7;
    .thread T_7, $push;
    .scope S_00000214d01e2ad0;
T_8 ;
    %wait E_00000214d0212970;
    %load/vec4 v00000214d0281590_0;
    %dup/vec4;
    %pushi/vec4 0, 0, 3;
    %cmp/u;
    %jmp/1 T_8.0, 6;
    %dup/vec4;
    %pushi/vec4 1, 0, 3;
    %cmp/u;
    %jmp/1 T_8.1, 6;
    %dup/vec4;
    %pushi/vec4 2, 0, 3;
    %cmp/u;
    %jmp/1 T_8.2, 6;
    %jmp T_8.3;
T_8.0 ;
    %pushi/vec4 0, 0, 1;
    %store/vec4 v00000214d02827b0_0, 0, 1;
    %pushi/vec4 0, 0, 1;
    %store/vec4 v00000214d0282cb0_0, 0, 1;
    %pushi/vec4 63, 63, 6;
    %store/vec4 v00000214d0283110_0, 0, 6;
    %pushi/vec4 255, 255, 32;
    %store/vec4 v00000214d02831b0_0, 0, 32;
    %pushi/vec4 0, 0, 1;
    %store/vec4 v00000214d020fa60_0, 0, 1;
    %jmp T_8.3;
T_8.1 ;
    %pushi/vec4 1, 0, 1;
    %store/vec4 v00000214d02827b0_0, 0, 1;
    %pushi/vec4 0, 0, 1;
    %store/vec4 v00000214d0282cb0_0, 0, 1;
    %load/vec4 v00000214d0282670_0;
    %load/vec4 v00000214d0282d50_0;
    %concat/vec4; draw_concat_vec4
    %store/vec4 v00000214d0283110_0, 0, 6;
    %pushi/vec4 4294967295, 4294967295, 32;
    %store/vec4 v00000214d02831b0_0, 0, 32;
    %pushi/vec4 1, 0, 1;
    %store/vec4 v00000214d020fa60_0, 0, 1;
    %delay 1000, 0;
    %load/vec4 v00000214d0281bd0_0;
    %pad/u 32;
    %cmpi/e 0, 0, 32;
    %jmp/0xz  T_8.4, 4;
    %load/vec4 v00000214d02823f0_0;
    %load/vec4 v00000214d0282d50_0;
    %pad/u 5;
    %ix/vec4 4;
    %flag_mov 8, 4;
    %ix/load 5, 0, 0;
    %flag_set/imm 4, 0;
    %flag_or 4, 8;
    %store/vec4a v00000214d02819f0, 4, 5;
    %load/vec4 v00000214d0282670_0;
    %pad/u 4;
    %load/vec4 v00000214d0282d50_0;
    %pad/u 5;
    %ix/vec4 4;
    %flag_mov 8, 4;
    %ix/load 5, 32, 0;
    %flag_set/imm 4, 0;
    %flag_or 4, 8;
    %store/vec4a v00000214d02819f0, 4, 5;
    %pushi/vec4 0, 0, 1;
    %load/vec4 v00000214d0282d50_0;
    %pad/u 5;
    %ix/vec4 4;
    %flag_mov 8, 4;
    %ix/load 5, 36, 0;
    %flag_set/imm 4, 0;
    %flag_or 4, 8;
    %store/vec4a v00000214d02819f0, 4, 5;
    %pushi/vec4 1, 0, 1;
    %load/vec4 v00000214d0282d50_0;
    %pad/u 5;
    %ix/vec4 4;
    %flag_mov 8, 4;
    %ix/load 5, 37, 0;
    %flag_set/imm 4, 0;
    %flag_or 4, 8;
    %store/vec4a v00000214d02819f0, 4, 5;
T_8.4 ;
    %jmp T_8.3;
T_8.2 ;
    %pushi/vec4 0, 0, 1;
    %store/vec4 v00000214d02827b0_0, 0, 1;
    %pushi/vec4 1, 0, 1;
    %store/vec4 v00000214d0282cb0_0, 0, 1;
    %load/vec4 v00000214d0282d50_0;
    %pad/u 5;
    %ix/vec4 4;
    %load/vec4a v00000214d02819f0, 4;
    %parti/s 3, 5, 4;
    %load/vec4 v00000214d0282d50_0;
    %concat/vec4; draw_concat_vec4
    %store/vec4 v00000214d0283110_0, 0, 6;
    %load/vec4 v00000214d0282d50_0;
    %pad/u 5;
    %ix/vec4 4;
    %load/vec4a v00000214d02819f0, 4;
    %parti/s 32, 0, 2;
    %store/vec4 v00000214d02831b0_0, 0, 32;
    %pushi/vec4 1, 0, 1;
    %store/vec4 v00000214d020fa60_0, 0, 1;
    %load/vec4 v00000214d0281bd0_0;
    %pad/u 32;
    %cmpi/e 0, 0, 32;
    %jmp/0xz  T_8.6, 4;
    %pushi/vec4 0, 0, 1;
    %load/vec4 v00000214d0282d50_0;
    %pad/u 5;
    %ix/vec4 4;
    %flag_mov 8, 4;
    %ix/load 5, 36, 0;
    %flag_set/imm 4, 0;
    %flag_or 4, 8;
    %store/vec4a v00000214d02819f0, 4, 5;
    %pushi/vec4 1, 0, 1;
    %load/vec4 v00000214d0282d50_0;
    %pad/u 5;
    %ix/vec4 4;
    %flag_mov 8, 4;
    %ix/load 5, 37, 0;
    %flag_set/imm 4, 0;
    %flag_or 4, 8;
    %store/vec4a v00000214d02819f0, 4, 5;
T_8.6 ;
    %jmp T_8.3;
T_8.3 ;
    %pop/vec4 1;
    %jmp T_8;
    .thread T_8, $push;
    .scope S_00000214d01e2ad0;
T_9 ;
    %wait E_00000214d02128f0;
    %load/vec4 v00000214d0282170_0;
    %flag_set/vec4 8;
    %jmp/0xz  T_9.0, 8;
    %pushi/vec4 0, 0, 3;
    %store/vec4 v00000214d0281590_0, 0, 3;
    %pushi/vec4 0, 0, 32;
    %store/vec4 v00000214d0282350_0, 0, 32;
T_9.2 ;
    %load/vec4 v00000214d0282350_0;
    %cmpi/s 8, 0, 32;
    %jmp/0xz T_9.3, 5;
    %pushi/vec4 4294967295, 4294967295, 34;
    %concati/vec4 15, 15, 4;
    %ix/getv/s 4, v00000214d0282350_0;
    %store/vec4a v00000214d02819f0, 4, 0;
    %load/vec4 v00000214d0282350_0;
    %addi 1, 0, 32;
    %store/vec4 v00000214d0282350_0, 0, 32;
    %jmp T_9.2;
T_9.3 ;
    %jmp T_9.1;
T_9.0 ;
    %load/vec4 v00000214d0283250_0;
    %store/vec4 v00000214d0281590_0, 0, 3;
T_9.1 ;
    %jmp T_9;
    .thread T_9;
# The file index is used to find the file name in the following table.
:file_names 3;
    "N/A";
    "<interactive>";
    "dcacheFSM_skeleton.v";
